-- The C compiler identification is GNU 11.4.0
-- The CXX compiler identification is GNU 11.4.0
-- Detecting C compiler ABI info
-- Detecting C compiler ABI info - done
-- Check for working C compiler: /usr/bin/cc - skipped
-- Detecting C compile features
-- Detecting C compile features - done
-- Detecting CXX compiler ABI info
-- Detecting CXX compiler ABI info - done
-- Check for working CXX compiler: /usr/bin/c++ - skipped
-- Detecting CXX compile features
-- Detecting CXX compile features - done
-- Found ament_cmake: 1.3.10 (/opt/ros/humble/share/ament_cmake/cmake)
-- Found Python3: /usr/bin/python3 (found version "3.10.12") found components: Interpreter 
-- Found ament_lint_auto: 0.12.11 (/opt/ros/humble/share/ament_lint_auto/cmake)
-- Added test 'lint_cmake' to check CMake code style
-- Added test 'xmllint' to check XML markup files
-- Configuring done
-- Generating done
-- Build files have been written to: /home/kirill/Desktop/robotics/lab3/ex02/action_turtle/src/build/actions_help
-- Install configuration: ""
-- Installing: /home/kirill/Desktop/robotics/lab3/ex02/action_turtle/src/install/actions_help/share/ament_index/resource_index/package_run_dependencies/actions_help
-- Installing: /home/kirill/Desktop/robotics/lab3/ex02/action_turtle/src/install/actions_help/share/ament_index/resource_index/parent_prefix_path/actions_help
-- Installing: /home/kirill/Desktop/robotics/lab3/ex02/action_turtle/src/install/actions_help/share/actions_help/environment/ament_prefix_path.sh
-- Installing: /home/kirill/Desktop/robotics/lab3/ex02/action_turtle/src/install/actions_help/share/actions_help/environment/ament_prefix_path.dsv
-- Installing: /home/kirill/Desktop/robotics/lab3/ex02/action_turtle/src/install/actions_help/share/actions_help/environment/path.sh
-- Installing: /home/kirill/Desktop/robotics/lab3/ex02/action_turtle/src/install/actions_help/share/actions_help/environment/path.dsv
-- Installing: /home/kirill/Desktop/robotics/lab3/ex02/action_turtle/src/install/actions_help/share/actions_help/local_setup.bash
-- Installing: /home/kirill/Desktop/robotics/lab3/ex02/action_turtle/src/install/actions_help/share/actions_help/local_setup.sh
-- Installing: /home/kirill/Desktop/robotics/lab3/ex02/action_turtle/src/install/actions_help/share/actions_help/local_setup.zsh
-- Installing: /home/kirill/Desktop/robotics/lab3/ex02/action_turtle/src/install/actions_help/share/actions_help/local_setup.dsv
-- Installing: /home/kirill/Desktop/robotics/lab3/ex02/action_turtle/src/install/actions_help/share/actions_help/package.dsv
-- Installing: /home/kirill/Desktop/robotics/lab3/ex02/action_turtle/src/install/actions_help/share/ament_index/resource_index/packages/actions_help
-- Installing: /home/kirill/Desktop/robotics/lab3/ex02/action_turtle/src/install/actions_help/share/actions_help/cmake/actions_helpConfig.cmake
-- Installing: /home/kirill/Desktop/robotics/lab3/ex02/action_turtle/src/install/actions_help/share/actions_help/cmake/actions_helpConfig-version.cmake
-- Installing: /home/kirill/Desktop/robotics/lab3/ex02/action_turtle/src/install/actions_help/share/actions_help/package.xml
