running egg_info
creating ../build/lubluxodit/lubluxodit.egg-info
writing ../build/lubluxodit/lubluxodit.egg-info/PKG-INFO
writing dependency_links to ../build/lubluxodit/lubluxodit.egg-info/dependency_links.txt
writing entry points to ../build/lubluxodit/lubluxodit.egg-info/entry_points.txt
writing requirements to ../build/lubluxodit/lubluxodit.egg-info/requires.txt
writing top-level names to ../build/lubluxodit/lubluxodit.egg-info/top_level.txt
writing manifest file '../build/lubluxodit/lubluxodit.egg-info/SOURCES.txt'
reading manifest file '../build/lubluxodit/lubluxodit.egg-info/SOURCES.txt'
writing manifest file '../build/lubluxodit/lubluxodit.egg-info/SOURCES.txt'
running build
running build_py
creating /home/kirill/Desktop/robotics/lab5/ex03/build/lubluxodit/build
creating /home/kirill/Desktop/robotics/lab5/ex03/build/lubluxodit/build/lib
creating /home/kirill/Desktop/robotics/lab5/ex03/build/lubluxodit/build/lib/lubluxodit
copying lubluxodit/__init__.py -> /home/kirill/Desktop/robotics/lab5/ex03/build/lubluxodit/build/lib/lubluxodit
running install
running install_lib
creating /home/kirill/Desktop/robotics/lab5/ex03/install/lubluxodit/lib/python3.10/site-packages/lubluxodit
copying /home/kirill/Desktop/robotics/lab5/ex03/build/lubluxodit/build/lib/lubluxodit/__init__.py -> /home/kirill/Desktop/robotics/lab5/ex03/install/lubluxodit/lib/python3.10/site-packages/lubluxodit
byte-compiling /home/kirill/Desktop/robotics/lab5/ex03/install/lubluxodit/lib/python3.10/site-packages/lubluxodit/__init__.py to __init__.cpython-310.pyc
running install_data
creating /home/kirill/Desktop/robotics/lab5/ex03/install/lubluxodit/share/ament_index
creating /home/kirill/Desktop/robotics/lab5/ex03/install/lubluxodit/share/ament_index/resource_index
creating /home/kirill/Desktop/robotics/lab5/ex03/install/lubluxodit/share/ament_index/resource_index/packages
copying resource/lubluxodit -> /home/kirill/Desktop/robotics/lab5/ex03/install/lubluxodit/share/ament_index/resource_index/packages
copying package.xml -> /home/kirill/Desktop/robotics/lab5/ex03/install/lubluxodit/share/lubluxodit
creating /home/kirill/Desktop/robotics/lab5/ex03/install/lubluxodit/share/lubluxodit/launch
copying launch/launch.py -> /home/kirill/Desktop/robotics/lab5/ex03/install/lubluxodit/share/lubluxodit/launch
creating /home/kirill/Desktop/robotics/lab5/ex03/install/lubluxodit/share/lubluxodit/description
creating /home/kirill/Desktop/robotics/lab5/ex03/install/lubluxodit/share/lubluxodit/config
copying config/robot_bridge.yaml -> /home/kirill/Desktop/robotics/lab5/ex03/install/lubluxodit/share/lubluxodit/config
running install_egg_info
Copying ../build/lubluxodit/lubluxodit.egg-info to /home/kirill/Desktop/robotics/lab5/ex03/install/lubluxodit/lib/python3.10/site-packages/lubluxodit-0.0.0-py3.10.egg-info
running install_scripts
writing list of installed files to '/home/kirill/Desktop/robotics/lab5/ex03/build/lubluxodit/install.log'
