[1.912s] Invoking command in '/home/kirill/Desktop/robotics/lab5/ex03/lubluxodit': PYTHONPATH=/home/kirill/Desktop/robotics/lab5/ex03/build/lubluxodit/prefix_override:/usr/lib/python3/dist-packages/colcon_core/task/python/colcon_distutils_commands:/home/kirill/Desktop/robotics/lab5/ex03/install/lubluxodit/lib/python3.10/site-packages:${PYTHONPATH} /usr/bin/python3 -W ignore:setup.py install is deprecated setup.py egg_info --egg-base ../build/lubluxodit build --build-base /home/kirill/Desktop/robotics/lab5/ex03/build/lubluxodit/build install --record /home/kirill/Desktop/robotics/lab5/ex03/build/lubluxodit/install.log --single-version-externally-managed install_data
[2.565s] running egg_info
[2.566s] creating ../build/lubluxodit/lubluxodit.egg-info
[2.567s] writing ../build/lubluxodit/lubluxodit.egg-info/PKG-INFO
[2.568s] writing dependency_links to ../build/lubluxodit/lubluxodit.egg-info/dependency_links.txt
[2.568s] writing entry points to ../build/lubluxodit/lubluxodit.egg-info/entry_points.txt
[2.569s] writing requirements to ../build/lubluxodit/lubluxodit.egg-info/requires.txt
[2.569s] writing top-level names to ../build/lubluxodit/lubluxodit.egg-info/top_level.txt
[2.569s] writing manifest file '../build/lubluxodit/lubluxodit.egg-info/SOURCES.txt'
[2.573s] reading manifest file '../build/lubluxodit/lubluxodit.egg-info/SOURCES.txt'
[2.575s] writing manifest file '../build/lubluxodit/lubluxodit.egg-info/SOURCES.txt'
[2.575s] running build
[2.576s] running build_py
[2.576s] creating /home/kirill/Desktop/robotics/lab5/ex03/build/lubluxodit/build
[2.576s] creating /home/kirill/Desktop/robotics/lab5/ex03/build/lubluxodit/build/lib
[2.576s] creating /home/kirill/Desktop/robotics/lab5/ex03/build/lubluxodit/build/lib/lubluxodit
[2.577s] copying lubluxodit/__init__.py -> /home/kirill/Desktop/robotics/lab5/ex03/build/lubluxodit/build/lib/lubluxodit
[2.577s] running install
[2.577s] running install_lib
[2.578s] creating /home/kirill/Desktop/robotics/lab5/ex03/install/lubluxodit/lib/python3.10/site-packages/lubluxodit
[2.579s] copying /home/kirill/Desktop/robotics/lab5/ex03/build/lubluxodit/build/lib/lubluxodit/__init__.py -> /home/kirill/Desktop/robotics/lab5/ex03/install/lubluxodit/lib/python3.10/site-packages/lubluxodit
[2.579s] byte-compiling /home/kirill/Desktop/robotics/lab5/ex03/install/lubluxodit/lib/python3.10/site-packages/lubluxodit/__init__.py to __init__.cpython-310.pyc
[2.580s] running install_data
[2.580s] creating /home/kirill/Desktop/robotics/lab5/ex03/install/lubluxodit/share/ament_index
[2.580s] creating /home/kirill/Desktop/robotics/lab5/ex03/install/lubluxodit/share/ament_index/resource_index
[2.581s] creating /home/kirill/Desktop/robotics/lab5/ex03/install/lubluxodit/share/ament_index/resource_index/packages
[2.581s] copying resource/lubluxodit -> /home/kirill/Desktop/robotics/lab5/ex03/install/lubluxodit/share/ament_index/resource_index/packages
[2.581s] copying package.xml -> /home/kirill/Desktop/robotics/lab5/ex03/install/lubluxodit/share/lubluxodit
[2.582s] creating /home/kirill/Desktop/robotics/lab5/ex03/install/lubluxodit/share/lubluxodit/launch
[2.582s] copying launch/launch.py -> /home/kirill/Desktop/robotics/lab5/ex03/install/lubluxodit/share/lubluxodit/launch
[2.582s] creating /home/kirill/Desktop/robotics/lab5/ex03/install/lubluxodit/share/lubluxodit/description
[2.582s] creating /home/kirill/Desktop/robotics/lab5/ex03/install/lubluxodit/share/lubluxodit/config
[2.583s] copying config/robot_bridge.yaml -> /home/kirill/Desktop/robotics/lab5/ex03/install/lubluxodit/share/lubluxodit/config
[2.583s] running install_egg_info
[2.585s] Copying ../build/lubluxodit/lubluxodit.egg-info to /home/kirill/Desktop/robotics/lab5/ex03/install/lubluxodit/lib/python3.10/site-packages/lubluxodit-0.0.0-py3.10.egg-info
[2.587s] running install_scripts
[2.632s] writing list of installed files to '/home/kirill/Desktop/robotics/lab5/ex03/build/lubluxodit/install.log'
[2.678s] Invoked command in '/home/kirill/Desktop/robotics/lab5/ex03/lubluxodit' returned '0': PYTHONPATH=/home/kirill/Desktop/robotics/lab5/ex03/build/lubluxodit/prefix_override:/usr/lib/python3/dist-packages/colcon_core/task/python/colcon_distutils_commands:/home/kirill/Desktop/robotics/lab5/ex03/install/lubluxodit/lib/python3.10/site-packages:${PYTHONPATH} /usr/bin/python3 -W ignore:setup.py install is deprecated setup.py egg_info --egg-base ../build/lubluxodit build --build-base /home/kirill/Desktop/robotics/lab5/ex03/build/lubluxodit/build install --record /home/kirill/Desktop/robotics/lab5/ex03/build/lubluxodit/install.log --single-version-externally-managed install_data
