[1.292s] Invoking command in '/home/kirill/Desktop/robotics/lab3/ex05/move_to_goal': PYTHONPATH=/home/kirill/Desktop/robotics/lab3/ex05/build/move_to_goal/prefix_override:/usr/lib/python3/dist-packages/colcon_core/task/python/colcon_distutils_commands:/home/kirill/Desktop/robotics/lab3/ex05/install/move_to_goal/lib/python3.10/site-packages:${PYTHONPATH} /usr/bin/python3 -W ignore:setup.py install is deprecated setup.py egg_info --egg-base ../build/move_to_goal build --build-base /home/kirill/Desktop/robotics/lab3/ex05/build/move_to_goal/build install --record /home/kirill/Desktop/robotics/lab3/ex05/build/move_to_goal/install.log --single-version-externally-managed install_data
[1.815s] running egg_info
[1.817s] writing ../build/move_to_goal/move_to_goal.egg-info/PKG-INFO
[1.819s] writing dependency_links to ../build/move_to_goal/move_to_goal.egg-info/dependency_links.txt
[1.819s] writing entry points to ../build/move_to_goal/move_to_goal.egg-info/entry_points.txt
[1.820s] writing requirements to ../build/move_to_goal/move_to_goal.egg-info/requires.txt
[1.820s] writing top-level names to ../build/move_to_goal/move_to_goal.egg-info/top_level.txt
[1.824s] reading manifest file '../build/move_to_goal/move_to_goal.egg-info/SOURCES.txt'
[1.826s] writing manifest file '../build/move_to_goal/move_to_goal.egg-info/SOURCES.txt'
[1.826s] running build
[1.826s] running build_py
[1.827s] copying move_to_goal/turtle_control.py -> /home/kirill/Desktop/robotics/lab3/ex05/build/move_to_goal/build/lib/move_to_goal
[1.827s] running install
[1.828s] running install_lib
[1.829s] copying /home/kirill/Desktop/robotics/lab3/ex05/build/move_to_goal/build/lib/move_to_goal/turtle_control.py -> /home/kirill/Desktop/robotics/lab3/ex05/install/move_to_goal/lib/python3.10/site-packages/move_to_goal
[1.830s] byte-compiling /home/kirill/Desktop/robotics/lab3/ex05/install/move_to_goal/lib/python3.10/site-packages/move_to_goal/turtle_control.py to turtle_control.cpython-310.pyc
[1.833s] running install_data
[1.834s] running install_egg_info
[1.839s] removing '/home/kirill/Desktop/robotics/lab3/ex05/install/move_to_goal/lib/python3.10/site-packages/move_to_goal-0.0.0-py3.10.egg-info' (and everything under it)
[1.839s] Copying ../build/move_to_goal/move_to_goal.egg-info to /home/kirill/Desktop/robotics/lab3/ex05/install/move_to_goal/lib/python3.10/site-packages/move_to_goal-0.0.0-py3.10.egg-info
[1.841s] running install_scripts
[1.884s] Installing move script to /home/kirill/Desktop/robotics/lab3/ex05/install/move_to_goal/lib/move_to_goal
[1.884s] writing list of installed files to '/home/kirill/Desktop/robotics/lab3/ex05/build/move_to_goal/install.log'
[1.932s] Invoked command in '/home/kirill/Desktop/robotics/lab3/ex05/move_to_goal' returned '0': PYTHONPATH=/home/kirill/Desktop/robotics/lab3/ex05/build/move_to_goal/prefix_override:/usr/lib/python3/dist-packages/colcon_core/task/python/colcon_distutils_commands:/home/kirill/Desktop/robotics/lab3/ex05/install/move_to_goal/lib/python3.10/site-packages:${PYTHONPATH} /usr/bin/python3 -W ignore:setup.py install is deprecated setup.py egg_info --egg-base ../build/move_to_goal build --build-base /home/kirill/Desktop/robotics/lab3/ex05/build/move_to_goal/build install --record /home/kirill/Desktop/robotics/lab3/ex05/build/move_to_goal/install.log --single-version-externally-managed install_data
