running egg_info
writing build/morkovka/morkovka.egg-info/PKG-INFO
writing dependency_links to build/morkovka/morkovka.egg-info/dependency_links.txt
writing entry points to build/morkovka/morkovka.egg-info/entry_points.txt
writing requirements to build/morkovka/morkovka.egg-info/requires.txt
writing top-level names to build/morkovka/morkovka.egg-info/top_level.txt
reading manifest file 'build/morkovka/morkovka.egg-info/SOURCES.txt'
writing manifest file 'build/morkovka/morkovka.egg-info/SOURCES.txt'
running build
running build_py
copying morkovka/dynamic_frame_tf2_broadcaster.py -> /home/kirill/Desktop/robotics/lab4/ex02/morkovka/build/morkovka/build/lib/morkovka
running install
running install_lib
copying /home/kirill/Desktop/robotics/lab4/ex02/morkovka/build/morkovka/build/lib/morkovka/dynamic_frame_tf2_broadcaster.py -> /home/kirill/Desktop/robotics/lab4/ex02/morkovka/install/morkovka/lib/python3.10/site-packages/morkovka
byte-compiling /home/kirill/Desktop/robotics/lab4/ex02/morkovka/install/morkovka/lib/python3.10/site-packages/morkovka/dynamic_frame_tf2_broadcaster.py to dynamic_frame_tf2_broadcaster.cpython-310.pyc
running install_data
copying launch/dynamic.launch.py -> /home/kirill/Desktop/robotics/lab4/ex02/morkovka/install/morkovka/share/morkovka/launch
running install_egg_info
removing '/home/kirill/Desktop/robotics/lab4/ex02/morkovka/install/morkovka/lib/python3.10/site-packages/morkovka-0.0.0-py3.10.egg-info' (and everything under it)
Copying build/morkovka/morkovka.egg-info to /home/kirill/Desktop/robotics/lab4/ex02/morkovka/install/morkovka/lib/python3.10/site-packages/morkovka-0.0.0-py3.10.egg-info
running install_scripts
Installing dynamic script to /home/kirill/Desktop/robotics/lab4/ex02/morkovka/install/morkovka/lib/morkovka
Installing turtle_tf2_broadcaster script to /home/kirill/Desktop/robotics/lab4/ex02/morkovka/install/morkovka/lib/morkovka
Installing turtle_tf2_listener script to /home/kirill/Desktop/robotics/lab4/ex02/morkovka/install/morkovka/lib/morkovka
writing list of installed files to '/home/kirill/Desktop/robotics/lab4/ex02/morkovka/build/morkovka/install.log'
