[1.399s] Invoking command in '/home/kirill/Desktop/robotics/lab4/ex02/morkovka': PYTHONPATH=/home/kirill/Desktop/robotics/lab4/ex02/morkovka/build/morkovka/prefix_override:/usr/lib/python3/dist-packages/colcon_core/task/python/colcon_distutils_commands:/home/kirill/Desktop/robotics/lab4/ex02/morkovka/install/morkovka/lib/python3.10/site-packages:${PYTHONPATH} /usr/bin/python3 -W ignore:setup.py install is deprecated setup.py egg_info --egg-base build/morkovka build --build-base /home/kirill/Desktop/robotics/lab4/ex02/morkovka/build/morkovka/build install --record /home/kirill/Desktop/robotics/lab4/ex02/morkovka/build/morkovka/install.log --single-version-externally-managed install_data
[2.227s] running egg_info
[2.234s] writing build/morkovka/morkovka.egg-info/PKG-INFO
[2.235s] writing dependency_links to build/morkovka/morkovka.egg-info/dependency_links.txt
[2.236s] writing entry points to build/morkovka/morkovka.egg-info/entry_points.txt
[2.237s] writing requirements to build/morkovka/morkovka.egg-info/requires.txt
[2.239s] writing top-level names to build/morkovka/morkovka.egg-info/top_level.txt
[2.252s] reading manifest file 'build/morkovka/morkovka.egg-info/SOURCES.txt'
[2.259s] writing manifest file 'build/morkovka/morkovka.egg-info/SOURCES.txt'
[2.259s] running build
[2.260s] running build_py
[2.261s] copying morkovka/dynamic_frame_tf2_broadcaster.py -> /home/kirill/Desktop/robotics/lab4/ex02/morkovka/build/morkovka/build/lib/morkovka
[2.262s] running install
[2.264s] running install_lib
[2.267s] copying /home/kirill/Desktop/robotics/lab4/ex02/morkovka/build/morkovka/build/lib/morkovka/dynamic_frame_tf2_broadcaster.py -> /home/kirill/Desktop/robotics/lab4/ex02/morkovka/install/morkovka/lib/python3.10/site-packages/morkovka
[2.269s] byte-compiling /home/kirill/Desktop/robotics/lab4/ex02/morkovka/install/morkovka/lib/python3.10/site-packages/morkovka/dynamic_frame_tf2_broadcaster.py to dynamic_frame_tf2_broadcaster.cpython-310.pyc
[2.272s] running install_data
[2.274s] copying launch/dynamic.launch.py -> /home/kirill/Desktop/robotics/lab4/ex02/morkovka/install/morkovka/share/morkovka/launch
[2.275s] running install_egg_info
[2.281s] removing '/home/kirill/Desktop/robotics/lab4/ex02/morkovka/install/morkovka/lib/python3.10/site-packages/morkovka-0.0.0-py3.10.egg-info' (and everything under it)
[2.282s] Copying build/morkovka/morkovka.egg-info to /home/kirill/Desktop/robotics/lab4/ex02/morkovka/install/morkovka/lib/python3.10/site-packages/morkovka-0.0.0-py3.10.egg-info
[2.286s] running install_scripts
[2.356s] Installing dynamic script to /home/kirill/Desktop/robotics/lab4/ex02/morkovka/install/morkovka/lib/morkovka
[2.357s] Installing turtle_tf2_broadcaster script to /home/kirill/Desktop/robotics/lab4/ex02/morkovka/install/morkovka/lib/morkovka
[2.358s] Installing turtle_tf2_listener script to /home/kirill/Desktop/robotics/lab4/ex02/morkovka/install/morkovka/lib/morkovka
[2.359s] writing list of installed files to '/home/kirill/Desktop/robotics/lab4/ex02/morkovka/build/morkovka/install.log'
[2.409s] Invoked command in '/home/kirill/Desktop/robotics/lab4/ex02/morkovka' returned '0': PYTHONPATH=/home/kirill/Desktop/robotics/lab4/ex02/morkovka/build/morkovka/prefix_override:/usr/lib/python3/dist-packages/colcon_core/task/python/colcon_distutils_commands:/home/kirill/Desktop/robotics/lab4/ex02/morkovka/install/morkovka/lib/python3.10/site-packages:${PYTHONPATH} /usr/bin/python3 -W ignore:setup.py install is deprecated setup.py egg_info --egg-base build/morkovka build --build-base /home/kirill/Desktop/robotics/lab4/ex02/morkovka/build/morkovka/build install --record /home/kirill/Desktop/robotics/lab4/ex02/morkovka/build/morkovka/install.log --single-version-externally-managed install_data
