[1.287s] Invoking command in '/home/kirill/Desktop/robotics/lab3/ex05/move_to_goal': PYTHONPATH=/home/kirill/Desktop/robotics/lab3/ex05/build/move_to_goal/prefix_override:/usr/lib/python3/dist-packages/colcon_core/task/python/colcon_distutils_commands:/home/kirill/Desktop/robotics/lab3/ex05/install/move_to_goal/lib/python3.10/site-packages:${PYTHONPATH} /usr/bin/python3 -W ignore:setup.py install is deprecated setup.py egg_info --egg-base ../build/move_to_goal build --build-base /home/kirill/Desktop/robotics/lab3/ex05/build/move_to_goal/build install --record /home/kirill/Desktop/robotics/lab3/ex05/build/move_to_goal/install.log --single-version-externally-managed install_data
[2.037s] running egg_info
[2.039s] writing ../build/move_to_goal/move_to_goal.egg-info/PKG-INFO
[2.039s] writing dependency_links to ../build/move_to_goal/move_to_goal.egg-info/dependency_links.txt
[2.039s] writing entry points to ../build/move_to_goal/move_to_goal.egg-info/entry_points.txt
[2.040s] writing requirements to ../build/move_to_goal/move_to_goal.egg-info/requires.txt
[2.040s] writing top-level names to ../build/move_to_goal/move_to_goal.egg-info/top_level.txt
[2.045s] reading manifest file '../build/move_to_goal/move_to_goal.egg-info/SOURCES.txt'
[2.048s] writing manifest file '../build/move_to_goal/move_to_goal.egg-info/SOURCES.txt'
[2.048s] running build
[2.048s] running build_py
[2.049s] copying move_to_goal/turtle_control.py -> /home/kirill/Desktop/robotics/lab3/ex05/build/move_to_goal/build/lib/move_to_goal
[2.049s] running install
[2.050s] running install_lib
[2.052s] copying /home/kirill/Desktop/robotics/lab3/ex05/build/move_to_goal/build/lib/move_to_goal/turtle_control.py -> /home/kirill/Desktop/robotics/lab3/ex05/install/move_to_goal/lib/python3.10/site-packages/move_to_goal
[2.054s] byte-compiling /home/kirill/Desktop/robotics/lab3/ex05/install/move_to_goal/lib/python3.10/site-packages/move_to_goal/turtle_control.py to turtle_control.cpython-310.pyc
[2.056s] running install_data
[2.057s] running install_egg_info
[2.062s] removing '/home/kirill/Desktop/robotics/lab3/ex05/install/move_to_goal/lib/python3.10/site-packages/move_to_goal-0.0.0-py3.10.egg-info' (and everything under it)
[2.063s] Copying ../build/move_to_goal/move_to_goal.egg-info to /home/kirill/Desktop/robotics/lab3/ex05/install/move_to_goal/lib/python3.10/site-packages/move_to_goal-0.0.0-py3.10.egg-info
[2.066s] running install_scripts
[2.121s] Installing move script to /home/kirill/Desktop/robotics/lab3/ex05/install/move_to_goal/lib/move_to_goal
[2.124s] writing list of installed files to '/home/kirill/Desktop/robotics/lab3/ex05/build/move_to_goal/install.log'
[2.168s] Invoked command in '/home/kirill/Desktop/robotics/lab3/ex05/move_to_goal' returned '0': PYTHONPATH=/home/kirill/Desktop/robotics/lab3/ex05/build/move_to_goal/prefix_override:/usr/lib/python3/dist-packages/colcon_core/task/python/colcon_distutils_commands:/home/kirill/Desktop/robotics/lab3/ex05/install/move_to_goal/lib/python3.10/site-packages:${PYTHONPATH} /usr/bin/python3 -W ignore:setup.py install is deprecated setup.py egg_info --egg-base ../build/move_to_goal build --build-base /home/kirill/Desktop/robotics/lab3/ex05/build/move_to_goal/build install --record /home/kirill/Desktop/robotics/lab3/ex05/build/move_to_goal/install.log --single-version-externally-managed install_data
