[0.023s] Invoking command in '/home/kirill/Desktop/robotics/lab5/ex01/build/sam_bot_description': CMAKE_PREFIX_PATH=${CMAKE_PREFIX_PATH}:/opt/ros/humble /usr/bin/cmake --build /home/kirill/Desktop/robotics/lab5/ex01/build/sam_bot_description -- -j4 -l4
[0.115s] Invoked command in '/home/kirill/Desktop/robotics/lab5/ex01/build/sam_bot_description' returned '0': CMAKE_PREFIX_PATH=${CMAKE_PREFIX_PATH}:/opt/ros/humble /usr/bin/cmake --build /home/kirill/Desktop/robotics/lab5/ex01/build/sam_bot_description -- -j4 -l4
[0.175s] Invoking command in '/home/kirill/Desktop/robotics/lab5/ex01/build/sam_bot_description': CMAKE_PREFIX_PATH=${CMAKE_PREFIX_PATH}:/opt/ros/humble /usr/bin/cmake --install /home/kirill/Desktop/robotics/lab5/ex01/build/sam_bot_description
[0.197s] -- Install configuration: ""
[0.197s] -- Up-to-date: /home/kirill/Desktop/robotics/lab5/ex01/install/sam_bot_description/share/sam_bot_description/src
[0.197s] -- Up-to-date: /home/kirill/Desktop/robotics/lab5/ex01/install/sam_bot_description/share/sam_bot_description/src/description
[0.198s] -- Up-to-date: /home/kirill/Desktop/robotics/lab5/ex01/install/sam_bot_description/share/sam_bot_description/src/description/sam_bot_description.urdf
[0.198s] -- Up-to-date: /home/kirill/Desktop/robotics/lab5/ex01/install/sam_bot_description/share/sam_bot_description/launch
[0.199s] -- Up-to-date: /home/kirill/Desktop/robotics/lab5/ex01/install/sam_bot_description/share/sam_bot_description/launch/launch.py
[0.199s] -- Up-to-date: /home/kirill/Desktop/robotics/lab5/ex01/install/sam_bot_description/share/sam_bot_description/rviz
[0.199s] -- Installing: /home/kirill/Desktop/robotics/lab5/ex01/install/sam_bot_description/share/sam_bot_description/rviz/urdf_config.rviz
[0.199s] -- Up-to-date: /home/kirill/Desktop/robotics/lab5/ex01/install/sam_bot_description/share/ament_index/resource_index/package_run_dependencies/sam_bot_description
[0.200s] -- Up-to-date: /home/kirill/Desktop/robotics/lab5/ex01/install/sam_bot_description/share/ament_index/resource_index/parent_prefix_path/sam_bot_description
[0.200s] -- Up-to-date: /home/kirill/Desktop/robotics/lab5/ex01/install/sam_bot_description/share/sam_bot_description/environment/ament_prefix_path.sh
[0.200s] -- Up-to-date: /home/kirill/Desktop/robotics/lab5/ex01/install/sam_bot_description/share/sam_bot_description/environment/ament_prefix_path.dsv
[0.201s] -- Up-to-date: /home/kirill/Desktop/robotics/lab5/ex01/install/sam_bot_description/share/sam_bot_description/environment/path.sh
[0.201s] -- Up-to-date: /home/kirill/Desktop/robotics/lab5/ex01/install/sam_bot_description/share/sam_bot_description/environment/path.dsv
[0.201s] -- Up-to-date: /home/kirill/Desktop/robotics/lab5/ex01/install/sam_bot_description/share/sam_bot_description/local_setup.bash
[0.202s] -- Up-to-date: /home/kirill/Desktop/robotics/lab5/ex01/install/sam_bot_description/share/sam_bot_description/local_setup.sh
[0.202s] -- Up-to-date: /home/kirill/Desktop/robotics/lab5/ex01/install/sam_bot_description/share/sam_bot_description/local_setup.zsh
[0.203s] -- Up-to-date: /home/kirill/Desktop/robotics/lab5/ex01/install/sam_bot_description/share/sam_bot_description/local_setup.dsv
[0.203s] -- Installing: /home/kirill/Desktop/robotics/lab5/ex01/install/sam_bot_description/share/sam_bot_description/package.dsv
[0.204s] -- Up-to-date: /home/kirill/Desktop/robotics/lab5/ex01/install/sam_bot_description/share/ament_index/resource_index/packages/sam_bot_description
[0.205s] -- Up-to-date: /home/kirill/Desktop/robotics/lab5/ex01/install/sam_bot_description/share/sam_bot_description/cmake/sam_bot_descriptionConfig.cmake
[0.205s] -- Up-to-date: /home/kirill/Desktop/robotics/lab5/ex01/install/sam_bot_description/share/sam_bot_description/cmake/sam_bot_descriptionConfig-version.cmake
[0.205s] -- Up-to-date: /home/kirill/Desktop/robotics/lab5/ex01/install/sam_bot_description/share/sam_bot_description/package.xml
[0.209s] Invoked command in '/home/kirill/Desktop/robotics/lab5/ex01/build/sam_bot_description' returned '0': CMAKE_PREFIX_PATH=${CMAKE_PREFIX_PATH}:/opt/ros/humble /usr/bin/cmake --install /home/kirill/Desktop/robotics/lab5/ex01/build/sam_bot_description
