[2.221s] Invoking command in '/home/kirill/Desktop/robotics/lab5/ex05/unique_move': PYTHONPATH=/home/kirill/Desktop/robotics/lab5/ex05/build/unique_move/prefix_override:/usr/lib/python3/dist-packages/colcon_core/task/python/colcon_distutils_commands:/home/kirill/Desktop/robotics/lab5/ex05/install/unique_move/lib/python3.10/site-packages:${PYTHONPATH} /usr/bin/python3 -W ignore:setup.py install is deprecated setup.py egg_info --egg-base ../build/unique_move build --build-base /home/kirill/Desktop/robotics/lab5/ex05/build/unique_move/build install --record /home/kirill/Desktop/robotics/lab5/ex05/build/unique_move/install.log --single-version-externally-managed install_data
[3.035s] running egg_info
[3.036s] writing ../build/unique_move/unique_move.egg-info/PKG-INFO
[3.036s] writing dependency_links to ../build/unique_move/unique_move.egg-info/dependency_links.txt
[3.037s] writing entry points to ../build/unique_move/unique_move.egg-info/entry_points.txt
[3.037s] writing requirements to ../build/unique_move/unique_move.egg-info/requires.txt
[3.037s] writing top-level names to ../build/unique_move/unique_move.egg-info/top_level.txt
[3.040s] reading manifest file '../build/unique_move/unique_move.egg-info/SOURCES.txt'
[3.042s] writing manifest file '../build/unique_move/unique_move.egg-info/SOURCES.txt'
[3.042s] running build
[3.043s] running build_py
[3.043s] copying unique_move/move.py -> /home/kirill/Desktop/robotics/lab5/ex05/build/unique_move/build/lib/unique_move
[3.043s] running install
[3.044s] running install_lib
[3.045s] copying /home/kirill/Desktop/robotics/lab5/ex05/build/unique_move/build/lib/unique_move/move.py -> /home/kirill/Desktop/robotics/lab5/ex05/install/unique_move/lib/python3.10/site-packages/unique_move
[3.046s] byte-compiling /home/kirill/Desktop/robotics/lab5/ex05/install/unique_move/lib/python3.10/site-packages/unique_move/move.py to move.cpython-310.pyc
[3.054s] running install_data
[3.054s] running install_egg_info
[3.058s] removing '/home/kirill/Desktop/robotics/lab5/ex05/install/unique_move/lib/python3.10/site-packages/unique_move-0.0.0-py3.10.egg-info' (and everything under it)
[3.058s] Copying ../build/unique_move/unique_move.egg-info to /home/kirill/Desktop/robotics/lab5/ex05/install/unique_move/lib/python3.10/site-packages/unique_move-0.0.0-py3.10.egg-info
[3.060s] running install_scripts
[3.157s] Installing move script to /home/kirill/Desktop/robotics/lab5/ex05/install/unique_move/lib/unique_move
[3.158s] writing list of installed files to '/home/kirill/Desktop/robotics/lab5/ex05/build/unique_move/install.log'
[3.232s] Invoked command in '/home/kirill/Desktop/robotics/lab5/ex05/unique_move' returned '0': PYTHONPATH=/home/kirill/Desktop/robotics/lab5/ex05/build/unique_move/prefix_override:/usr/lib/python3/dist-packages/colcon_core/task/python/colcon_distutils_commands:/home/kirill/Desktop/robotics/lab5/ex05/install/unique_move/lib/python3.10/site-packages:${PYTHONPATH} /usr/bin/python3 -W ignore:setup.py install is deprecated setup.py egg_info --egg-base ../build/unique_move build --build-base /home/kirill/Desktop/robotics/lab5/ex05/build/unique_move/build install --record /home/kirill/Desktop/robotics/lab5/ex05/build/unique_move/install.log --single-version-externally-managed install_data
