[0.027s] Invoking command in '/home/kirill/Desktop/robotics/lab5/ex02/build/my_robot2': CMAKE_PREFIX_PATH=${CMAKE_PREFIX_PATH}:/opt/ros/humble /usr/bin/cmake --build /home/kirill/Desktop/robotics/lab5/ex02/build/my_robot2 -- -j4 -l4
[0.089s] -- Found ament_cmake: 1.3.10 (/opt/ros/humble/share/ament_cmake/cmake)
[0.404s] -- Found ament_lint_auto: 0.12.11 (/opt/ros/humble/share/ament_lint_auto/cmake)
[0.595s] -- Added test 'flake8' to check Python code syntax and style conventions
[0.596s] -- Added test 'lint_cmake' to check CMake code style
[0.597s] -- Added test 'pep257' to check Python code against some of the docstring style conventions in PEP 257
[0.601s] -- Added test 'xmllint' to check XML markup files
[0.603s] -- Configuring done
[0.611s] -- Generating done
[0.614s] -- Build files have been written to: /home/kirill/Desktop/robotics/lab5/ex02/build/my_robot2
[0.667s] Invoked command in '/home/kirill/Desktop/robotics/lab5/ex02/build/my_robot2' returned '0': CMAKE_PREFIX_PATH=${CMAKE_PREFIX_PATH}:/opt/ros/humble /usr/bin/cmake --build /home/kirill/Desktop/robotics/lab5/ex02/build/my_robot2 -- -j4 -l4
[0.797s] Invoking command in '/home/kirill/Desktop/robotics/lab5/ex02/build/my_robot2': CMAKE_PREFIX_PATH=${CMAKE_PREFIX_PATH}:/opt/ros/humble /usr/bin/cmake --install /home/kirill/Desktop/robotics/lab5/ex02/build/my_robot2
[0.816s] -- Install configuration: ""
[0.816s] -- Installing: /home/kirill/Desktop/robotics/lab5/ex02/install/my_robot2/share/my_robot2/src
[0.817s] -- Installing: /home/kirill/Desktop/robotics/lab5/ex02/install/my_robot2/share/my_robot2/src/description
[0.819s] -- Installing: /home/kirill/Desktop/robotics/lab5/ex02/install/my_robot2/share/my_robot2/src/description/robot.urdf.xacro
[0.819s] -- Installing: /home/kirill/Desktop/robotics/lab5/ex02/install/my_robot2/share/my_robot2/launch
[0.823s] -- Installing: /home/kirill/Desktop/robotics/lab5/ex02/install/my_robot2/share/my_robot2/launch/launch.py
[0.824s] -- Installing: /home/kirill/Desktop/robotics/lab5/ex02/install/my_robot2/share/my_robot2/rviz
[0.824s] -- Installing: /home/kirill/Desktop/robotics/lab5/ex02/install/my_robot2/share/my_robot2/rviz/urdf_config.rviz
[0.824s] -- Installing: /home/kirill/Desktop/robotics/lab5/ex02/install/my_robot2/share/ament_index/resource_index/package_run_dependencies/my_robot2
[0.824s] -- Up-to-date: /home/kirill/Desktop/robotics/lab5/ex02/install/my_robot2/share/ament_index/resource_index/parent_prefix_path/my_robot2
[0.825s] -- Up-to-date: /home/kirill/Desktop/robotics/lab5/ex02/install/my_robot2/share/my_robot2/environment/ament_prefix_path.sh
[0.825s] -- Installing: /home/kirill/Desktop/robotics/lab5/ex02/install/my_robot2/share/my_robot2/environment/ament_prefix_path.dsv
[0.825s] -- Up-to-date: /home/kirill/Desktop/robotics/lab5/ex02/install/my_robot2/share/my_robot2/environment/path.sh
[0.825s] -- Installing: /home/kirill/Desktop/robotics/lab5/ex02/install/my_robot2/share/my_robot2/environment/path.dsv
[0.831s] -- Up-to-date: /home/kirill/Desktop/robotics/lab5/ex02/install/my_robot2/share/my_robot2/local_setup.bash
[0.832s] -- Up-to-date: /home/kirill/Desktop/robotics/lab5/ex02/install/my_robot2/share/my_robot2/local_setup.sh
[0.832s] -- Up-to-date: /home/kirill/Desktop/robotics/lab5/ex02/install/my_robot2/share/my_robot2/local_setup.zsh
[0.832s] -- Installing: /home/kirill/Desktop/robotics/lab5/ex02/install/my_robot2/share/my_robot2/local_setup.dsv
[0.833s] -- Installing: /home/kirill/Desktop/robotics/lab5/ex02/install/my_robot2/share/my_robot2/package.dsv
[0.833s] -- Up-to-date: /home/kirill/Desktop/robotics/lab5/ex02/install/my_robot2/share/ament_index/resource_index/packages/my_robot2
[0.833s] -- Up-to-date: /home/kirill/Desktop/robotics/lab5/ex02/install/my_robot2/share/my_robot2/cmake/my_robot2Config.cmake
[0.839s] -- Up-to-date: /home/kirill/Desktop/robotics/lab5/ex02/install/my_robot2/share/my_robot2/cmake/my_robot2Config-version.cmake
[0.839s] -- Installing: /home/kirill/Desktop/robotics/lab5/ex02/install/my_robot2/share/my_robot2/package.xml
[0.840s] Invoked command in '/home/kirill/Desktop/robotics/lab5/ex02/build/my_robot2' returned '0': CMAKE_PREFIX_PATH=${CMAKE_PREFIX_PATH}:/opt/ros/humble /usr/bin/cmake --install /home/kirill/Desktop/robotics/lab5/ex02/build/my_robot2
