running egg_info
creating ../build/pekpuch/pekpuch.egg-info
writing ../build/pekpuch/pekpuch.egg-info/PKG-INFO
writing dependency_links to ../build/pekpuch/pekpuch.egg-info/dependency_links.txt
writing entry points to ../build/pekpuch/pekpuch.egg-info/entry_points.txt
writing requirements to ../build/pekpuch/pekpuch.egg-info/requires.txt
writing top-level names to ../build/pekpuch/pekpuch.egg-info/top_level.txt
writing manifest file '../build/pekpuch/pekpuch.egg-info/SOURCES.txt'
reading manifest file '../build/pekpuch/pekpuch.egg-info/SOURCES.txt'
writing manifest file '../build/pekpuch/pekpuch.egg-info/SOURCES.txt'
running build
running build_py
creating /mnt/c/Users/atlak/OneDrive/Рабочий стол/labs/ros/lab2/ex03/build/pekpuch/build
creating /mnt/c/Users/atlak/OneDrive/Рабочий стол/labs/ros/lab2/ex03/build/pekpuch/build/lib
creating /mnt/c/Users/atlak/OneDrive/Рабочий стол/labs/ros/lab2/ex03/build/pekpuch/build/lib/pekpuch
copying pekpuch/__init__.py -> /mnt/c/Users/atlak/OneDrive/Рабочий стол/labs/ros/lab2/ex03/build/pekpuch/build/lib/pekpuch
running install
running install_lib
creating /mnt/c/Users/atlak/OneDrive/Рабочий стол/labs/ros/lab2/ex03/install/pekpuch/lib/python3.10/site-packages/pekpuch
copying /mnt/c/Users/atlak/OneDrive/Рабочий стол/labs/ros/lab2/ex03/build/pekpuch/build/lib/pekpuch/__init__.py -> /mnt/c/Users/atlak/OneDrive/Рабочий стол/labs/ros/lab2/ex03/install/pekpuch/lib/python3.10/site-packages/pekpuch
byte-compiling /mnt/c/Users/atlak/OneDrive/Рабочий стол/labs/ros/lab2/ex03/install/pekpuch/lib/python3.10/site-packages/pekpuch/__init__.py to __init__.cpython-310.pyc
running install_data
creating /mnt/c/Users/atlak/OneDrive/Рабочий стол/labs/ros/lab2/ex03/install/pekpuch/share/ament_index
creating /mnt/c/Users/atlak/OneDrive/Рабочий стол/labs/ros/lab2/ex03/install/pekpuch/share/ament_index/resource_index
creating /mnt/c/Users/atlak/OneDrive/Рабочий стол/labs/ros/lab2/ex03/install/pekpuch/share/ament_index/resource_index/packages
copying resource/pekpuch -> /mnt/c/Users/atlak/OneDrive/Рабочий стол/labs/ros/lab2/ex03/install/pekpuch/share/ament_index/resource_index/packages
copying package.xml -> /mnt/c/Users/atlak/OneDrive/Рабочий стол/labs/ros/lab2/ex03/install/pekpuch/share/pekpuch
running install_egg_info
Copying ../build/pekpuch/pekpuch.egg-info to /mnt/c/Users/atlak/OneDrive/Рабочий стол/labs/ros/lab2/ex03/install/pekpuch/lib/python3.10/site-packages/pekpuch-0.0.0-py3.10.egg-info
running install_scripts
writing list of installed files to '/mnt/c/Users/atlak/OneDrive/Рабочий стол/labs/ros/lab2/ex03/build/pekpuch/install.log'
