[1.538s] Invoking command in '/home/kirill/Desktop/robotics/lab5/ex03/lubluxodit': PYTHONPATH=/home/kirill/Desktop/robotics/lab5/ex03/build/lubluxodit/prefix_override:/usr/lib/python3/dist-packages/colcon_core/task/python/colcon_distutils_commands:/home/kirill/Desktop/robotics/lab5/ex03/install/lubluxodit/lib/python3.10/site-packages:${PYTHONPATH} /usr/bin/python3 -W ignore:setup.py install is deprecated setup.py egg_info --egg-base ../build/lubluxodit build --build-base /home/kirill/Desktop/robotics/lab5/ex03/build/lubluxodit/build install --record /home/kirill/Desktop/robotics/lab5/ex03/build/lubluxodit/install.log --single-version-externally-managed install_data
[2.064s] running egg_info
[2.065s] writing ../build/lubluxodit/lubluxodit.egg-info/PKG-INFO
[2.066s] writing dependency_links to ../build/lubluxodit/lubluxodit.egg-info/dependency_links.txt
[2.066s] writing entry points to ../build/lubluxodit/lubluxodit.egg-info/entry_points.txt
[2.067s] writing requirements to ../build/lubluxodit/lubluxodit.egg-info/requires.txt
[2.067s] writing top-level names to ../build/lubluxodit/lubluxodit.egg-info/top_level.txt
[2.070s] reading manifest file '../build/lubluxodit/lubluxodit.egg-info/SOURCES.txt'
[2.072s] writing manifest file '../build/lubluxodit/lubluxodit.egg-info/SOURCES.txt'
[2.072s] running build
[2.073s] running build_py
[2.073s] running install
[2.073s] running install_lib
[2.075s] running install_data
[2.076s] copying package.xml -> /home/kirill/Desktop/robotics/lab5/ex03/install/lubluxodit/share/lubluxodit
[2.076s] copying launch/launch.py -> /home/kirill/Desktop/robotics/lab5/ex03/install/lubluxodit/share/lubluxodit/launch
[2.077s] running install_egg_info
[2.080s] removing '/home/kirill/Desktop/robotics/lab5/ex03/install/lubluxodit/lib/python3.10/site-packages/lubluxodit-0.0.0-py3.10.egg-info' (and everything under it)
[2.081s] Copying ../build/lubluxodit/lubluxodit.egg-info to /home/kirill/Desktop/robotics/lab5/ex03/install/lubluxodit/lib/python3.10/site-packages/lubluxodit-0.0.0-py3.10.egg-info
[2.083s] running install_scripts
[2.125s] writing list of installed files to '/home/kirill/Desktop/robotics/lab5/ex03/build/lubluxodit/install.log'
[2.171s] Invoked command in '/home/kirill/Desktop/robotics/lab5/ex03/lubluxodit' returned '0': PYTHONPATH=/home/kirill/Desktop/robotics/lab5/ex03/build/lubluxodit/prefix_override:/usr/lib/python3/dist-packages/colcon_core/task/python/colcon_distutils_commands:/home/kirill/Desktop/robotics/lab5/ex03/install/lubluxodit/lib/python3.10/site-packages:${PYTHONPATH} /usr/bin/python3 -W ignore:setup.py install is deprecated setup.py egg_info --egg-base ../build/lubluxodit build --build-base /home/kirill/Desktop/robotics/lab5/ex03/build/lubluxodit/build install --record /home/kirill/Desktop/robotics/lab5/ex03/build/lubluxodit/install.log --single-version-externally-managed install_data
