[1.281s] Invoking command in '/home/kirill/Desktop/robotics/lab5/ex05/unique_move': PYTHONPATH=/home/kirill/Desktop/robotics/lab5/ex05/build/unique_move/prefix_override:/usr/lib/python3/dist-packages/colcon_core/task/python/colcon_distutils_commands:/home/kirill/Desktop/robotics/lab5/ex05/install/unique_move/lib/python3.10/site-packages:${PYTHONPATH} /usr/bin/python3 -W ignore:setup.py install is deprecated setup.py egg_info --egg-base ../build/unique_move build --build-base /home/kirill/Desktop/robotics/lab5/ex05/build/unique_move/build install --record /home/kirill/Desktop/robotics/lab5/ex05/build/unique_move/install.log --single-version-externally-managed install_data
[1.765s] running egg_info
[1.767s] writing ../build/unique_move/unique_move.egg-info/PKG-INFO
[1.767s] writing dependency_links to ../build/unique_move/unique_move.egg-info/dependency_links.txt
[1.767s] writing entry points to ../build/unique_move/unique_move.egg-info/entry_points.txt
[1.767s] writing requirements to ../build/unique_move/unique_move.egg-info/requires.txt
[1.768s] writing top-level names to ../build/unique_move/unique_move.egg-info/top_level.txt
[1.771s] reading manifest file '../build/unique_move/unique_move.egg-info/SOURCES.txt'
[1.773s] writing manifest file '../build/unique_move/unique_move.egg-info/SOURCES.txt'
[1.773s] running build
[1.773s] running build_py
[1.774s] copying unique_move/move.py -> /home/kirill/Desktop/robotics/lab5/ex05/build/unique_move/build/lib/unique_move
[1.774s] running install
[1.775s] running install_lib
[1.776s] copying /home/kirill/Desktop/robotics/lab5/ex05/build/unique_move/build/lib/unique_move/move.py -> /home/kirill/Desktop/robotics/lab5/ex05/install/unique_move/lib/python3.10/site-packages/unique_move
[1.777s] byte-compiling /home/kirill/Desktop/robotics/lab5/ex05/install/unique_move/lib/python3.10/site-packages/unique_move/move.py to move.cpython-310.pyc
[1.778s] running install_data
[1.778s] running install_egg_info
[1.782s] removing '/home/kirill/Desktop/robotics/lab5/ex05/install/unique_move/lib/python3.10/site-packages/unique_move-0.0.0-py3.10.egg-info' (and everything under it)
[1.782s] Copying ../build/unique_move/unique_move.egg-info to /home/kirill/Desktop/robotics/lab5/ex05/install/unique_move/lib/python3.10/site-packages/unique_move-0.0.0-py3.10.egg-info
[1.784s] running install_scripts
[1.823s] Installing move script to /home/kirill/Desktop/robotics/lab5/ex05/install/unique_move/lib/unique_move
[1.824s] writing list of installed files to '/home/kirill/Desktop/robotics/lab5/ex05/build/unique_move/install.log'
[1.872s] Invoked command in '/home/kirill/Desktop/robotics/lab5/ex05/unique_move' returned '0': PYTHONPATH=/home/kirill/Desktop/robotics/lab5/ex05/build/unique_move/prefix_override:/usr/lib/python3/dist-packages/colcon_core/task/python/colcon_distutils_commands:/home/kirill/Desktop/robotics/lab5/ex05/install/unique_move/lib/python3.10/site-packages:${PYTHONPATH} /usr/bin/python3 -W ignore:setup.py install is deprecated setup.py egg_info --egg-base ../build/unique_move build --build-base /home/kirill/Desktop/robotics/lab5/ex05/build/unique_move/build install --record /home/kirill/Desktop/robotics/lab5/ex05/build/unique_move/install.log --single-version-externally-managed install_data
