[1.294s] Invoking command in '/home/kirill/Desktop/robotics/lab5/ex05/unique_move': PYTHONPATH=/home/kirill/Desktop/robotics/lab5/ex05/build/unique_move/prefix_override:/usr/lib/python3/dist-packages/colcon_core/task/python/colcon_distutils_commands:/home/kirill/Desktop/robotics/lab5/ex05/install/unique_move/lib/python3.10/site-packages:${PYTHONPATH} /usr/bin/python3 -W ignore:setup.py install is deprecated setup.py egg_info --egg-base ../build/unique_move build --build-base /home/kirill/Desktop/robotics/lab5/ex05/build/unique_move/build install --record /home/kirill/Desktop/robotics/lab5/ex05/build/unique_move/install.log --single-version-externally-managed install_data
[1.792s] running egg_info
[1.793s] writing ../build/unique_move/unique_move.egg-info/PKG-INFO
[1.794s] writing dependency_links to ../build/unique_move/unique_move.egg-info/dependency_links.txt
[1.794s] writing entry points to ../build/unique_move/unique_move.egg-info/entry_points.txt
[1.794s] writing requirements to ../build/unique_move/unique_move.egg-info/requires.txt
[1.795s] writing top-level names to ../build/unique_move/unique_move.egg-info/top_level.txt
[1.799s] reading manifest file '../build/unique_move/unique_move.egg-info/SOURCES.txt'
[1.802s] writing manifest file '../build/unique_move/unique_move.egg-info/SOURCES.txt'
[1.802s] running build
[1.802s] running build_py
[1.803s] running install
[1.804s] running install_lib
[1.807s] running install_data
[1.807s] running install_egg_info
[1.811s] removing '/home/kirill/Desktop/robotics/lab5/ex05/install/unique_move/lib/python3.10/site-packages/unique_move-0.0.0-py3.10.egg-info' (and everything under it)
[1.811s] Copying ../build/unique_move/unique_move.egg-info to /home/kirill/Desktop/robotics/lab5/ex05/install/unique_move/lib/python3.10/site-packages/unique_move-0.0.0-py3.10.egg-info
[1.814s] running install_scripts
[1.857s] Installing move script to /home/kirill/Desktop/robotics/lab5/ex05/install/unique_move/lib/unique_move
[1.857s] writing list of installed files to '/home/kirill/Desktop/robotics/lab5/ex05/build/unique_move/install.log'
[1.900s] Invoked command in '/home/kirill/Desktop/robotics/lab5/ex05/unique_move' returned '0': PYTHONPATH=/home/kirill/Desktop/robotics/lab5/ex05/build/unique_move/prefix_override:/usr/lib/python3/dist-packages/colcon_core/task/python/colcon_distutils_commands:/home/kirill/Desktop/robotics/lab5/ex05/install/unique_move/lib/python3.10/site-packages:${PYTHONPATH} /usr/bin/python3 -W ignore:setup.py install is deprecated setup.py egg_info --egg-base ../build/unique_move build --build-base /home/kirill/Desktop/robotics/lab5/ex05/build/unique_move/build install --record /home/kirill/Desktop/robotics/lab5/ex05/build/unique_move/install.log --single-version-externally-managed install_data
