running egg_info
writing ../../build/service_full_name/service_full_name.egg-info/PKG-INFO
writing dependency_links to ../../build/service_full_name/service_full_name.egg-info/dependency_links.txt
writing entry points to ../../build/service_full_name/service_full_name.egg-info/entry_points.txt
writing requirements to ../../build/service_full_name/service_full_name.egg-info/requires.txt
writing top-level names to ../../build/service_full_name/service_full_name.egg-info/top_level.txt
reading manifest file '../../build/service_full_name/service_full_name.egg-info/SOURCES.txt'
writing manifest file '../../build/service_full_name/service_full_name.egg-info/SOURCES.txt'
running build
running build_py
copying service_full_name/service_name.py -> /home/kirill/Desktop/robotics/lab3/ex01/build/service_full_name/build/lib/service_full_name
running install
running install_lib
copying /home/kirill/Desktop/robotics/lab3/ex01/build/service_full_name/build/lib/service_full_name/service_name.py -> /home/kirill/Desktop/robotics/lab3/ex01/install/service_full_name/lib/python3.10/site-packages/service_full_name
byte-compiling /home/kirill/Desktop/robotics/lab3/ex01/install/service_full_name/lib/python3.10/site-packages/service_full_name/service_name.py to service_name.cpython-310.pyc
running install_data
running install_egg_info
removing '/home/kirill/Desktop/robotics/lab3/ex01/install/service_full_name/lib/python3.10/site-packages/service_full_name-0.0.0-py3.10.egg-info' (and everything under it)
Copying ../../build/service_full_name/service_full_name.egg-info to /home/kirill/Desktop/robotics/lab3/ex01/install/service_full_name/lib/python3.10/site-packages/service_full_name-0.0.0-py3.10.egg-info
running install_scripts
Installing client script to /home/kirill/Desktop/robotics/lab3/ex01/install/service_full_name/lib/service_full_name
Installing service script to /home/kirill/Desktop/robotics/lab3/ex01/install/service_full_name/lib/service_full_name
writing list of installed files to '/home/kirill/Desktop/robotics/lab3/ex01/build/service_full_name/install.log'
