[3.268s] Invoking command in '/home/kirill/Desktop/robotics/lab5/ex05/unique_move': PYTHONPATH=/home/kirill/Desktop/robotics/lab5/ex05/build/unique_move/prefix_override:/usr/lib/python3/dist-packages/colcon_core/task/python/colcon_distutils_commands:/home/kirill/Desktop/robotics/lab5/ex05/install/unique_move/lib/python3.10/site-packages:${PYTHONPATH} /usr/bin/python3 -W ignore:setup.py install is deprecated setup.py egg_info --egg-base ../build/unique_move build --build-base /home/kirill/Desktop/robotics/lab5/ex05/build/unique_move/build install --record /home/kirill/Desktop/robotics/lab5/ex05/build/unique_move/install.log --single-version-externally-managed install_data
[4.931s] running egg_info
[4.940s] writing ../build/unique_move/unique_move.egg-info/PKG-INFO
[4.941s] writing dependency_links to ../build/unique_move/unique_move.egg-info/dependency_links.txt
[4.943s] writing entry points to ../build/unique_move/unique_move.egg-info/entry_points.txt
[4.944s] writing requirements to ../build/unique_move/unique_move.egg-info/requires.txt
[4.944s] writing top-level names to ../build/unique_move/unique_move.egg-info/top_level.txt
[4.954s] reading manifest file '../build/unique_move/unique_move.egg-info/SOURCES.txt'
[4.956s] writing manifest file '../build/unique_move/unique_move.egg-info/SOURCES.txt'
[4.957s] running build
[4.957s] running build_py
[4.957s] copying unique_move/move.py -> /home/kirill/Desktop/robotics/lab5/ex05/build/unique_move/build/lib/unique_move
[4.958s] running install
[4.958s] running install_lib
[4.966s] copying /home/kirill/Desktop/robotics/lab5/ex05/build/unique_move/build/lib/unique_move/move.py -> /home/kirill/Desktop/robotics/lab5/ex05/install/unique_move/lib/python3.10/site-packages/unique_move
[4.967s] byte-compiling /home/kirill/Desktop/robotics/lab5/ex05/install/unique_move/lib/python3.10/site-packages/unique_move/move.py to move.cpython-310.pyc
[4.968s] running install_data
[4.969s] running install_egg_info
[4.979s] removing '/home/kirill/Desktop/robotics/lab5/ex05/install/unique_move/lib/python3.10/site-packages/unique_move-0.0.0-py3.10.egg-info' (and everything under it)
[4.980s] Copying ../build/unique_move/unique_move.egg-info to /home/kirill/Desktop/robotics/lab5/ex05/install/unique_move/lib/python3.10/site-packages/unique_move-0.0.0-py3.10.egg-info
[4.982s] running install_scripts
[5.065s] Installing move script to /home/kirill/Desktop/robotics/lab5/ex05/install/unique_move/lib/unique_move
[5.074s] writing list of installed files to '/home/kirill/Desktop/robotics/lab5/ex05/build/unique_move/install.log'
[5.288s] Invoked command in '/home/kirill/Desktop/robotics/lab5/ex05/unique_move' returned '0': PYTHONPATH=/home/kirill/Desktop/robotics/lab5/ex05/build/unique_move/prefix_override:/usr/lib/python3/dist-packages/colcon_core/task/python/colcon_distutils_commands:/home/kirill/Desktop/robotics/lab5/ex05/install/unique_move/lib/python3.10/site-packages:${PYTHONPATH} /usr/bin/python3 -W ignore:setup.py install is deprecated setup.py egg_info --egg-base ../build/unique_move build --build-base /home/kirill/Desktop/robotics/lab5/ex05/build/unique_move/build install --record /home/kirill/Desktop/robotics/lab5/ex05/build/unique_move/install.log --single-version-externally-managed install_data
