[1.762s] Invoking command in '/home/kirill/Desktop/robotics/lab4/ex02/morkovka': PYTHONPATH=/home/kirill/Desktop/robotics/lab4/ex02/morkovka/build/morkovka/prefix_override:/usr/lib/python3/dist-packages/colcon_core/task/python/colcon_distutils_commands:/home/kirill/Desktop/robotics/lab4/ex02/morkovka/install/morkovka/lib/python3.10/site-packages:${PYTHONPATH} /usr/bin/python3 -W ignore:setup.py install is deprecated setup.py egg_info --egg-base build/morkovka build --build-base /home/kirill/Desktop/robotics/lab4/ex02/morkovka/build/morkovka/build install --record /home/kirill/Desktop/robotics/lab4/ex02/morkovka/build/morkovka/install.log --single-version-externally-managed install_data
[2.487s] running egg_info
[2.488s] writing build/morkovka/morkovka.egg-info/PKG-INFO
[2.489s] writing dependency_links to build/morkovka/morkovka.egg-info/dependency_links.txt
[2.489s] writing entry points to build/morkovka/morkovka.egg-info/entry_points.txt
[2.490s] writing requirements to build/morkovka/morkovka.egg-info/requires.txt
[2.490s] writing top-level names to build/morkovka/morkovka.egg-info/top_level.txt
[2.495s] reading manifest file 'build/morkovka/morkovka.egg-info/SOURCES.txt'
[2.497s] writing manifest file 'build/morkovka/morkovka.egg-info/SOURCES.txt'
[2.498s] running build
[2.498s] running build_py
[2.498s] copying morkovka/dynamic_frame_tf2_broadcaster.py -> /home/kirill/Desktop/robotics/lab4/ex02/morkovka/build/morkovka/build/lib/morkovka
[2.499s] running install
[2.502s] running install_lib
[2.502s] copying /home/kirill/Desktop/robotics/lab4/ex02/morkovka/build/morkovka/build/lib/morkovka/dynamic_frame_tf2_broadcaster.py -> /home/kirill/Desktop/robotics/lab4/ex02/morkovka/install/morkovka/lib/python3.10/site-packages/morkovka
[2.504s] byte-compiling /home/kirill/Desktop/robotics/lab4/ex02/morkovka/install/morkovka/lib/python3.10/site-packages/morkovka/dynamic_frame_tf2_broadcaster.py to dynamic_frame_tf2_broadcaster.cpython-310.pyc
[2.507s] running install_data
[2.507s] running install_egg_info
[2.512s] removing '/home/kirill/Desktop/robotics/lab4/ex02/morkovka/install/morkovka/lib/python3.10/site-packages/morkovka-0.0.0-py3.10.egg-info' (and everything under it)
[2.513s] Copying build/morkovka/morkovka.egg-info to /home/kirill/Desktop/robotics/lab4/ex02/morkovka/install/morkovka/lib/python3.10/site-packages/morkovka-0.0.0-py3.10.egg-info
[2.516s] running install_scripts
[2.567s] Installing dynamic script to /home/kirill/Desktop/robotics/lab4/ex02/morkovka/install/morkovka/lib/morkovka
[2.567s] Installing turtle_tf2_broadcaster script to /home/kirill/Desktop/robotics/lab4/ex02/morkovka/install/morkovka/lib/morkovka
[2.567s] Installing turtle_tf2_listener script to /home/kirill/Desktop/robotics/lab4/ex02/morkovka/install/morkovka/lib/morkovka
[2.567s] writing list of installed files to '/home/kirill/Desktop/robotics/lab4/ex02/morkovka/build/morkovka/install.log'
[2.611s] Invoked command in '/home/kirill/Desktop/robotics/lab4/ex02/morkovka' returned '0': PYTHONPATH=/home/kirill/Desktop/robotics/lab4/ex02/morkovka/build/morkovka/prefix_override:/usr/lib/python3/dist-packages/colcon_core/task/python/colcon_distutils_commands:/home/kirill/Desktop/robotics/lab4/ex02/morkovka/install/morkovka/lib/python3.10/site-packages:${PYTHONPATH} /usr/bin/python3 -W ignore:setup.py install is deprecated setup.py egg_info --egg-base build/morkovka build --build-base /home/kirill/Desktop/robotics/lab4/ex02/morkovka/build/morkovka/build install --record /home/kirill/Desktop/robotics/lab4/ex02/morkovka/build/morkovka/install.log --single-version-externally-managed install_data
