-- The C compiler identification is GNU 11.4.0
-- The CXX compiler identification is GNU 11.4.0
-- Detecting C compiler ABI info
-- Detecting C compiler ABI info - done
-- Check for working C compiler: /usr/bin/cc - skipped
-- Detecting C compile features
-- Detecting C compile features - done
-- Detecting CXX compiler ABI info
-- Detecting CXX compiler ABI info - done
-- Check for working CXX compiler: /usr/bin/c++ - skipped
-- Detecting CXX compile features
-- Detecting CXX compile features - done
-- Found ament_cmake: 1.3.10 (/opt/ros/humble/share/ament_cmake/cmake)
-- Found Python3: /usr/bin/python3 (found version "3.10.12") found components: Interpreter 
-- Found ament_lint_auto: 0.12.11 (/opt/ros/humble/share/ament_lint_auto/cmake)
-- Added test 'lint_cmake' to check CMake code style
-- Added test 'xmllint' to check XML markup files
-- Configuring done
-- Generating done
-- Build files have been written to: /home/kirill/Desktop/robotics/lab5/ex02/build/my_robot2
-- Install configuration: ""
-- Installing: /home/kirill/Desktop/robotics/lab5/ex02/install/my_robot2/share/ament_index/resource_index/package_run_dependencies/my_robot2
-- Installing: /home/kirill/Desktop/robotics/lab5/ex02/install/my_robot2/share/ament_index/resource_index/parent_prefix_path/my_robot2
-- Installing: /home/kirill/Desktop/robotics/lab5/ex02/install/my_robot2/share/my_robot2/environment/ament_prefix_path.sh
-- Installing: /home/kirill/Desktop/robotics/lab5/ex02/install/my_robot2/share/my_robot2/environment/ament_prefix_path.dsv
-- Installing: /home/kirill/Desktop/robotics/lab5/ex02/install/my_robot2/share/my_robot2/environment/path.sh
-- Installing: /home/kirill/Desktop/robotics/lab5/ex02/install/my_robot2/share/my_robot2/environment/path.dsv
-- Installing: /home/kirill/Desktop/robotics/lab5/ex02/install/my_robot2/share/my_robot2/local_setup.bash
-- Installing: /home/kirill/Desktop/robotics/lab5/ex02/install/my_robot2/share/my_robot2/local_setup.sh
-- Installing: /home/kirill/Desktop/robotics/lab5/ex02/install/my_robot2/share/my_robot2/local_setup.zsh
-- Installing: /home/kirill/Desktop/robotics/lab5/ex02/install/my_robot2/share/my_robot2/local_setup.dsv
-- Installing: /home/kirill/Desktop/robotics/lab5/ex02/install/my_robot2/share/my_robot2/package.dsv
-- Installing: /home/kirill/Desktop/robotics/lab5/ex02/install/my_robot2/share/ament_index/resource_index/packages/my_robot2
-- Installing: /home/kirill/Desktop/robotics/lab5/ex02/install/my_robot2/share/my_robot2/cmake/my_robot2Config.cmake
-- Installing: /home/kirill/Desktop/robotics/lab5/ex02/install/my_robot2/share/my_robot2/cmake/my_robot2Config-version.cmake
-- Installing: /home/kirill/Desktop/robotics/lab5/ex02/install/my_robot2/share/my_robot2/package.xml
