[0.022s] Invoking command in '/home/kirill/Desktop/robotics/lab5/ex02/build/my_robot2': CMAKE_PREFIX_PATH=${CMAKE_PREFIX_PATH}:/opt/ros/humble /usr/bin/cmake /home/kirill/Desktop/robotics/lab5/ex02/my_robot2 -DCMAKE_INSTALL_PREFIX=/home/kirill/Desktop/robotics/lab5/ex02/install/my_robot2
[0.121s] -- The C compiler identification is GNU 11.4.0
[0.235s] -- The CXX compiler identification is GNU 11.4.0
[0.249s] -- Detecting C compiler ABI info
[0.369s] -- Detecting C compiler ABI info - done
[0.391s] -- Check for working C compiler: /usr/bin/cc - skipped
[0.391s] -- Detecting C compile features
[0.392s] -- Detecting C compile features - done
[0.398s] -- Detecting CXX compiler ABI info
[0.584s] -- Detecting CXX compiler ABI info - done
[0.614s] -- Check for working CXX compiler: /usr/bin/c++ - skipped
[0.615s] -- Detecting CXX compile features
[0.617s] -- Detecting CXX compile features - done
[0.622s] -- Found ament_cmake: 1.3.10 (/opt/ros/humble/share/ament_cmake/cmake)
[0.967s] -- Found Python3: /usr/bin/python3 (found version "3.10.12") found components: Interpreter 
[1.201s] -- Found ament_lint_auto: 0.12.11 (/opt/ros/humble/share/ament_lint_auto/cmake)
[1.406s] -- Added test 'lint_cmake' to check CMake code style
[1.410s] -- Added test 'xmllint' to check XML markup files
[1.414s] -- Configuring done
[1.425s] -- Generating done
[1.428s] -- Build files have been written to: /home/kirill/Desktop/robotics/lab5/ex02/build/my_robot2
[1.446s] Invoked command in '/home/kirill/Desktop/robotics/lab5/ex02/build/my_robot2' returned '0': CMAKE_PREFIX_PATH=${CMAKE_PREFIX_PATH}:/opt/ros/humble /usr/bin/cmake /home/kirill/Desktop/robotics/lab5/ex02/my_robot2 -DCMAKE_INSTALL_PREFIX=/home/kirill/Desktop/robotics/lab5/ex02/install/my_robot2
[1.452s] Invoking command in '/home/kirill/Desktop/robotics/lab5/ex02/build/my_robot2': CMAKE_PREFIX_PATH=${CMAKE_PREFIX_PATH}:/opt/ros/humble /usr/bin/cmake --build /home/kirill/Desktop/robotics/lab5/ex02/build/my_robot2 -- -j4 -l4
[1.531s] Invoked command in '/home/kirill/Desktop/robotics/lab5/ex02/build/my_robot2' returned '0': CMAKE_PREFIX_PATH=${CMAKE_PREFIX_PATH}:/opt/ros/humble /usr/bin/cmake --build /home/kirill/Desktop/robotics/lab5/ex02/build/my_robot2 -- -j4 -l4
[1.590s] Invoking command in '/home/kirill/Desktop/robotics/lab5/ex02/build/my_robot2': CMAKE_PREFIX_PATH=${CMAKE_PREFIX_PATH}:/opt/ros/humble /usr/bin/cmake --install /home/kirill/Desktop/robotics/lab5/ex02/build/my_robot2
[1.606s] -- Install configuration: ""
[1.606s] -- Installing: /home/kirill/Desktop/robotics/lab5/ex02/install/my_robot2/share/ament_index/resource_index/package_run_dependencies/my_robot2
[1.607s] -- Installing: /home/kirill/Desktop/robotics/lab5/ex02/install/my_robot2/share/ament_index/resource_index/parent_prefix_path/my_robot2
[1.607s] -- Installing: /home/kirill/Desktop/robotics/lab5/ex02/install/my_robot2/share/my_robot2/environment/ament_prefix_path.sh
[1.607s] -- Installing: /home/kirill/Desktop/robotics/lab5/ex02/install/my_robot2/share/my_robot2/environment/ament_prefix_path.dsv
[1.608s] -- Installing: /home/kirill/Desktop/robotics/lab5/ex02/install/my_robot2/share/my_robot2/environment/path.sh
[1.608s] -- Installing: /home/kirill/Desktop/robotics/lab5/ex02/install/my_robot2/share/my_robot2/environment/path.dsv
[1.608s] -- Installing: /home/kirill/Desktop/robotics/lab5/ex02/install/my_robot2/share/my_robot2/local_setup.bash
[1.608s] -- Installing: /home/kirill/Desktop/robotics/lab5/ex02/install/my_robot2/share/my_robot2/local_setup.sh
[1.609s] -- Installing: /home/kirill/Desktop/robotics/lab5/ex02/install/my_robot2/share/my_robot2/local_setup.zsh
[1.609s] -- Installing: /home/kirill/Desktop/robotics/lab5/ex02/install/my_robot2/share/my_robot2/local_setup.dsv
[1.610s] -- Installing: /home/kirill/Desktop/robotics/lab5/ex02/install/my_robot2/share/my_robot2/package.dsv
[1.610s] -- Installing: /home/kirill/Desktop/robotics/lab5/ex02/install/my_robot2/share/ament_index/resource_index/packages/my_robot2
[1.611s] -- Installing: /home/kirill/Desktop/robotics/lab5/ex02/install/my_robot2/share/my_robot2/cmake/my_robot2Config.cmake
[1.611s] -- Installing: /home/kirill/Desktop/robotics/lab5/ex02/install/my_robot2/share/my_robot2/cmake/my_robot2Config-version.cmake
[1.611s] -- Installing: /home/kirill/Desktop/robotics/lab5/ex02/install/my_robot2/share/my_robot2/package.xml
[1.615s] Invoked command in '/home/kirill/Desktop/robotics/lab5/ex02/build/my_robot2' returned '0': CMAKE_PREFIX_PATH=${CMAKE_PREFIX_PATH}:/opt/ros/humble /usr/bin/cmake --install /home/kirill/Desktop/robotics/lab5/ex02/build/my_robot2
