running egg_info
writing ../build/tormoz/tormoz.egg-info/PKG-INFO
writing dependency_links to ../build/tormoz/tormoz.egg-info/dependency_links.txt
writing entry points to ../build/tormoz/tormoz.egg-info/entry_points.txt
writing requirements to ../build/tormoz/tormoz.egg-info/requires.txt
writing top-level names to ../build/tormoz/tormoz.egg-info/top_level.txt
reading manifest file '../build/tormoz/tormoz.egg-info/SOURCES.txt'
writing manifest file '../build/tormoz/tormoz.egg-info/SOURCES.txt'
running build
running build_py
running install
running install_lib
running install_data
copying launch/turtle_tf2_demo.launch.py -> /home/kirill/Desktop/robotics/lab4/ex03/install/tormoz/share/tormoz/launch
running install_egg_info
removing '/home/kirill/Desktop/robotics/lab4/ex03/install/tormoz/lib/python3.10/site-packages/tormoz-0.0.0-py3.10.egg-info' (and everything under it)
Copying ../build/tormoz/tormoz.egg-info to /home/kirill/Desktop/robotics/lab4/ex03/install/tormoz/lib/python3.10/site-packages/tormoz-0.0.0-py3.10.egg-info
running install_scripts
Installing turtle_tf2_broadcaster script to /home/kirill/Desktop/robotics/lab4/ex03/install/tormoz/lib/tormoz
Installing turtle_tf2_listener script to /home/kirill/Desktop/robotics/lab4/ex03/install/tormoz/lib/tormoz
writing list of installed files to '/home/kirill/Desktop/robotics/lab4/ex03/build/tormoz/install.log'
