[1.246s] Invoking command in '/home/kirill/Desktop/robotics/lab4/ex03/tormoz': PYTHONPATH=/home/kirill/Desktop/robotics/lab4/ex03/build/tormoz/prefix_override:/usr/lib/python3/dist-packages/colcon_core/task/python/colcon_distutils_commands:/home/kirill/Desktop/robotics/lab4/ex03/install/tormoz/lib/python3.10/site-packages:${PYTHONPATH} /usr/bin/python3 -W ignore:setup.py install is deprecated setup.py egg_info --egg-base ../build/tormoz build --build-base /home/kirill/Desktop/robotics/lab4/ex03/build/tormoz/build install --record /home/kirill/Desktop/robotics/lab4/ex03/build/tormoz/install.log --single-version-externally-managed install_data
[1.721s] running egg_info
[1.722s] writing ../build/tormoz/tormoz.egg-info/PKG-INFO
[1.723s] writing dependency_links to ../build/tormoz/tormoz.egg-info/dependency_links.txt
[1.724s] writing entry points to ../build/tormoz/tormoz.egg-info/entry_points.txt
[1.724s] writing requirements to ../build/tormoz/tormoz.egg-info/requires.txt
[1.724s] writing top-level names to ../build/tormoz/tormoz.egg-info/top_level.txt
[1.729s] reading manifest file '../build/tormoz/tormoz.egg-info/SOURCES.txt'
[1.732s] writing manifest file '../build/tormoz/tormoz.egg-info/SOURCES.txt'
[1.732s] running build
[1.732s] running build_py
[1.733s] running install
[1.733s] running install_lib
[1.735s] running install_data
[1.736s] copying launch/turtle_tf2_demo.launch.py -> /home/kirill/Desktop/robotics/lab4/ex03/install/tormoz/share/tormoz/launch
[1.736s] running install_egg_info
[1.740s] removing '/home/kirill/Desktop/robotics/lab4/ex03/install/tormoz/lib/python3.10/site-packages/tormoz-0.0.0-py3.10.egg-info' (and everything under it)
[1.742s] Copying ../build/tormoz/tormoz.egg-info to /home/kirill/Desktop/robotics/lab4/ex03/install/tormoz/lib/python3.10/site-packages/tormoz-0.0.0-py3.10.egg-info
[1.744s] running install_scripts
[1.781s] Installing turtle_tf2_broadcaster script to /home/kirill/Desktop/robotics/lab4/ex03/install/tormoz/lib/tormoz
[1.781s] Installing turtle_tf2_listener script to /home/kirill/Desktop/robotics/lab4/ex03/install/tormoz/lib/tormoz
[1.782s] writing list of installed files to '/home/kirill/Desktop/robotics/lab4/ex03/build/tormoz/install.log'
[1.826s] Invoked command in '/home/kirill/Desktop/robotics/lab4/ex03/tormoz' returned '0': PYTHONPATH=/home/kirill/Desktop/robotics/lab4/ex03/build/tormoz/prefix_override:/usr/lib/python3/dist-packages/colcon_core/task/python/colcon_distutils_commands:/home/kirill/Desktop/robotics/lab4/ex03/install/tormoz/lib/python3.10/site-packages:${PYTHONPATH} /usr/bin/python3 -W ignore:setup.py install is deprecated setup.py egg_info --egg-base ../build/tormoz build --build-base /home/kirill/Desktop/robotics/lab4/ex03/build/tormoz/build install --record /home/kirill/Desktop/robotics/lab4/ex03/build/tormoz/install.log --single-version-externally-managed install_data
