[1.444s] Invoking command in '/home/kirill/Desktop/robotics/lab4/ex03/tormoz': PYTHONPATH=/home/kirill/Desktop/robotics/lab4/ex03/build/tormoz/prefix_override:/usr/lib/python3/dist-packages/colcon_core/task/python/colcon_distutils_commands:/home/kirill/Desktop/robotics/lab4/ex03/install/tormoz/lib/python3.10/site-packages:${PYTHONPATH} /usr/bin/python3 -W ignore:setup.py install is deprecated setup.py egg_info --egg-base ../build/tormoz build --build-base /home/kirill/Desktop/robotics/lab4/ex03/build/tormoz/build install --record /home/kirill/Desktop/robotics/lab4/ex03/build/tormoz/install.log --single-version-externally-managed install_data
[1.941s] running egg_info
[1.943s] creating ../build/tormoz/tormoz.egg-info
[1.943s] writing ../build/tormoz/tormoz.egg-info/PKG-INFO
[1.944s] writing dependency_links to ../build/tormoz/tormoz.egg-info/dependency_links.txt
[1.945s] writing entry points to ../build/tormoz/tormoz.egg-info/entry_points.txt
[1.945s] writing requirements to ../build/tormoz/tormoz.egg-info/requires.txt
[1.946s] writing top-level names to ../build/tormoz/tormoz.egg-info/top_level.txt
[1.946s] writing manifest file '../build/tormoz/tormoz.egg-info/SOURCES.txt'
[1.951s] reading manifest file '../build/tormoz/tormoz.egg-info/SOURCES.txt'
[1.953s] writing manifest file '../build/tormoz/tormoz.egg-info/SOURCES.txt'
[1.953s] running build
[1.954s] running build_py
[1.954s] creating /home/kirill/Desktop/robotics/lab4/ex03/build/tormoz/build
[1.954s] creating /home/kirill/Desktop/robotics/lab4/ex03/build/tormoz/build/lib
[1.954s] creating /home/kirill/Desktop/robotics/lab4/ex03/build/tormoz/build/lib/tormoz
[1.955s] copying tormoz/__init__.py -> /home/kirill/Desktop/robotics/lab4/ex03/build/tormoz/build/lib/tormoz
[1.955s] running install
[1.956s] running install_lib
[1.957s] creating /home/kirill/Desktop/robotics/lab4/ex03/install/tormoz/lib/python3.10/site-packages/tormoz
[1.957s] copying /home/kirill/Desktop/robotics/lab4/ex03/build/tormoz/build/lib/tormoz/__init__.py -> /home/kirill/Desktop/robotics/lab4/ex03/install/tormoz/lib/python3.10/site-packages/tormoz
[1.958s] byte-compiling /home/kirill/Desktop/robotics/lab4/ex03/install/tormoz/lib/python3.10/site-packages/tormoz/__init__.py to __init__.cpython-310.pyc
[1.958s] running install_data
[1.959s] creating /home/kirill/Desktop/robotics/lab4/ex03/install/tormoz/share/ament_index
[1.959s] creating /home/kirill/Desktop/robotics/lab4/ex03/install/tormoz/share/ament_index/resource_index
[1.959s] creating /home/kirill/Desktop/robotics/lab4/ex03/install/tormoz/share/ament_index/resource_index/packages
[1.959s] copying resource/tormoz -> /home/kirill/Desktop/robotics/lab4/ex03/install/tormoz/share/ament_index/resource_index/packages
[1.959s] copying package.xml -> /home/kirill/Desktop/robotics/lab4/ex03/install/tormoz/share/tormoz
[1.959s] running install_egg_info
[1.962s] Copying ../build/tormoz/tormoz.egg-info to /home/kirill/Desktop/robotics/lab4/ex03/install/tormoz/lib/python3.10/site-packages/tormoz-0.0.0-py3.10.egg-info
[1.964s] running install_scripts
[2.002s] writing list of installed files to '/home/kirill/Desktop/robotics/lab4/ex03/build/tormoz/install.log'
[2.053s] Invoked command in '/home/kirill/Desktop/robotics/lab4/ex03/tormoz' returned '0': PYTHONPATH=/home/kirill/Desktop/robotics/lab4/ex03/build/tormoz/prefix_override:/usr/lib/python3/dist-packages/colcon_core/task/python/colcon_distutils_commands:/home/kirill/Desktop/robotics/lab4/ex03/install/tormoz/lib/python3.10/site-packages:${PYTHONPATH} /usr/bin/python3 -W ignore:setup.py install is deprecated setup.py egg_info --egg-base ../build/tormoz build --build-base /home/kirill/Desktop/robotics/lab4/ex03/build/tormoz/build install --record /home/kirill/Desktop/robotics/lab4/ex03/build/tormoz/install.log --single-version-externally-managed install_data
