[0.209s] DEBUG:colcon:Command line arguments: ['/usr/bin/colcon', 'build']
[0.209s] DEBUG:colcon:Parsed command line arguments: Namespace(log_base=None, log_level=None, verb_name='build', build_base='build', install_base='install', merge_install=False, symlink_install=False, test_result_base=None, continue_on_error=False, executor='parallel', parallel_workers=4, event_handlers=None, ignore_user_meta=False, metas=['./colcon.meta'], base_paths=['.'], packages_ignore=None, packages_ignore_regex=None, paths=None, packages_up_to=None, packages_up_to_regex=None, packages_above=None, packages_above_and_dependencies=None, packages_above_depth=None, packages_select_by_dep=None, packages_skip_by_dep=None, packages_skip_up_to=None, packages_select_build_failed=False, packages_skip_build_finished=False, packages_select_test_failures=False, packages_skip_test_passed=False, packages_select=None, packages_skip=None, packages_select_regex=None, packages_skip_regex=None, packages_start=None, packages_end=None, allow_overriding=[], cmake_args=None, cmake_target=None, cmake_target_skip_unavailable=False, cmake_clean_cache=False, cmake_clean_first=False, cmake_force_configure=False, ament_cmake_args=None, catkin_cmake_args=None, catkin_skip_building_tests=False, mixin_files=None, mixin=None, verb_parser=<colcon_mixin.mixin.mixin_argument.MixinArgumentDecorator object at 0x79d31b936a40>, verb_extension=<colcon_core.verb.build.BuildVerb object at 0x79d31ba46a40>, main=<bound method BuildVerb.main of <colcon_core.verb.build.BuildVerb object at 0x79d31ba46a40>>, mixin_verb=('build',))
[0.531s] Level 1:colcon.colcon_core.package_discovery:discover_packages(colcon_meta) check parameters
[0.531s] Level 1:colcon.colcon_core.package_discovery:discover_packages(recursive) check parameters
[0.531s] Level 1:colcon.colcon_core.package_discovery:discover_packages(ignore) check parameters
[0.531s] Level 1:colcon.colcon_core.package_discovery:discover_packages(path) check parameters
[0.531s] Level 1:colcon.colcon_core.package_discovery:discover_packages(colcon_meta) discover
[0.532s] Level 1:colcon.colcon_core.package_discovery:discover_packages(recursive) discover
[0.532s] INFO:colcon.colcon_core.package_discovery:Crawling recursively for packages in '/home/kirill/Desktop/robotics/lab4/ex02/morkovka'
[0.532s] Level 1:colcon.colcon_core.package_identification:_identify(.) by extensions ['ignore', 'ignore_ament_install']
[0.532s] Level 1:colcon.colcon_core.package_identification:_identify(.) by extension 'ignore'
[0.532s] Level 1:colcon.colcon_core.package_identification:_identify(.) by extension 'ignore_ament_install'
[0.532s] Level 1:colcon.colcon_core.package_identification:_identify(.) by extensions ['colcon_pkg']
[0.532s] Level 1:colcon.colcon_core.package_identification:_identify(.) by extension 'colcon_pkg'
[0.532s] Level 1:colcon.colcon_core.package_identification:_identify(.) by extensions ['colcon_meta']
[0.532s] Level 1:colcon.colcon_core.package_identification:_identify(.) by extension 'colcon_meta'
[0.532s] Level 1:colcon.colcon_core.package_identification:_identify(.) by extensions ['ros']
[0.533s] Level 1:colcon.colcon_core.package_identification:_identify(.) by extension 'ros'
[0.560s] DEBUG:colcon.colcon_core.package_identification:Package '.' with type 'ros.ament_python' and name 'morkovka'
[0.560s] Level 1:colcon.colcon_core.package_discovery:discover_packages(recursive) using defaults
[0.561s] Level 1:colcon.colcon_core.package_discovery:discover_packages(ignore) discover
[0.561s] Level 1:colcon.colcon_core.package_discovery:discover_packages(ignore) using defaults
[0.561s] Level 1:colcon.colcon_core.package_discovery:discover_packages(path) discover
[0.561s] Level 1:colcon.colcon_core.package_discovery:discover_packages(path) using defaults
[0.596s] Level 1:colcon.colcon_core.package_discovery:discover_packages(prefix_path) check parameters
[0.596s] Level 1:colcon.colcon_core.package_discovery:discover_packages(prefix_path) discover
[0.599s] DEBUG:colcon.colcon_installed_package_information.package_discovery:Found 1 installed packages in /home/kirill/Desktop/robotics/lab4/ex02/morkovka/install
[0.601s] DEBUG:colcon.colcon_installed_package_information.package_discovery:Found 271 installed packages in /opt/ros/humble
[0.605s] Level 1:colcon.colcon_core.package_discovery:discover_packages(prefix_path) using defaults
[0.701s] Level 5:colcon.colcon_core.verb:set package 'morkovka' build argument 'cmake_args' from command line to 'None'
[0.701s] Level 5:colcon.colcon_core.verb:set package 'morkovka' build argument 'cmake_target' from command line to 'None'
[0.701s] Level 5:colcon.colcon_core.verb:set package 'morkovka' build argument 'cmake_target_skip_unavailable' from command line to 'False'
[0.701s] Level 5:colcon.colcon_core.verb:set package 'morkovka' build argument 'cmake_clean_cache' from command line to 'False'
[0.701s] Level 5:colcon.colcon_core.verb:set package 'morkovka' build argument 'cmake_clean_first' from command line to 'False'
[0.701s] Level 5:colcon.colcon_core.verb:set package 'morkovka' build argument 'cmake_force_configure' from command line to 'False'
[0.701s] Level 5:colcon.colcon_core.verb:set package 'morkovka' build argument 'ament_cmake_args' from command line to 'None'
[0.701s] Level 5:colcon.colcon_core.verb:set package 'morkovka' build argument 'catkin_cmake_args' from command line to 'None'
[0.701s] Level 5:colcon.colcon_core.verb:set package 'morkovka' build argument 'catkin_skip_building_tests' from command line to 'False'
[0.702s] DEBUG:colcon.colcon_core.verb:Building package 'morkovka' with the following arguments: {'ament_cmake_args': None, 'build_base': '/home/kirill/Desktop/robotics/lab4/ex02/morkovka/build/morkovka', 'catkin_cmake_args': None, 'catkin_skip_building_tests': False, 'cmake_args': None, 'cmake_clean_cache': False, 'cmake_clean_first': False, 'cmake_force_configure': False, 'cmake_target': None, 'cmake_target_skip_unavailable': False, 'install_base': '/home/kirill/Desktop/robotics/lab4/ex02/morkovka/install/morkovka', 'merge_install': False, 'path': '/home/kirill/Desktop/robotics/lab4/ex02/morkovka', 'symlink_install': False, 'test_result_base': None}
[0.702s] INFO:colcon.colcon_core.executor:Executing jobs using 'parallel' executor
[0.704s] DEBUG:colcon.colcon_parallel_executor.executor.parallel:run_until_complete
[0.705s] INFO:colcon.colcon_ros.task.ament_python.build:Building ROS package in '/home/kirill/Desktop/robotics/lab4/ex02/morkovka' with build type 'ament_python'
[0.706s] Level 1:colcon.colcon_core.shell:create_environment_hook('morkovka', 'ament_prefix_path')
[0.709s] INFO:colcon.colcon_core.plugin_system:Skipping extension 'colcon_core.shell.bat': Not used on non-Windows systems
[0.709s] INFO:colcon.colcon_core.shell:Creating environment hook '/home/kirill/Desktop/robotics/lab4/ex02/morkovka/install/morkovka/share/morkovka/hook/ament_prefix_path.ps1'
[0.711s] INFO:colcon.colcon_core.shell:Creating environment descriptor '/home/kirill/Desktop/robotics/lab4/ex02/morkovka/install/morkovka/share/morkovka/hook/ament_prefix_path.dsv'
[0.712s] INFO:colcon.colcon_core.shell:Creating environment hook '/home/kirill/Desktop/robotics/lab4/ex02/morkovka/install/morkovka/share/morkovka/hook/ament_prefix_path.sh'
[0.714s] INFO:colcon.colcon_core.shell:Skip shell extension 'powershell' for command environment: Not usable outside of PowerShell
[0.714s] DEBUG:colcon.colcon_core.shell:Skip shell extension 'dsv' for command environment
[1.306s] INFO:colcon.colcon_core.task.python.build:Building Python package in '/home/kirill/Desktop/robotics/lab4/ex02/morkovka'
[1.308s] INFO:colcon.colcon_core.shell:Skip shell extension 'powershell' for command environment: Not usable outside of PowerShell
[1.308s] DEBUG:colcon.colcon_core.shell:Skip shell extension 'dsv' for command environment
[2.105s] DEBUG:colcon.colcon_core.event_handler.log_command:Invoking command in '/home/kirill/Desktop/robotics/lab4/ex02/morkovka': PYTHONPATH=/home/kirill/Desktop/robotics/lab4/ex02/morkovka/build/morkovka/prefix_override:/usr/lib/python3/dist-packages/colcon_core/task/python/colcon_distutils_commands:/home/kirill/Desktop/robotics/lab4/ex02/morkovka/install/morkovka/lib/python3.10/site-packages:${PYTHONPATH} /usr/bin/python3 -W ignore:setup.py install is deprecated setup.py egg_info --egg-base build/morkovka build --build-base /home/kirill/Desktop/robotics/lab4/ex02/morkovka/build/morkovka/build install --record /home/kirill/Desktop/robotics/lab4/ex02/morkovka/build/morkovka/install.log --single-version-externally-managed install_data
[3.115s] DEBUG:colcon.colcon_core.event_handler.log_command:Invoked command in '/home/kirill/Desktop/robotics/lab4/ex02/morkovka' returned '0': PYTHONPATH=/home/kirill/Desktop/robotics/lab4/ex02/morkovka/build/morkovka/prefix_override:/usr/lib/python3/dist-packages/colcon_core/task/python/colcon_distutils_commands:/home/kirill/Desktop/robotics/lab4/ex02/morkovka/install/morkovka/lib/python3.10/site-packages:${PYTHONPATH} /usr/bin/python3 -W ignore:setup.py install is deprecated setup.py egg_info --egg-base build/morkovka build --build-base /home/kirill/Desktop/robotics/lab4/ex02/morkovka/build/morkovka/build install --record /home/kirill/Desktop/robotics/lab4/ex02/morkovka/build/morkovka/install.log --single-version-externally-managed install_data
[3.126s] Level 1:colcon.colcon_core.environment:checking '/home/kirill/Desktop/robotics/lab4/ex02/morkovka/install/morkovka' for CMake module files
[3.127s] Level 1:colcon.colcon_core.environment:checking '/home/kirill/Desktop/robotics/lab4/ex02/morkovka/install/morkovka' for CMake config files
[3.129s] Level 1:colcon.colcon_core.environment:checking '/home/kirill/Desktop/robotics/lab4/ex02/morkovka/install/morkovka/lib'
[3.129s] Level 1:colcon.colcon_core.environment:checking '/home/kirill/Desktop/robotics/lab4/ex02/morkovka/install/morkovka/bin'
[3.130s] Level 1:colcon.colcon_core.environment:checking '/home/kirill/Desktop/robotics/lab4/ex02/morkovka/install/morkovka/lib/pkgconfig/morkovka.pc'
[3.131s] Level 1:colcon.colcon_core.environment:checking '/home/kirill/Desktop/robotics/lab4/ex02/morkovka/install/morkovka/lib/python3.10/site-packages'
[3.131s] Level 1:colcon.colcon_core.shell:create_environment_hook('morkovka', 'pythonpath')
[3.132s] INFO:colcon.colcon_core.shell:Creating environment hook '/home/kirill/Desktop/robotics/lab4/ex02/morkovka/install/morkovka/share/morkovka/hook/pythonpath.ps1'
[3.134s] INFO:colcon.colcon_core.shell:Creating environment descriptor '/home/kirill/Desktop/robotics/lab4/ex02/morkovka/install/morkovka/share/morkovka/hook/pythonpath.dsv'
[3.135s] INFO:colcon.colcon_core.shell:Creating environment hook '/home/kirill/Desktop/robotics/lab4/ex02/morkovka/install/morkovka/share/morkovka/hook/pythonpath.sh'
[3.136s] Level 1:colcon.colcon_core.environment:checking '/home/kirill/Desktop/robotics/lab4/ex02/morkovka/install/morkovka/bin'
[3.136s] Level 1:colcon.colcon_core.environment:create_environment_scripts_only(morkovka)
[3.137s] INFO:colcon.colcon_core.shell:Creating package script '/home/kirill/Desktop/robotics/lab4/ex02/morkovka/install/morkovka/share/morkovka/package.ps1'
[3.139s] INFO:colcon.colcon_core.shell:Creating package descriptor '/home/kirill/Desktop/robotics/lab4/ex02/morkovka/install/morkovka/share/morkovka/package.dsv'
[3.140s] INFO:colcon.colcon_core.shell:Creating package script '/home/kirill/Desktop/robotics/lab4/ex02/morkovka/install/morkovka/share/morkovka/package.sh'
[3.141s] INFO:colcon.colcon_core.shell:Creating package script '/home/kirill/Desktop/robotics/lab4/ex02/morkovka/install/morkovka/share/morkovka/package.bash'
[3.143s] INFO:colcon.colcon_core.shell:Creating package script '/home/kirill/Desktop/robotics/lab4/ex02/morkovka/install/morkovka/share/morkovka/package.zsh'
[3.144s] Level 1:colcon.colcon_core.environment:create_file_with_runtime_dependencies(/home/kirill/Desktop/robotics/lab4/ex02/morkovka/install/morkovka/share/colcon-core/packages/morkovka)
[3.145s] DEBUG:colcon.colcon_parallel_executor.executor.parallel:closing loop
[3.146s] DEBUG:colcon.colcon_parallel_executor.executor.parallel:loop closed
[3.146s] DEBUG:colcon.colcon_parallel_executor.executor.parallel:run_until_complete finished with '0'
[3.146s] DEBUG:colcon.colcon_core.event_reactor:joining thread
[3.158s] INFO:colcon.colcon_core.plugin_system:Skipping extension 'colcon_notification.desktop_notification.notify_send': Could not find 'notify-send'
[3.158s] INFO:colcon.colcon_core.plugin_system:Skipping extension 'colcon_notification.desktop_notification.terminal_notifier': Not used on non-Darwin systems
[3.158s] INFO:colcon.colcon_core.plugin_system:Skipping extension 'colcon_notification.desktop_notification.win32': Not used on non-Windows systems
[3.158s] INFO:colcon.colcon_notification.desktop_notification:Sending desktop notification using 'notify2'
[3.170s] DEBUG:colcon.colcon_core.event_reactor:joined thread
[3.172s] INFO:colcon.colcon_core.shell:Creating prefix script '/home/kirill/Desktop/robotics/lab4/ex02/morkovka/install/local_setup.ps1'
[3.175s] INFO:colcon.colcon_core.shell:Creating prefix util module '/home/kirill/Desktop/robotics/lab4/ex02/morkovka/install/_local_setup_util_ps1.py'
[3.179s] INFO:colcon.colcon_core.shell:Creating prefix chain script '/home/kirill/Desktop/robotics/lab4/ex02/morkovka/install/setup.ps1'
[3.183s] INFO:colcon.colcon_core.shell:Creating prefix script '/home/kirill/Desktop/robotics/lab4/ex02/morkovka/install/local_setup.sh'
[3.185s] INFO:colcon.colcon_core.shell:Creating prefix util module '/home/kirill/Desktop/robotics/lab4/ex02/morkovka/install/_local_setup_util_sh.py'
[3.185s] INFO:colcon.colcon_core.shell:Creating prefix chain script '/home/kirill/Desktop/robotics/lab4/ex02/morkovka/install/setup.sh'
[3.187s] INFO:colcon.colcon_core.shell:Creating prefix script '/home/kirill/Desktop/robotics/lab4/ex02/morkovka/install/local_setup.bash'
[3.188s] INFO:colcon.colcon_core.shell:Creating prefix chain script '/home/kirill/Desktop/robotics/lab4/ex02/morkovka/install/setup.bash'
[3.189s] INFO:colcon.colcon_core.shell:Creating prefix script '/home/kirill/Desktop/robotics/lab4/ex02/morkovka/install/local_setup.zsh'
[3.190s] INFO:colcon.colcon_core.shell:Creating prefix chain script '/home/kirill/Desktop/robotics/lab4/ex02/morkovka/install/setup.zsh'
