running egg_info
creating ../build/move_to_goal/move_to_goal.egg-info
writing ../build/move_to_goal/move_to_goal.egg-info/PKG-INFO
writing dependency_links to ../build/move_to_goal/move_to_goal.egg-info/dependency_links.txt
writing entry points to ../build/move_to_goal/move_to_goal.egg-info/entry_points.txt
writing requirements to ../build/move_to_goal/move_to_goal.egg-info/requires.txt
writing top-level names to ../build/move_to_goal/move_to_goal.egg-info/top_level.txt
writing manifest file '../build/move_to_goal/move_to_goal.egg-info/SOURCES.txt'
reading manifest file '../build/move_to_goal/move_to_goal.egg-info/SOURCES.txt'
writing manifest file '../build/move_to_goal/move_to_goal.egg-info/SOURCES.txt'
running build
running build_py
creating /home/kirill/Desktop/robotics/lab3/ex05/build/move_to_goal/build
creating /home/kirill/Desktop/robotics/lab3/ex05/build/move_to_goal/build/lib
creating /home/kirill/Desktop/robotics/lab3/ex05/build/move_to_goal/build/lib/move_to_goal
copying move_to_goal/__init__.py -> /home/kirill/Desktop/robotics/lab3/ex05/build/move_to_goal/build/lib/move_to_goal
running install
running install_lib
creating /home/kirill/Desktop/robotics/lab3/ex05/install/move_to_goal/lib/python3.10/site-packages/move_to_goal
copying /home/kirill/Desktop/robotics/lab3/ex05/build/move_to_goal/build/lib/move_to_goal/__init__.py -> /home/kirill/Desktop/robotics/lab3/ex05/install/move_to_goal/lib/python3.10/site-packages/move_to_goal
byte-compiling /home/kirill/Desktop/robotics/lab3/ex05/install/move_to_goal/lib/python3.10/site-packages/move_to_goal/__init__.py to __init__.cpython-310.pyc
running install_data
creating /home/kirill/Desktop/robotics/lab3/ex05/install/move_to_goal/share/ament_index
creating /home/kirill/Desktop/robotics/lab3/ex05/install/move_to_goal/share/ament_index/resource_index
creating /home/kirill/Desktop/robotics/lab3/ex05/install/move_to_goal/share/ament_index/resource_index/packages
copying resource/move_to_goal -> /home/kirill/Desktop/robotics/lab3/ex05/install/move_to_goal/share/ament_index/resource_index/packages
copying package.xml -> /home/kirill/Desktop/robotics/lab3/ex05/install/move_to_goal/share/move_to_goal
running install_egg_info
Copying ../build/move_to_goal/move_to_goal.egg-info to /home/kirill/Desktop/robotics/lab3/ex05/install/move_to_goal/lib/python3.10/site-packages/move_to_goal-0.0.0-py3.10.egg-info
running install_scripts
writing list of installed files to '/home/kirill/Desktop/robotics/lab3/ex05/build/move_to_goal/install.log'
