[1.081s] Invoking command in '/home/kirill/Desktop/robotics/lab3/ex05/move_to_goal': PYTHONPATH=/home/kirill/Desktop/robotics/lab3/ex05/build/move_to_goal/prefix_override:/usr/lib/python3/dist-packages/colcon_core/task/python/colcon_distutils_commands:/home/kirill/Desktop/robotics/lab3/ex05/install/move_to_goal/lib/python3.10/site-packages:${PYTHONPATH} /usr/bin/python3 -W ignore:setup.py install is deprecated setup.py egg_info --egg-base ../build/move_to_goal build --build-base /home/kirill/Desktop/robotics/lab3/ex05/build/move_to_goal/build install --record /home/kirill/Desktop/robotics/lab3/ex05/build/move_to_goal/install.log --single-version-externally-managed install_data
[1.516s] running egg_info
[1.517s] creating ../build/move_to_goal/move_to_goal.egg-info
[1.517s] writing ../build/move_to_goal/move_to_goal.egg-info/PKG-INFO
[1.518s] writing dependency_links to ../build/move_to_goal/move_to_goal.egg-info/dependency_links.txt
[1.518s] writing entry points to ../build/move_to_goal/move_to_goal.egg-info/entry_points.txt
[1.519s] writing requirements to ../build/move_to_goal/move_to_goal.egg-info/requires.txt
[1.519s] writing top-level names to ../build/move_to_goal/move_to_goal.egg-info/top_level.txt
[1.519s] writing manifest file '../build/move_to_goal/move_to_goal.egg-info/SOURCES.txt'
[1.522s] reading manifest file '../build/move_to_goal/move_to_goal.egg-info/SOURCES.txt'
[1.524s] writing manifest file '../build/move_to_goal/move_to_goal.egg-info/SOURCES.txt'
[1.524s] running build
[1.524s] running build_py
[1.525s] creating /home/kirill/Desktop/robotics/lab3/ex05/build/move_to_goal/build
[1.525s] creating /home/kirill/Desktop/robotics/lab3/ex05/build/move_to_goal/build/lib
[1.525s] creating /home/kirill/Desktop/robotics/lab3/ex05/build/move_to_goal/build/lib/move_to_goal
[1.525s] copying move_to_goal/__init__.py -> /home/kirill/Desktop/robotics/lab3/ex05/build/move_to_goal/build/lib/move_to_goal
[1.526s] running install
[1.526s] running install_lib
[1.527s] creating /home/kirill/Desktop/robotics/lab3/ex05/install/move_to_goal/lib/python3.10/site-packages/move_to_goal
[1.527s] copying /home/kirill/Desktop/robotics/lab3/ex05/build/move_to_goal/build/lib/move_to_goal/__init__.py -> /home/kirill/Desktop/robotics/lab3/ex05/install/move_to_goal/lib/python3.10/site-packages/move_to_goal
[1.528s] byte-compiling /home/kirill/Desktop/robotics/lab3/ex05/install/move_to_goal/lib/python3.10/site-packages/move_to_goal/__init__.py to __init__.cpython-310.pyc
[1.529s] running install_data
[1.529s] creating /home/kirill/Desktop/robotics/lab3/ex05/install/move_to_goal/share/ament_index
[1.529s] creating /home/kirill/Desktop/robotics/lab3/ex05/install/move_to_goal/share/ament_index/resource_index
[1.530s] creating /home/kirill/Desktop/robotics/lab3/ex05/install/move_to_goal/share/ament_index/resource_index/packages
[1.530s] copying resource/move_to_goal -> /home/kirill/Desktop/robotics/lab3/ex05/install/move_to_goal/share/ament_index/resource_index/packages
[1.530s] copying package.xml -> /home/kirill/Desktop/robotics/lab3/ex05/install/move_to_goal/share/move_to_goal
[1.530s] running install_egg_info
[1.533s] Copying ../build/move_to_goal/move_to_goal.egg-info to /home/kirill/Desktop/robotics/lab3/ex05/install/move_to_goal/lib/python3.10/site-packages/move_to_goal-0.0.0-py3.10.egg-info
[1.535s] running install_scripts
[1.571s] writing list of installed files to '/home/kirill/Desktop/robotics/lab3/ex05/build/move_to_goal/install.log'
[1.613s] Invoked command in '/home/kirill/Desktop/robotics/lab3/ex05/move_to_goal' returned '0': PYTHONPATH=/home/kirill/Desktop/robotics/lab3/ex05/build/move_to_goal/prefix_override:/usr/lib/python3/dist-packages/colcon_core/task/python/colcon_distutils_commands:/home/kirill/Desktop/robotics/lab3/ex05/install/move_to_goal/lib/python3.10/site-packages:${PYTHONPATH} /usr/bin/python3 -W ignore:setup.py install is deprecated setup.py egg_info --egg-base ../build/move_to_goal build --build-base /home/kirill/Desktop/robotics/lab3/ex05/build/move_to_goal/build install --record /home/kirill/Desktop/robotics/lab3/ex05/build/move_to_goal/install.log --single-version-externally-managed install_data
