[1.314s] Invoking command in '/home/kirill/Desktop/robotics/lab5/ex04/move': PYTHONPATH=/home/kirill/Desktop/robotics/lab5/ex04/build/move/prefix_override:/usr/lib/python3/dist-packages/colcon_core/task/python/colcon_distutils_commands:/home/kirill/Desktop/robotics/lab5/ex04/install/move/lib/python3.10/site-packages:${PYTHONPATH} /usr/bin/python3 -W ignore:setup.py install is deprecated setup.py egg_info --egg-base ../build/move build --build-base /home/kirill/Desktop/robotics/lab5/ex04/build/move/build install --record /home/kirill/Desktop/robotics/lab5/ex04/build/move/install.log --single-version-externally-managed install_data
[1.805s] running egg_info
[1.806s] writing ../build/move/move.egg-info/PKG-INFO
[1.807s] writing dependency_links to ../build/move/move.egg-info/dependency_links.txt
[1.807s] writing entry points to ../build/move/move.egg-info/entry_points.txt
[1.807s] writing requirements to ../build/move/move.egg-info/requires.txt
[1.808s] writing top-level names to ../build/move/move.egg-info/top_level.txt
[1.811s] reading manifest file '../build/move/move.egg-info/SOURCES.txt'
[1.814s] writing manifest file '../build/move/move.egg-info/SOURCES.txt'
[1.814s] running build
[1.814s] running build_py
[1.815s] running install
[1.815s] running install_lib
[1.818s] running install_data
[1.820s] running install_egg_info
[1.824s] removing '/home/kirill/Desktop/robotics/lab5/ex04/install/move/lib/python3.10/site-packages/move-0.0.0-py3.10.egg-info' (and everything under it)
[1.824s] Copying ../build/move/move.egg-info to /home/kirill/Desktop/robotics/lab5/ex04/install/move/lib/python3.10/site-packages/move-0.0.0-py3.10.egg-info
[1.827s] running install_scripts
[1.869s] Installing move script to /home/kirill/Desktop/robotics/lab5/ex04/install/move/lib/move
[1.869s] writing list of installed files to '/home/kirill/Desktop/robotics/lab5/ex04/build/move/install.log'
[1.911s] Invoked command in '/home/kirill/Desktop/robotics/lab5/ex04/move' returned '0': PYTHONPATH=/home/kirill/Desktop/robotics/lab5/ex04/build/move/prefix_override:/usr/lib/python3/dist-packages/colcon_core/task/python/colcon_distutils_commands:/home/kirill/Desktop/robotics/lab5/ex04/install/move/lib/python3.10/site-packages:${PYTHONPATH} /usr/bin/python3 -W ignore:setup.py install is deprecated setup.py egg_info --egg-base ../build/move build --build-base /home/kirill/Desktop/robotics/lab5/ex04/build/move/build install --record /home/kirill/Desktop/robotics/lab5/ex04/build/move/install.log --single-version-externally-managed install_data
