/home/kirill/Desktop/robotics/lab4/ex02/morkovka/install/morkovka/lib/python3.10/site-packages/morkovka/dynamic_frame_tf2_broadcaster.py
/home/kirill/Desktop/robotics/lab4/ex02/morkovka/install/morkovka/lib/python3.10/site-packages/morkovka/__init__.py
/home/kirill/Desktop/robotics/lab4/ex02/morkovka/install/morkovka/lib/python3.10/site-packages/morkovka/turtle_tf2_broadcaster.py
/home/kirill/Desktop/robotics/lab4/ex02/morkovka/install/morkovka/lib/python3.10/site-packages/morkovka/turtle_tf2_listener.py
/home/kirill/Desktop/robotics/lab4/ex02/morkovka/install/morkovka/lib/python3.10/site-packages/morkovka/__pycache__/dynamic_frame_tf2_broadcaster.cpython-310.pyc
/home/kirill/Desktop/robotics/lab4/ex02/morkovka/install/morkovka/lib/python3.10/site-packages/morkovka/__pycache__/__init__.cpython-310.pyc
/home/kirill/Desktop/robotics/lab4/ex02/morkovka/install/morkovka/lib/python3.10/site-packages/morkovka/__pycache__/turtle_tf2_broadcaster.cpython-310.pyc
/home/kirill/Desktop/robotics/lab4/ex02/morkovka/install/morkovka/lib/python3.10/site-packages/morkovka/__pycache__/turtle_tf2_listener.cpython-310.pyc
/home/kirill/Desktop/robotics/lab4/ex02/morkovka/install/morkovka/share/ament_index/resource_index/packages/morkovka
/home/kirill/Desktop/robotics/lab4/ex02/morkovka/install/morkovka/share/morkovka/package.xml
/home/kirill/Desktop/robotics/lab4/ex02/morkovka/install/morkovka/share/morkovka/launch/turtle_tf2_demo.launch.py
/home/kirill/Desktop/robotics/lab4/ex02/morkovka/install/morkovka/share/morkovka/launch/dynamic.launch.py
/home/kirill/Desktop/robotics/lab4/ex02/morkovka/install/morkovka/lib/python3.10/site-packages/morkovka-0.0.0-py3.10.egg-info/top_level.txt
/home/kirill/Desktop/robotics/lab4/ex02/morkovka/install/morkovka/lib/python3.10/site-packages/morkovka-0.0.0-py3.10.egg-info/zip-safe
/home/kirill/Desktop/robotics/lab4/ex02/morkovka/install/morkovka/lib/python3.10/site-packages/morkovka-0.0.0-py3.10.egg-info/requires.txt
/home/kirill/Desktop/robotics/lab4/ex02/morkovka/install/morkovka/lib/python3.10/site-packages/morkovka-0.0.0-py3.10.egg-info/dependency_links.txt
/home/kirill/Desktop/robotics/lab4/ex02/morkovka/install/morkovka/lib/python3.10/site-packages/morkovka-0.0.0-py3.10.egg-info/entry_points.txt
/home/kirill/Desktop/robotics/lab4/ex02/morkovka/install/morkovka/lib/python3.10/site-packages/morkovka-0.0.0-py3.10.egg-info/PKG-INFO
/home/kirill/Desktop/robotics/lab4/ex02/morkovka/install/morkovka/lib/python3.10/site-packages/morkovka-0.0.0-py3.10.egg-info/SOURCES.txt
/home/kirill/Desktop/robotics/lab4/ex02/morkovka/install/morkovka/lib/morkovka/dynamic
/home/kirill/Desktop/robotics/lab4/ex02/morkovka/install/morkovka/lib/morkovka/turtle_tf2_broadcaster
/home/kirill/Desktop/robotics/lab4/ex02/morkovka/install/morkovka/lib/morkovka/turtle_tf2_listener
