[0.320s] DEBUG:colcon:Command line arguments: ['/usr/bin/colcon', 'build']
[0.320s] DEBUG:colcon:Parsed command line arguments: Namespace(log_base=None, log_level=None, verb_name='build', build_base='build', install_base='install', merge_install=False, symlink_install=False, test_result_base=None, continue_on_error=False, executor='parallel', parallel_workers=4, event_handlers=None, ignore_user_meta=False, metas=['./colcon.meta'], base_paths=['.'], packages_ignore=None, packages_ignore_regex=None, paths=None, packages_up_to=None, packages_up_to_regex=None, packages_above=None, packages_above_and_dependencies=None, packages_above_depth=None, packages_select_by_dep=None, packages_skip_by_dep=None, packages_skip_up_to=None, packages_select_build_failed=False, packages_skip_build_finished=False, packages_select_test_failures=False, packages_skip_test_passed=False, packages_select=None, packages_skip=None, packages_select_regex=None, packages_skip_regex=None, packages_start=None, packages_end=None, allow_overriding=[], cmake_args=None, cmake_target=None, cmake_target_skip_unavailable=False, cmake_clean_cache=False, cmake_clean_first=False, cmake_force_configure=False, ament_cmake_args=None, catkin_cmake_args=None, catkin_skip_building_tests=False, mixin_files=None, mixin=None, verb_parser=<colcon_mixin.mixin.mixin_argument.MixinArgumentDecorator object at 0x725bc0a16aa0>, verb_extension=<colcon_core.verb.build.BuildVerb object at 0x725bc0b1eaa0>, main=<bound method BuildVerb.main of <colcon_core.verb.build.BuildVerb object at 0x725bc0b1eaa0>>, mixin_verb=('build',))
[0.671s] Level 1:colcon.colcon_core.package_discovery:discover_packages(colcon_meta) check parameters
[0.672s] Level 1:colcon.colcon_core.package_discovery:discover_packages(recursive) check parameters
[0.672s] Level 1:colcon.colcon_core.package_discovery:discover_packages(ignore) check parameters
[0.672s] Level 1:colcon.colcon_core.package_discovery:discover_packages(path) check parameters
[0.672s] Level 1:colcon.colcon_core.package_discovery:discover_packages(colcon_meta) discover
[0.672s] Level 1:colcon.colcon_core.package_discovery:discover_packages(recursive) discover
[0.672s] INFO:colcon.colcon_core.package_discovery:Crawling recursively for packages in '/home/kirill/Desktop/robotics/lab5/ex04'
[0.672s] Level 1:colcon.colcon_core.package_identification:_identify(.) by extensions ['ignore', 'ignore_ament_install']
[0.672s] Level 1:colcon.colcon_core.package_identification:_identify(.) by extension 'ignore'
[0.673s] Level 1:colcon.colcon_core.package_identification:_identify(.) by extension 'ignore_ament_install'
[0.673s] Level 1:colcon.colcon_core.package_identification:_identify(.) by extensions ['colcon_pkg']
[0.673s] Level 1:colcon.colcon_core.package_identification:_identify(.) by extension 'colcon_pkg'
[0.673s] Level 1:colcon.colcon_core.package_identification:_identify(.) by extensions ['colcon_meta']
[0.673s] Level 1:colcon.colcon_core.package_identification:_identify(.) by extension 'colcon_meta'
[0.673s] Level 1:colcon.colcon_core.package_identification:_identify(.) by extensions ['ros']
[0.673s] Level 1:colcon.colcon_core.package_identification:_identify(.) by extension 'ros'
[0.696s] Level 1:colcon.colcon_core.package_identification:_identify(.) by extensions ['cmake', 'python']
[0.696s] Level 1:colcon.colcon_core.package_identification:_identify(.) by extension 'cmake'
[0.696s] Level 1:colcon.colcon_core.package_identification:_identify(.) by extension 'python'
[0.696s] Level 1:colcon.colcon_core.package_identification:_identify(.) by extensions ['python_setup_py']
[0.696s] Level 1:colcon.colcon_core.package_identification:_identify(.) by extension 'python_setup_py'
[0.696s] Level 1:colcon.colcon_core.package_identification:_identify(build) by extensions ['ignore', 'ignore_ament_install']
[0.697s] Level 1:colcon.colcon_core.package_identification:_identify(build) by extension 'ignore'
[0.697s] Level 1:colcon.colcon_core.package_identification:_identify(build) ignored
[0.697s] Level 1:colcon.colcon_core.package_identification:_identify(install) by extensions ['ignore', 'ignore_ament_install']
[0.697s] Level 1:colcon.colcon_core.package_identification:_identify(install) by extension 'ignore'
[0.697s] Level 1:colcon.colcon_core.package_identification:_identify(install) ignored
[0.697s] Level 1:colcon.colcon_core.package_identification:_identify(log) by extensions ['ignore', 'ignore_ament_install']
[0.698s] Level 1:colcon.colcon_core.package_identification:_identify(log) by extension 'ignore'
[0.698s] Level 1:colcon.colcon_core.package_identification:_identify(log) ignored
[0.698s] Level 1:colcon.colcon_core.package_identification:_identify(move) by extensions ['ignore', 'ignore_ament_install']
[0.698s] Level 1:colcon.colcon_core.package_identification:_identify(move) by extension 'ignore'
[0.698s] Level 1:colcon.colcon_core.package_identification:_identify(move) by extension 'ignore_ament_install'
[0.698s] Level 1:colcon.colcon_core.package_identification:_identify(move) by extensions ['colcon_pkg']
[0.698s] Level 1:colcon.colcon_core.package_identification:_identify(move) by extension 'colcon_pkg'
[0.698s] Level 1:colcon.colcon_core.package_identification:_identify(move) by extensions ['colcon_meta']
[0.699s] Level 1:colcon.colcon_core.package_identification:_identify(move) by extension 'colcon_meta'
[0.699s] Level 1:colcon.colcon_core.package_identification:_identify(move) by extensions ['ros']
[0.699s] Level 1:colcon.colcon_core.package_identification:_identify(move) by extension 'ros'
[0.703s] DEBUG:colcon.colcon_core.package_identification:Package 'move' with type 'ros.ament_python' and name 'move'
[0.703s] Level 1:colcon.colcon_core.package_discovery:discover_packages(recursive) using defaults
[0.703s] Level 1:colcon.colcon_core.package_discovery:discover_packages(ignore) discover
[0.704s] Level 1:colcon.colcon_core.package_discovery:discover_packages(ignore) using defaults
[0.704s] Level 1:colcon.colcon_core.package_discovery:discover_packages(path) discover
[0.704s] Level 1:colcon.colcon_core.package_discovery:discover_packages(path) using defaults
[0.742s] Level 1:colcon.colcon_core.package_discovery:discover_packages(prefix_path) check parameters
[0.742s] Level 1:colcon.colcon_core.package_discovery:discover_packages(prefix_path) discover
[0.745s] DEBUG:colcon.colcon_installed_package_information.package_discovery:Found 1 installed packages in /home/kirill/Desktop/robotics/lab5/ex04/install
[0.746s] DEBUG:colcon.colcon_installed_package_information.package_discovery:Found 3 installed packages in /home/kirill/Desktop/robotics/help/ros/lab5/ex03/install
[0.747s] DEBUG:colcon.colcon_installed_package_information.package_discovery:Found 1 installed packages in /home/kirill/Desktop/robotics/lab5/ex03/install
[0.750s] DEBUG:colcon.colcon_installed_package_information.package_discovery:Found 288 installed packages in /opt/ros/humble
[0.772s] Level 1:colcon.colcon_core.package_discovery:discover_packages(prefix_path) using defaults
[0.863s] Level 5:colcon.colcon_core.verb:set package 'move' build argument 'cmake_args' from command line to 'None'
[0.863s] Level 5:colcon.colcon_core.verb:set package 'move' build argument 'cmake_target' from command line to 'None'
[0.863s] Level 5:colcon.colcon_core.verb:set package 'move' build argument 'cmake_target_skip_unavailable' from command line to 'False'
[0.863s] Level 5:colcon.colcon_core.verb:set package 'move' build argument 'cmake_clean_cache' from command line to 'False'
[0.863s] Level 5:colcon.colcon_core.verb:set package 'move' build argument 'cmake_clean_first' from command line to 'False'
[0.863s] Level 5:colcon.colcon_core.verb:set package 'move' build argument 'cmake_force_configure' from command line to 'False'
[0.863s] Level 5:colcon.colcon_core.verb:set package 'move' build argument 'ament_cmake_args' from command line to 'None'
[0.863s] Level 5:colcon.colcon_core.verb:set package 'move' build argument 'catkin_cmake_args' from command line to 'None'
[0.863s] Level 5:colcon.colcon_core.verb:set package 'move' build argument 'catkin_skip_building_tests' from command line to 'False'
[0.863s] DEBUG:colcon.colcon_core.verb:Building package 'move' with the following arguments: {'ament_cmake_args': None, 'build_base': '/home/kirill/Desktop/robotics/lab5/ex04/build/move', 'catkin_cmake_args': None, 'catkin_skip_building_tests': False, 'cmake_args': None, 'cmake_clean_cache': False, 'cmake_clean_first': False, 'cmake_force_configure': False, 'cmake_target': None, 'cmake_target_skip_unavailable': False, 'install_base': '/home/kirill/Desktop/robotics/lab5/ex04/install/move', 'merge_install': False, 'path': '/home/kirill/Desktop/robotics/lab5/ex04/move', 'symlink_install': False, 'test_result_base': None}
[0.864s] INFO:colcon.colcon_core.executor:Executing jobs using 'parallel' executor
[0.866s] DEBUG:colcon.colcon_parallel_executor.executor.parallel:run_until_complete
[0.866s] INFO:colcon.colcon_ros.task.ament_python.build:Building ROS package in '/home/kirill/Desktop/robotics/lab5/ex04/move' with build type 'ament_python'
[0.866s] Level 1:colcon.colcon_core.shell:create_environment_hook('move', 'ament_prefix_path')
[0.871s] INFO:colcon.colcon_core.plugin_system:Skipping extension 'colcon_core.shell.bat': Not used on non-Windows systems
[0.871s] INFO:colcon.colcon_core.shell:Creating environment hook '/home/kirill/Desktop/robotics/lab5/ex04/install/move/share/move/hook/ament_prefix_path.ps1'
[0.873s] INFO:colcon.colcon_core.shell:Creating environment descriptor '/home/kirill/Desktop/robotics/lab5/ex04/install/move/share/move/hook/ament_prefix_path.dsv'
[0.874s] INFO:colcon.colcon_core.shell:Creating environment hook '/home/kirill/Desktop/robotics/lab5/ex04/install/move/share/move/hook/ament_prefix_path.sh'
[0.875s] INFO:colcon.colcon_core.shell:Skip shell extension 'powershell' for command environment: Not usable outside of PowerShell
[0.875s] DEBUG:colcon.colcon_core.shell:Skip shell extension 'dsv' for command environment
[1.486s] INFO:colcon.colcon_core.task.python.build:Building Python package in '/home/kirill/Desktop/robotics/lab5/ex04/move'
[1.486s] INFO:colcon.colcon_core.shell:Skip shell extension 'powershell' for command environment: Not usable outside of PowerShell
[1.487s] DEBUG:colcon.colcon_core.shell:Skip shell extension 'dsv' for command environment
[2.567s] DEBUG:colcon.colcon_core.event_handler.log_command:Invoking command in '/home/kirill/Desktop/robotics/lab5/ex04/move': PYTHONPATH=/home/kirill/Desktop/robotics/lab5/ex04/build/move/prefix_override:/usr/lib/python3/dist-packages/colcon_core/task/python/colcon_distutils_commands:/home/kirill/Desktop/robotics/lab5/ex04/install/move/lib/python3.10/site-packages:${PYTHONPATH} /usr/bin/python3 -W ignore:setup.py install is deprecated setup.py egg_info --egg-base ../build/move build --build-base /home/kirill/Desktop/robotics/lab5/ex04/build/move/build install --record /home/kirill/Desktop/robotics/lab5/ex04/build/move/install.log --single-version-externally-managed install_data
[3.370s] DEBUG:colcon.colcon_core.event_handler.log_command:Invoked command in '/home/kirill/Desktop/robotics/lab5/ex04/move' returned '0': PYTHONPATH=/home/kirill/Desktop/robotics/lab5/ex04/build/move/prefix_override:/usr/lib/python3/dist-packages/colcon_core/task/python/colcon_distutils_commands:/home/kirill/Desktop/robotics/lab5/ex04/install/move/lib/python3.10/site-packages:${PYTHONPATH} /usr/bin/python3 -W ignore:setup.py install is deprecated setup.py egg_info --egg-base ../build/move build --build-base /home/kirill/Desktop/robotics/lab5/ex04/build/move/build install --record /home/kirill/Desktop/robotics/lab5/ex04/build/move/install.log --single-version-externally-managed install_data
[3.374s] Level 1:colcon.colcon_core.environment:checking '/home/kirill/Desktop/robotics/lab5/ex04/install/move' for CMake module files
[3.375s] Level 1:colcon.colcon_core.environment:checking '/home/kirill/Desktop/robotics/lab5/ex04/install/move' for CMake config files
[3.376s] Level 1:colcon.colcon_core.environment:checking '/home/kirill/Desktop/robotics/lab5/ex04/install/move/lib'
[3.376s] Level 1:colcon.colcon_core.environment:checking '/home/kirill/Desktop/robotics/lab5/ex04/install/move/bin'
[3.377s] Level 1:colcon.colcon_core.environment:checking '/home/kirill/Desktop/robotics/lab5/ex04/install/move/lib/pkgconfig/move.pc'
[3.377s] Level 1:colcon.colcon_core.environment:checking '/home/kirill/Desktop/robotics/lab5/ex04/install/move/lib/python3.10/site-packages'
[3.377s] Level 1:colcon.colcon_core.shell:create_environment_hook('move', 'pythonpath')
[3.378s] INFO:colcon.colcon_core.shell:Creating environment hook '/home/kirill/Desktop/robotics/lab5/ex04/install/move/share/move/hook/pythonpath.ps1'
[3.379s] INFO:colcon.colcon_core.shell:Creating environment descriptor '/home/kirill/Desktop/robotics/lab5/ex04/install/move/share/move/hook/pythonpath.dsv'
[3.379s] INFO:colcon.colcon_core.shell:Creating environment hook '/home/kirill/Desktop/robotics/lab5/ex04/install/move/share/move/hook/pythonpath.sh'
[3.380s] Level 1:colcon.colcon_core.environment:checking '/home/kirill/Desktop/robotics/lab5/ex04/install/move/bin'
[3.381s] Level 1:colcon.colcon_core.environment:create_environment_scripts_only(move)
[3.381s] INFO:colcon.colcon_core.shell:Creating package script '/home/kirill/Desktop/robotics/lab5/ex04/install/move/share/move/package.ps1'
[3.394s] INFO:colcon.colcon_core.shell:Creating package descriptor '/home/kirill/Desktop/robotics/lab5/ex04/install/move/share/move/package.dsv'
[3.408s] INFO:colcon.colcon_core.shell:Creating package script '/home/kirill/Desktop/robotics/lab5/ex04/install/move/share/move/package.sh'
[3.420s] INFO:colcon.colcon_core.shell:Creating package script '/home/kirill/Desktop/robotics/lab5/ex04/install/move/share/move/package.bash'
[3.431s] INFO:colcon.colcon_core.shell:Creating package script '/home/kirill/Desktop/robotics/lab5/ex04/install/move/share/move/package.zsh'
[3.441s] Level 1:colcon.colcon_core.environment:create_file_with_runtime_dependencies(/home/kirill/Desktop/robotics/lab5/ex04/install/move/share/colcon-core/packages/move)
[3.444s] DEBUG:colcon.colcon_parallel_executor.executor.parallel:closing loop
[3.445s] DEBUG:colcon.colcon_parallel_executor.executor.parallel:loop closed
[3.447s] DEBUG:colcon.colcon_parallel_executor.executor.parallel:run_until_complete finished with '0'
[3.448s] DEBUG:colcon.colcon_core.event_reactor:joining thread
[3.493s] INFO:colcon.colcon_core.plugin_system:Skipping extension 'colcon_notification.desktop_notification.notify_send': Could not find 'notify-send'
[3.493s] INFO:colcon.colcon_core.plugin_system:Skipping extension 'colcon_notification.desktop_notification.terminal_notifier': Not used on non-Darwin systems
[3.494s] INFO:colcon.colcon_core.plugin_system:Skipping extension 'colcon_notification.desktop_notification.win32': Not used on non-Windows systems
[3.494s] INFO:colcon.colcon_notification.desktop_notification:Sending desktop notification using 'notify2'
[3.523s] DEBUG:colcon.colcon_core.event_reactor:joined thread
[3.525s] INFO:colcon.colcon_core.shell:Creating prefix script '/home/kirill/Desktop/robotics/lab5/ex04/install/local_setup.ps1'
[3.532s] INFO:colcon.colcon_core.shell:Creating prefix util module '/home/kirill/Desktop/robotics/lab5/ex04/install/_local_setup_util_ps1.py'
[3.540s] INFO:colcon.colcon_core.shell:Creating prefix chain script '/home/kirill/Desktop/robotics/lab5/ex04/install/setup.ps1'
[3.545s] INFO:colcon.colcon_core.shell:Creating prefix script '/home/kirill/Desktop/robotics/lab5/ex04/install/local_setup.sh'
[3.548s] INFO:colcon.colcon_core.shell:Creating prefix util module '/home/kirill/Desktop/robotics/lab5/ex04/install/_local_setup_util_sh.py'
[3.550s] INFO:colcon.colcon_core.shell:Creating prefix chain script '/home/kirill/Desktop/robotics/lab5/ex04/install/setup.sh'
[3.555s] INFO:colcon.colcon_core.shell:Creating prefix script '/home/kirill/Desktop/robotics/lab5/ex04/install/local_setup.bash'
[3.556s] INFO:colcon.colcon_core.shell:Creating prefix chain script '/home/kirill/Desktop/robotics/lab5/ex04/install/setup.bash'
[3.560s] INFO:colcon.colcon_core.shell:Creating prefix script '/home/kirill/Desktop/robotics/lab5/ex04/install/local_setup.zsh'
[3.563s] INFO:colcon.colcon_core.shell:Creating prefix chain script '/home/kirill/Desktop/robotics/lab5/ex04/install/setup.zsh'
