[1.123s] Invoking command in '/home/kirill/Desktop/robotics/lab3/ex01/src/service_full_name': PYTHONPATH=/home/kirill/Desktop/robotics/lab3/ex01/build/service_full_name/prefix_override:/usr/lib/python3/dist-packages/colcon_core/task/python/colcon_distutils_commands:/home/kirill/Desktop/robotics/lab3/ex01/install/service_full_name/lib/python3.10/site-packages:${PYTHONPATH} /usr/bin/python3 -W ignore:setup.py install is deprecated setup.py egg_info --egg-base ../../build/service_full_name build --build-base /home/kirill/Desktop/robotics/lab3/ex01/build/service_full_name/build install --record /home/kirill/Desktop/robotics/lab3/ex01/build/service_full_name/install.log --single-version-externally-managed install_data
[1.560s] running egg_info
[1.561s] creating ../../build/service_full_name/service_full_name.egg-info
[1.561s] writing ../../build/service_full_name/service_full_name.egg-info/PKG-INFO
[1.561s] writing dependency_links to ../../build/service_full_name/service_full_name.egg-info/dependency_links.txt
[1.562s] writing entry points to ../../build/service_full_name/service_full_name.egg-info/entry_points.txt
[1.562s] writing requirements to ../../build/service_full_name/service_full_name.egg-info/requires.txt
[1.562s] writing top-level names to ../../build/service_full_name/service_full_name.egg-info/top_level.txt
[1.562s] writing manifest file '../../build/service_full_name/service_full_name.egg-info/SOURCES.txt'
[1.565s] reading manifest file '../../build/service_full_name/service_full_name.egg-info/SOURCES.txt'
[1.567s] writing manifest file '../../build/service_full_name/service_full_name.egg-info/SOURCES.txt'
[1.567s] running build
[1.567s] running build_py
[1.567s] creating /home/kirill/Desktop/robotics/lab3/ex01/build/service_full_name/build
[1.567s] creating /home/kirill/Desktop/robotics/lab3/ex01/build/service_full_name/build/lib
[1.568s] creating /home/kirill/Desktop/robotics/lab3/ex01/build/service_full_name/build/lib/service_full_name
[1.568s] copying service_full_name/service_name.py -> /home/kirill/Desktop/robotics/lab3/ex01/build/service_full_name/build/lib/service_full_name
[1.568s] copying service_full_name/client_name.py -> /home/kirill/Desktop/robotics/lab3/ex01/build/service_full_name/build/lib/service_full_name
[1.568s] copying service_full_name/__init__.py -> /home/kirill/Desktop/robotics/lab3/ex01/build/service_full_name/build/lib/service_full_name
[1.568s] running install
[1.568s] running install_lib
[1.570s] creating /home/kirill/Desktop/robotics/lab3/ex01/install/service_full_name/lib/python3.10/site-packages/service_full_name
[1.570s] copying /home/kirill/Desktop/robotics/lab3/ex01/build/service_full_name/build/lib/service_full_name/service_name.py -> /home/kirill/Desktop/robotics/lab3/ex01/install/service_full_name/lib/python3.10/site-packages/service_full_name
[1.570s] copying /home/kirill/Desktop/robotics/lab3/ex01/build/service_full_name/build/lib/service_full_name/client_name.py -> /home/kirill/Desktop/robotics/lab3/ex01/install/service_full_name/lib/python3.10/site-packages/service_full_name
[1.570s] copying /home/kirill/Desktop/robotics/lab3/ex01/build/service_full_name/build/lib/service_full_name/__init__.py -> /home/kirill/Desktop/robotics/lab3/ex01/install/service_full_name/lib/python3.10/site-packages/service_full_name
[1.571s] byte-compiling /home/kirill/Desktop/robotics/lab3/ex01/install/service_full_name/lib/python3.10/site-packages/service_full_name/service_name.py to service_name.cpython-310.pyc
[1.572s] byte-compiling /home/kirill/Desktop/robotics/lab3/ex01/install/service_full_name/lib/python3.10/site-packages/service_full_name/client_name.py to client_name.cpython-310.pyc
[1.573s] byte-compiling /home/kirill/Desktop/robotics/lab3/ex01/install/service_full_name/lib/python3.10/site-packages/service_full_name/__init__.py to __init__.cpython-310.pyc
[1.573s] running install_data
[1.573s] creating /home/kirill/Desktop/robotics/lab3/ex01/install/service_full_name/share/ament_index
[1.573s] creating /home/kirill/Desktop/robotics/lab3/ex01/install/service_full_name/share/ament_index/resource_index
[1.574s] creating /home/kirill/Desktop/robotics/lab3/ex01/install/service_full_name/share/ament_index/resource_index/packages
[1.574s] copying resource/service_full_name -> /home/kirill/Desktop/robotics/lab3/ex01/install/service_full_name/share/ament_index/resource_index/packages
[1.574s] copying package.xml -> /home/kirill/Desktop/robotics/lab3/ex01/install/service_full_name/share/service_full_name
[1.574s] creating /home/kirill/Desktop/robotics/lab3/ex01/install/service_full_name/share/service_full_name/srv
[1.574s] copying srv/FullName.srv -> /home/kirill/Desktop/robotics/lab3/ex01/install/service_full_name/share/service_full_name/srv
[1.575s] running install_egg_info
[1.577s] Copying ../../build/service_full_name/service_full_name.egg-info to /home/kirill/Desktop/robotics/lab3/ex01/install/service_full_name/lib/python3.10/site-packages/service_full_name-0.0.0-py3.10.egg-info
[1.579s] running install_scripts
[1.614s] Installing client script to /home/kirill/Desktop/robotics/lab3/ex01/install/service_full_name/lib/service_full_name
[1.614s] Installing service script to /home/kirill/Desktop/robotics/lab3/ex01/install/service_full_name/lib/service_full_name
[1.615s] writing list of installed files to '/home/kirill/Desktop/robotics/lab3/ex01/build/service_full_name/install.log'
[1.656s] Invoked command in '/home/kirill/Desktop/robotics/lab3/ex01/src/service_full_name' returned '0': PYTHONPATH=/home/kirill/Desktop/robotics/lab3/ex01/build/service_full_name/prefix_override:/usr/lib/python3/dist-packages/colcon_core/task/python/colcon_distutils_commands:/home/kirill/Desktop/robotics/lab3/ex01/install/service_full_name/lib/python3.10/site-packages:${PYTHONPATH} /usr/bin/python3 -W ignore:setup.py install is deprecated setup.py egg_info --egg-base ../../build/service_full_name build --build-base /home/kirill/Desktop/robotics/lab3/ex01/build/service_full_name/build install --record /home/kirill/Desktop/robotics/lab3/ex01/build/service_full_name/install.log --single-version-externally-managed install_data
