[0.209s] DEBUG:colcon:Command line arguments: ['/usr/bin/colcon', 'build']
[0.209s] DEBUG:colcon:Parsed command line arguments: Namespace(log_base=None, log_level=None, verb_name='build', build_base='build', install_base='install', merge_install=False, symlink_install=False, test_result_base=None, continue_on_error=False, executor='parallel', parallel_workers=4, event_handlers=None, ignore_user_meta=False, metas=['./colcon.meta'], base_paths=['.'], packages_ignore=None, packages_ignore_regex=None, paths=None, packages_up_to=None, packages_up_to_regex=None, packages_above=None, packages_above_and_dependencies=None, packages_above_depth=None, packages_select_by_dep=None, packages_skip_by_dep=None, packages_skip_up_to=None, packages_select_build_failed=False, packages_skip_build_finished=False, packages_select_test_failures=False, packages_skip_test_passed=False, packages_select=None, packages_skip=None, packages_select_regex=None, packages_skip_regex=None, packages_start=None, packages_end=None, allow_overriding=[], cmake_args=None, cmake_target=None, cmake_target_skip_unavailable=False, cmake_clean_cache=False, cmake_clean_first=False, cmake_force_configure=False, ament_cmake_args=None, catkin_cmake_args=None, catkin_skip_building_tests=False, mixin_files=None, mixin=None, verb_parser=<colcon_mixin.mixin.mixin_argument.MixinArgumentDecorator object at 0x78e6e553eaa0>, verb_extension=<colcon_core.verb.build.BuildVerb object at 0x78e6e5646aa0>, main=<bound method BuildVerb.main of <colcon_core.verb.build.BuildVerb object at 0x78e6e5646aa0>>, mixin_verb=('build',))
[0.528s] Level 1:colcon.colcon_core.package_discovery:discover_packages(colcon_meta) check parameters
[0.529s] Level 1:colcon.colcon_core.package_discovery:discover_packages(recursive) check parameters
[0.529s] Level 1:colcon.colcon_core.package_discovery:discover_packages(ignore) check parameters
[0.529s] Level 1:colcon.colcon_core.package_discovery:discover_packages(path) check parameters
[0.529s] Level 1:colcon.colcon_core.package_discovery:discover_packages(colcon_meta) discover
[0.529s] Level 1:colcon.colcon_core.package_discovery:discover_packages(recursive) discover
[0.529s] INFO:colcon.colcon_core.package_discovery:Crawling recursively for packages in '/home/kirill/Desktop/robotics/lab5/ex05'
[0.529s] Level 1:colcon.colcon_core.package_identification:_identify(.) by extensions ['ignore', 'ignore_ament_install']
[0.529s] Level 1:colcon.colcon_core.package_identification:_identify(.) by extension 'ignore'
[0.529s] Level 1:colcon.colcon_core.package_identification:_identify(.) by extension 'ignore_ament_install'
[0.530s] Level 1:colcon.colcon_core.package_identification:_identify(.) by extensions ['colcon_pkg']
[0.530s] Level 1:colcon.colcon_core.package_identification:_identify(.) by extension 'colcon_pkg'
[0.530s] Level 1:colcon.colcon_core.package_identification:_identify(.) by extensions ['colcon_meta']
[0.530s] Level 1:colcon.colcon_core.package_identification:_identify(.) by extension 'colcon_meta'
[0.530s] Level 1:colcon.colcon_core.package_identification:_identify(.) by extensions ['ros']
[0.530s] Level 1:colcon.colcon_core.package_identification:_identify(.) by extension 'ros'
[0.551s] Level 1:colcon.colcon_core.package_identification:_identify(.) by extensions ['cmake', 'python']
[0.551s] Level 1:colcon.colcon_core.package_identification:_identify(.) by extension 'cmake'
[0.551s] Level 1:colcon.colcon_core.package_identification:_identify(.) by extension 'python'
[0.551s] Level 1:colcon.colcon_core.package_identification:_identify(.) by extensions ['python_setup_py']
[0.551s] Level 1:colcon.colcon_core.package_identification:_identify(.) by extension 'python_setup_py'
[0.552s] Level 1:colcon.colcon_core.package_identification:_identify(build) by extensions ['ignore', 'ignore_ament_install']
[0.552s] Level 1:colcon.colcon_core.package_identification:_identify(build) by extension 'ignore'
[0.552s] Level 1:colcon.colcon_core.package_identification:_identify(build) ignored
[0.552s] Level 1:colcon.colcon_core.package_identification:_identify(install) by extensions ['ignore', 'ignore_ament_install']
[0.552s] Level 1:colcon.colcon_core.package_identification:_identify(install) by extension 'ignore'
[0.552s] Level 1:colcon.colcon_core.package_identification:_identify(install) ignored
[0.552s] Level 1:colcon.colcon_core.package_identification:_identify(log) by extensions ['ignore', 'ignore_ament_install']
[0.553s] Level 1:colcon.colcon_core.package_identification:_identify(log) by extension 'ignore'
[0.553s] Level 1:colcon.colcon_core.package_identification:_identify(log) ignored
[0.553s] Level 1:colcon.colcon_core.package_identification:_identify(unique_move) by extensions ['ignore', 'ignore_ament_install']
[0.553s] Level 1:colcon.colcon_core.package_identification:_identify(unique_move) by extension 'ignore'
[0.553s] Level 1:colcon.colcon_core.package_identification:_identify(unique_move) by extension 'ignore_ament_install'
[0.553s] Level 1:colcon.colcon_core.package_identification:_identify(unique_move) by extensions ['colcon_pkg']
[0.553s] Level 1:colcon.colcon_core.package_identification:_identify(unique_move) by extension 'colcon_pkg'
[0.553s] Level 1:colcon.colcon_core.package_identification:_identify(unique_move) by extensions ['colcon_meta']
[0.553s] Level 1:colcon.colcon_core.package_identification:_identify(unique_move) by extension 'colcon_meta'
[0.553s] Level 1:colcon.colcon_core.package_identification:_identify(unique_move) by extensions ['ros']
[0.553s] Level 1:colcon.colcon_core.package_identification:_identify(unique_move) by extension 'ros'
[0.558s] DEBUG:colcon.colcon_core.package_identification:Package 'unique_move' with type 'ros.ament_python' and name 'unique_move'
[0.558s] Level 1:colcon.colcon_core.package_discovery:discover_packages(recursive) using defaults
[0.558s] Level 1:colcon.colcon_core.package_discovery:discover_packages(ignore) discover
[0.558s] Level 1:colcon.colcon_core.package_discovery:discover_packages(ignore) using defaults
[0.558s] Level 1:colcon.colcon_core.package_discovery:discover_packages(path) discover
[0.558s] Level 1:colcon.colcon_core.package_discovery:discover_packages(path) using defaults
[0.592s] Level 1:colcon.colcon_core.package_discovery:discover_packages(prefix_path) check parameters
[0.592s] Level 1:colcon.colcon_core.package_discovery:discover_packages(prefix_path) discover
[0.596s] DEBUG:colcon.colcon_installed_package_information.package_discovery:Found 1 installed packages in /home/kirill/Desktop/robotics/lab5/ex04/install
[0.597s] DEBUG:colcon.colcon_installed_package_information.package_discovery:Found 3 installed packages in /home/kirill/Desktop/robotics/help/ros/lab5/ex03/install
[0.597s] DEBUG:colcon.colcon_installed_package_information.package_discovery:Found 1 installed packages in /home/kirill/Desktop/robotics/lab5/ex03/install
[0.600s] DEBUG:colcon.colcon_installed_package_information.package_discovery:Found 288 installed packages in /opt/ros/humble
[0.620s] Level 1:colcon.colcon_core.package_discovery:discover_packages(prefix_path) using defaults
[0.702s] Level 5:colcon.colcon_core.verb:set package 'unique_move' build argument 'cmake_args' from command line to 'None'
[0.702s] Level 5:colcon.colcon_core.verb:set package 'unique_move' build argument 'cmake_target' from command line to 'None'
[0.702s] Level 5:colcon.colcon_core.verb:set package 'unique_move' build argument 'cmake_target_skip_unavailable' from command line to 'False'
[0.702s] Level 5:colcon.colcon_core.verb:set package 'unique_move' build argument 'cmake_clean_cache' from command line to 'False'
[0.702s] Level 5:colcon.colcon_core.verb:set package 'unique_move' build argument 'cmake_clean_first' from command line to 'False'
[0.702s] Level 5:colcon.colcon_core.verb:set package 'unique_move' build argument 'cmake_force_configure' from command line to 'False'
[0.702s] Level 5:colcon.colcon_core.verb:set package 'unique_move' build argument 'ament_cmake_args' from command line to 'None'
[0.702s] Level 5:colcon.colcon_core.verb:set package 'unique_move' build argument 'catkin_cmake_args' from command line to 'None'
[0.702s] Level 5:colcon.colcon_core.verb:set package 'unique_move' build argument 'catkin_skip_building_tests' from command line to 'False'
[0.703s] DEBUG:colcon.colcon_core.verb:Building package 'unique_move' with the following arguments: {'ament_cmake_args': None, 'build_base': '/home/kirill/Desktop/robotics/lab5/ex05/build/unique_move', 'catkin_cmake_args': None, 'catkin_skip_building_tests': False, 'cmake_args': None, 'cmake_clean_cache': False, 'cmake_clean_first': False, 'cmake_force_configure': False, 'cmake_target': None, 'cmake_target_skip_unavailable': False, 'install_base': '/home/kirill/Desktop/robotics/lab5/ex05/install/unique_move', 'merge_install': False, 'path': '/home/kirill/Desktop/robotics/lab5/ex05/unique_move', 'symlink_install': False, 'test_result_base': None}
[0.703s] INFO:colcon.colcon_core.executor:Executing jobs using 'parallel' executor
[0.705s] DEBUG:colcon.colcon_parallel_executor.executor.parallel:run_until_complete
[0.706s] INFO:colcon.colcon_ros.task.ament_python.build:Building ROS package in '/home/kirill/Desktop/robotics/lab5/ex05/unique_move' with build type 'ament_python'
[0.706s] Level 1:colcon.colcon_core.shell:create_environment_hook('unique_move', 'ament_prefix_path')
[0.710s] INFO:colcon.colcon_core.plugin_system:Skipping extension 'colcon_core.shell.bat': Not used on non-Windows systems
[0.711s] INFO:colcon.colcon_core.shell:Creating environment hook '/home/kirill/Desktop/robotics/lab5/ex05/install/unique_move/share/unique_move/hook/ament_prefix_path.ps1'
[0.712s] INFO:colcon.colcon_core.shell:Creating environment descriptor '/home/kirill/Desktop/robotics/lab5/ex05/install/unique_move/share/unique_move/hook/ament_prefix_path.dsv'
[0.713s] INFO:colcon.colcon_core.shell:Creating environment hook '/home/kirill/Desktop/robotics/lab5/ex05/install/unique_move/share/unique_move/hook/ament_prefix_path.sh'
[0.715s] INFO:colcon.colcon_core.shell:Skip shell extension 'powershell' for command environment: Not usable outside of PowerShell
[0.715s] DEBUG:colcon.colcon_core.shell:Skip shell extension 'dsv' for command environment
[1.339s] INFO:colcon.colcon_core.task.python.build:Building Python package in '/home/kirill/Desktop/robotics/lab5/ex05/unique_move'
[1.340s] INFO:colcon.colcon_core.shell:Skip shell extension 'powershell' for command environment: Not usable outside of PowerShell
[1.340s] DEBUG:colcon.colcon_core.shell:Skip shell extension 'dsv' for command environment
[2.404s] DEBUG:colcon.colcon_core.event_handler.log_command:Invoking command in '/home/kirill/Desktop/robotics/lab5/ex05/unique_move': PYTHONPATH=/home/kirill/Desktop/robotics/lab5/ex05/build/unique_move/prefix_override:/usr/lib/python3/dist-packages/colcon_core/task/python/colcon_distutils_commands:/home/kirill/Desktop/robotics/lab5/ex05/install/unique_move/lib/python3.10/site-packages:${PYTHONPATH} /usr/bin/python3 -W ignore:setup.py install is deprecated setup.py egg_info --egg-base ../build/unique_move build --build-base /home/kirill/Desktop/robotics/lab5/ex05/build/unique_move/build install --record /home/kirill/Desktop/robotics/lab5/ex05/build/unique_move/install.log --single-version-externally-managed install_data
[3.213s] DEBUG:colcon.colcon_core.event_handler.log_command:Invoked command in '/home/kirill/Desktop/robotics/lab5/ex05/unique_move' returned '0': PYTHONPATH=/home/kirill/Desktop/robotics/lab5/ex05/build/unique_move/prefix_override:/usr/lib/python3/dist-packages/colcon_core/task/python/colcon_distutils_commands:/home/kirill/Desktop/robotics/lab5/ex05/install/unique_move/lib/python3.10/site-packages:${PYTHONPATH} /usr/bin/python3 -W ignore:setup.py install is deprecated setup.py egg_info --egg-base ../build/unique_move build --build-base /home/kirill/Desktop/robotics/lab5/ex05/build/unique_move/build install --record /home/kirill/Desktop/robotics/lab5/ex05/build/unique_move/install.log --single-version-externally-managed install_data
[3.223s] Level 1:colcon.colcon_core.environment:checking '/home/kirill/Desktop/robotics/lab5/ex05/install/unique_move' for CMake module files
[3.225s] Level 1:colcon.colcon_core.environment:checking '/home/kirill/Desktop/robotics/lab5/ex05/install/unique_move' for CMake config files
[3.227s] Level 1:colcon.colcon_core.environment:checking '/home/kirill/Desktop/robotics/lab5/ex05/install/unique_move/lib'
[3.227s] Level 1:colcon.colcon_core.environment:checking '/home/kirill/Desktop/robotics/lab5/ex05/install/unique_move/bin'
[3.227s] Level 1:colcon.colcon_core.environment:checking '/home/kirill/Desktop/robotics/lab5/ex05/install/unique_move/lib/pkgconfig/unique_move.pc'
[3.228s] Level 1:colcon.colcon_core.environment:checking '/home/kirill/Desktop/robotics/lab5/ex05/install/unique_move/lib/python3.10/site-packages'
[3.228s] Level 1:colcon.colcon_core.shell:create_environment_hook('unique_move', 'pythonpath')
[3.229s] INFO:colcon.colcon_core.shell:Creating environment hook '/home/kirill/Desktop/robotics/lab5/ex05/install/unique_move/share/unique_move/hook/pythonpath.ps1'
[3.230s] INFO:colcon.colcon_core.shell:Creating environment descriptor '/home/kirill/Desktop/robotics/lab5/ex05/install/unique_move/share/unique_move/hook/pythonpath.dsv'
[3.232s] INFO:colcon.colcon_core.shell:Creating environment hook '/home/kirill/Desktop/robotics/lab5/ex05/install/unique_move/share/unique_move/hook/pythonpath.sh'
[3.234s] Level 1:colcon.colcon_core.environment:checking '/home/kirill/Desktop/robotics/lab5/ex05/install/unique_move/bin'
[3.234s] Level 1:colcon.colcon_core.environment:create_environment_scripts_only(unique_move)
[3.235s] INFO:colcon.colcon_core.shell:Creating package script '/home/kirill/Desktop/robotics/lab5/ex05/install/unique_move/share/unique_move/package.ps1'
[3.239s] INFO:colcon.colcon_core.shell:Creating package descriptor '/home/kirill/Desktop/robotics/lab5/ex05/install/unique_move/share/unique_move/package.dsv'
[3.241s] INFO:colcon.colcon_core.shell:Creating package script '/home/kirill/Desktop/robotics/lab5/ex05/install/unique_move/share/unique_move/package.sh'
[3.244s] INFO:colcon.colcon_core.shell:Creating package script '/home/kirill/Desktop/robotics/lab5/ex05/install/unique_move/share/unique_move/package.bash'
[3.246s] INFO:colcon.colcon_core.shell:Creating package script '/home/kirill/Desktop/robotics/lab5/ex05/install/unique_move/share/unique_move/package.zsh'
[3.250s] Level 1:colcon.colcon_core.environment:create_file_with_runtime_dependencies(/home/kirill/Desktop/robotics/lab5/ex05/install/unique_move/share/colcon-core/packages/unique_move)
[3.251s] DEBUG:colcon.colcon_parallel_executor.executor.parallel:closing loop
[3.252s] DEBUG:colcon.colcon_parallel_executor.executor.parallel:loop closed
[3.252s] DEBUG:colcon.colcon_parallel_executor.executor.parallel:run_until_complete finished with '0'
[3.252s] DEBUG:colcon.colcon_core.event_reactor:joining thread
[3.269s] INFO:colcon.colcon_core.plugin_system:Skipping extension 'colcon_notification.desktop_notification.notify_send': Could not find 'notify-send'
[3.269s] INFO:colcon.colcon_core.plugin_system:Skipping extension 'colcon_notification.desktop_notification.terminal_notifier': Not used on non-Darwin systems
[3.270s] INFO:colcon.colcon_core.plugin_system:Skipping extension 'colcon_notification.desktop_notification.win32': Not used on non-Windows systems
[3.270s] INFO:colcon.colcon_notification.desktop_notification:Sending desktop notification using 'notify2'
[3.297s] DEBUG:colcon.colcon_core.event_reactor:joined thread
[3.298s] INFO:colcon.colcon_core.shell:Creating prefix script '/home/kirill/Desktop/robotics/lab5/ex05/install/local_setup.ps1'
[3.303s] INFO:colcon.colcon_core.shell:Creating prefix util module '/home/kirill/Desktop/robotics/lab5/ex05/install/_local_setup_util_ps1.py'
[3.316s] INFO:colcon.colcon_core.shell:Creating prefix chain script '/home/kirill/Desktop/robotics/lab5/ex05/install/setup.ps1'
[3.327s] INFO:colcon.colcon_core.shell:Creating prefix script '/home/kirill/Desktop/robotics/lab5/ex05/install/local_setup.sh'
[3.333s] INFO:colcon.colcon_core.shell:Creating prefix util module '/home/kirill/Desktop/robotics/lab5/ex05/install/_local_setup_util_sh.py'
[3.337s] INFO:colcon.colcon_core.shell:Creating prefix chain script '/home/kirill/Desktop/robotics/lab5/ex05/install/setup.sh'
[3.347s] INFO:colcon.colcon_core.shell:Creating prefix script '/home/kirill/Desktop/robotics/lab5/ex05/install/local_setup.bash'
[3.350s] INFO:colcon.colcon_core.shell:Creating prefix chain script '/home/kirill/Desktop/robotics/lab5/ex05/install/setup.bash'
[3.359s] INFO:colcon.colcon_core.shell:Creating prefix script '/home/kirill/Desktop/robotics/lab5/ex05/install/local_setup.zsh'
[3.362s] INFO:colcon.colcon_core.shell:Creating prefix chain script '/home/kirill/Desktop/robotics/lab5/ex05/install/setup.zsh'
