-- Found ament_cmake: 1.3.10 (/opt/ros/humble/share/ament_cmake/cmake)
-- Found ament_lint_auto: 0.12.11 (/opt/ros/humble/share/ament_lint_auto/cmake)
-- Added test 'lint_cmake' to check CMake code style
-- Added test 'xmllint' to check XML markup files
-- Configuring done
-- Generating done
-- Build files have been written to: /home/kirill/Desktop/robotics/lab5/ex01/build/sam_bot_description
-- Install configuration: ""
-- Installing: /home/kirill/Desktop/robotics/lab5/ex01/install/sam_bot_description/share/ament_index/resource_index/package_run_dependencies/sam_bot_description
-- Up-to-date: /home/kirill/Desktop/robotics/lab5/ex01/install/sam_bot_description/share/ament_index/resource_index/parent_prefix_path/sam_bot_description
-- Up-to-date: /home/kirill/Desktop/robotics/lab5/ex01/install/sam_bot_description/share/sam_bot_description/environment/ament_prefix_path.sh
-- Installing: /home/kirill/Desktop/robotics/lab5/ex01/install/sam_bot_description/share/sam_bot_description/environment/ament_prefix_path.dsv
-- Up-to-date: /home/kirill/Desktop/robotics/lab5/ex01/install/sam_bot_description/share/sam_bot_description/environment/path.sh
-- Installing: /home/kirill/Desktop/robotics/lab5/ex01/install/sam_bot_description/share/sam_bot_description/environment/path.dsv
-- Up-to-date: /home/kirill/Desktop/robotics/lab5/ex01/install/sam_bot_description/share/sam_bot_description/local_setup.bash
-- Up-to-date: /home/kirill/Desktop/robotics/lab5/ex01/install/sam_bot_description/share/sam_bot_description/local_setup.sh
-- Up-to-date: /home/kirill/Desktop/robotics/lab5/ex01/install/sam_bot_description/share/sam_bot_description/local_setup.zsh
-- Installing: /home/kirill/Desktop/robotics/lab5/ex01/install/sam_bot_description/share/sam_bot_description/local_setup.dsv
-- Installing: /home/kirill/Desktop/robotics/lab5/ex01/install/sam_bot_description/share/sam_bot_description/package.dsv
-- Up-to-date: /home/kirill/Desktop/robotics/lab5/ex01/install/sam_bot_description/share/ament_index/resource_index/packages/sam_bot_description
-- Up-to-date: /home/kirill/Desktop/robotics/lab5/ex01/install/sam_bot_description/share/sam_bot_description/cmake/sam_bot_descriptionConfig.cmake
-- Up-to-date: /home/kirill/Desktop/robotics/lab5/ex01/install/sam_bot_description/share/sam_bot_description/cmake/sam_bot_descriptionConfig-version.cmake
-- Installing: /home/kirill/Desktop/robotics/lab5/ex01/install/sam_bot_description/share/sam_bot_description/package.xml
