-- Found ament_cmake: 1.3.10 (/opt/ros/humble/share/ament_cmake/cmake)
-- Found rclcpp: 16.0.10 (/opt/ros/humble/share/rclcpp/cmake)
-- Found rosidl_generator_c: 3.1.5 (/opt/ros/humble/share/rosidl_generator_c/cmake)
-- Found rosidl_adapter: 3.1.5 (/opt/ros/humble/share/rosidl_adapter/cmake)
-- Found rosidl_generator_cpp: 3.1.5 (/opt/ros/humble/share/rosidl_generator_cpp/cmake)
-- Using all available rosidl_typesupport_c: rosidl_typesupport_fastrtps_c;rosidl_typesupport_introspection_c
-- Using all available rosidl_typesupport_cpp: rosidl_typesupport_fastrtps_cpp;rosidl_typesupport_introspection_cpp
-- Found rmw_implementation_cmake: 6.1.2 (/opt/ros/humble/share/rmw_implementation_cmake/cmake)
-- Found rmw_fastrtps_cpp: 6.2.7 (/opt/ros/humble/share/rmw_fastrtps_cpp/cmake)
-- Found OpenSSL: /usr/lib/x86_64-linux-gnu/libcrypto.so (found version "3.0.2")  
-- Found FastRTPS: /opt/ros/humble/include  
-- Using RMW implementation 'rmw_fastrtps_cpp' as default
-- Looking for pthread.h
-- Looking for pthread.h - found
-- Performing Test CMAKE_HAVE_LIBC_PTHREAD
-- Performing Test CMAKE_HAVE_LIBC_PTHREAD - Success
-- Found Threads: TRUE  
-- Found geometry_msgs: 4.2.4 (/opt/ros/humble/share/geometry_msgs/cmake)
-- Found rosidl_default_generators: 1.2.0 (/opt/ros/humble/share/rosidl_default_generators/cmake)
-- Found ament_cmake_ros: 0.10.0 (/opt/ros/humble/share/ament_cmake_ros/cmake)
-- Using all available rosidl_typesupport_c: rosidl_typesupport_fastrtps_c;rosidl_typesupport_introspection_c
-- Using all available rosidl_typesupport_cpp: rosidl_typesupport_fastrtps_cpp;rosidl_typesupport_introspection_cpp
-- Found PythonInterp: /usr/bin/python3 (found suitable version "3.10.12", minimum required is "3.6") 
-- Found python_cmake_module: 0.10.0 (/opt/ros/humble/share/python_cmake_module/cmake)
-- Found PythonLibs: /usr/lib/x86_64-linux-gnu/libpython3.10.so (found suitable version "3.10.12", minimum required is "3.5") 
-- Using PYTHON_EXECUTABLE: /usr/bin/python3
-- Using PYTHON_INCLUDE_DIRS: /usr/include/python3.10
-- Using PYTHON_LIBRARIES: /usr/lib/x86_64-linux-gnu/libpython3.10.so
-- Found PythonExtra: .so  
-- Found ament_lint_auto: 0.12.11 (/opt/ros/humble/share/ament_lint_auto/cmake)
-- Added test 'lint_cmake' to check CMake code style
-- Added test 'xmllint' to check XML markup files
-- Configuring done
-- Generating done
-- Build files have been written to: /home/kirill/Desktop/robotics/lab3/ex02/action_turtle/build/actions_help
[  3%] [34m[1mGenerating C code for ROS interfaces[0m
[  6%] [34m[1mGenerating C++ code for ROS interfaces[0m
[  6%] Built target ament_cmake_python_copy_actions_help
running egg_info
creating actions_help.egg-info
writing actions_help.egg-info/PKG-INFO
writing dependency_links to actions_help.egg-info/dependency_links.txt
writing top-level names to actions_help.egg-info/top_level.txt
writing manifest file 'actions_help.egg-info/SOURCES.txt'
reading manifest file 'actions_help.egg-info/SOURCES.txt'
writing manifest file 'actions_help.egg-info/SOURCES.txt'
[  6%] Built target ament_cmake_python_build_actions_help_egg
[  9%] [32mBuilding C object CMakeFiles/actions_help__rosidl_generator_c.dir/rosidl_generator_c/actions_help/action/detail/message_turtle_commands__functions.c.o[0m
[  9%] Built target actions_help__cpp
[ 12%] [34m[1mGenerating C++ type support dispatch for ROS interfaces[0m
[ 16%] [34m[1mGenerating C++ type support for eProsima Fast-RTPS[0m
[ 19%] [34m[1mGenerating C++ introspection for ROS interfaces[0m
[ 22%] [32m[1mLinking C shared library libactions_help__rosidl_generator_c.so[0m
[ 22%] Built target actions_help__rosidl_generator_c
[ 25%] [34m[1mGenerating C type support for eProsima Fast-RTPS[0m
[ 29%] [32mBuilding CXX object CMakeFiles/actions_help__rosidl_typesupport_cpp.dir/rosidl_typesupport_cpp/actions_help/action/message_turtle_commands__type_support.cpp.o[0m
[ 32%] [32mBuilding CXX object CMakeFiles/actions_help__rosidl_typesupport_introspection_cpp.dir/rosidl_typesupport_introspection_cpp/actions_help/action/detail/message_turtle_commands__type_support.cpp.o[0m
[ 35%] [32mBuilding CXX object CMakeFiles/actions_help__rosidl_typesupport_fastrtps_cpp.dir/rosidl_typesupport_fastrtps_cpp/actions_help/action/detail/dds_fastrtps/message_turtle_commands__type_support.cpp.o[0m
[ 38%] [32mBuilding CXX object CMakeFiles/actions_help__rosidl_typesupport_fastrtps_c.dir/rosidl_typesupport_fastrtps_c/actions_help/action/detail/message_turtle_commands__type_support_c.cpp.o[0m
[ 41%] [32m[1mLinking CXX shared library libactions_help__rosidl_typesupport_fastrtps_c.so[0m
[ 45%] [32m[1mLinking CXX shared library libactions_help__rosidl_typesupport_cpp.so[0m
[ 45%] Built target actions_help__rosidl_typesupport_cpp
[ 45%] Built target actions_help__rosidl_typesupport_fastrtps_c
[ 48%] [34m[1mGenerating C introspection for ROS interfaces[0m
[ 51%] [34m[1mGenerating C type support dispatch for ROS interfaces[0m
[ 54%] [32m[1mLinking CXX shared library libactions_help__rosidl_typesupport_fastrtps_cpp.so[0m
[ 58%] [32m[1mLinking CXX shared library libactions_help__rosidl_typesupport_introspection_cpp.so[0m
[ 58%] Built target actions_help__rosidl_typesupport_fastrtps_cpp
[ 58%] Built target actions_help__rosidl_typesupport_introspection_cpp
[ 61%] [32mBuilding CXX object CMakeFiles/actions_help__rosidl_typesupport_c.dir/rosidl_typesupport_c/actions_help/action/message_turtle_commands__type_support.cpp.o[0m
[ 64%] [32mBuilding C object CMakeFiles/actions_help__rosidl_typesupport_introspection_c.dir/rosidl_typesupport_introspection_c/actions_help/action/detail/message_turtle_commands__type_support.c.o[0m
[ 67%] [32m[1mLinking CXX shared library libactions_help__rosidl_typesupport_c.so[0m
[ 67%] Built target actions_help__rosidl_typesupport_c
[ 70%] [32m[1mLinking C shared library libactions_help__rosidl_typesupport_introspection_c.so[0m
[ 70%] Built target actions_help__rosidl_typesupport_introspection_c
[ 70%] Built target actions_help
[ 74%] [34m[1mGenerating Python code for ROS interfaces[0m
[ 74%] Built target actions_help__py
[ 77%] [32mBuilding C object CMakeFiles/actions_help__rosidl_generator_py.dir/rosidl_generator_py/actions_help/action/_message_turtle_commands_s.c.o[0m
[ 80%] [32m[1mLinking C shared library rosidl_generator_py/actions_help/libactions_help__rosidl_generator_py.so[0m
[ 80%] Built target actions_help__rosidl_generator_py
[ 83%] [32mBuilding C object CMakeFiles/actions_help__rosidl_typesupport_introspection_c__pyext.dir/rosidl_generator_py/actions_help/_actions_help_s.ep.rosidl_typesupport_introspection_c.c.o[0m
[ 87%] [32mBuilding C object CMakeFiles/actions_help__rosidl_typesupport_fastrtps_c__pyext.dir/rosidl_generator_py/actions_help/_actions_help_s.ep.rosidl_typesupport_fastrtps_c.c.o[0m
[ 90%] [32mBuilding C object CMakeFiles/actions_help__rosidl_typesupport_c__pyext.dir/rosidl_generator_py/actions_help/_actions_help_s.ep.rosidl_typesupport_c.c.o[0m
[ 93%] [32m[1mLinking C shared library rosidl_generator_py/actions_help/actions_help_s__rosidl_typesupport_c.cpython-310-x86_64-linux-gnu.so[0m
[ 96%] [32m[1mLinking C shared library rosidl_generator_py/actions_help/actions_help_s__rosidl_typesupport_introspection_c.cpython-310-x86_64-linux-gnu.so[0m
[100%] [32m[1mLinking C shared library rosidl_generator_py/actions_help/actions_help_s__rosidl_typesupport_fastrtps_c.cpython-310-x86_64-linux-gnu.so[0m
[100%] Built target actions_help__rosidl_typesupport_c__pyext
[100%] Built target actions_help__rosidl_typesupport_introspection_c__pyext
[100%] Built target actions_help__rosidl_typesupport_fastrtps_c__pyext
-- Install configuration: ""
-- Installing: /home/kirill/Desktop/robotics/lab3/ex02/action_turtle/install/actions_help/share/ament_index/resource_index/rosidl_interfaces/actions_help
-- Installing: /home/kirill/Desktop/robotics/lab3/ex02/action_turtle/install/actions_help/include/actions_help/actions_help
-- Installing: /home/kirill/Desktop/robotics/lab3/ex02/action_turtle/install/actions_help/include/actions_help/actions_help/msg
-- Installing: /home/kirill/Desktop/robotics/lab3/ex02/action_turtle/install/actions_help/include/actions_help/actions_help/msg/rosidl_generator_c__visibility_control.h
-- Installing: /home/kirill/Desktop/robotics/lab3/ex02/action_turtle/install/actions_help/include/actions_help/actions_help/action
-- Installing: /home/kirill/Desktop/robotics/lab3/ex02/action_turtle/install/actions_help/include/actions_help/actions_help/action/detail
-- Installing: /home/kirill/Desktop/robotics/lab3/ex02/action_turtle/install/actions_help/include/actions_help/actions_help/action/detail/message_turtle_commands__struct.h
-- Installing: /home/kirill/Desktop/robotics/lab3/ex02/action_turtle/install/actions_help/include/actions_help/actions_help/action/detail/message_turtle_commands__type_support.h
-- Installing: /home/kirill/Desktop/robotics/lab3/ex02/action_turtle/install/actions_help/include/actions_help/actions_help/action/detail/message_turtle_commands__functions.h
-- Installing: /home/kirill/Desktop/robotics/lab3/ex02/action_turtle/install/actions_help/include/actions_help/actions_help/action/detail/message_turtle_commands__functions.c
-- Installing: /home/kirill/Desktop/robotics/lab3/ex02/action_turtle/install/actions_help/include/actions_help/actions_help/action/message_turtle_commands.h
-- Installing: /home/kirill/Desktop/robotics/lab3/ex02/action_turtle/install/actions_help/share/actions_help/environment/library_path.sh
-- Installing: /home/kirill/Desktop/robotics/lab3/ex02/action_turtle/install/actions_help/share/actions_help/environment/library_path.dsv
-- Installing: /home/kirill/Desktop/robotics/lab3/ex02/action_turtle/install/actions_help/lib/libactions_help__rosidl_generator_c.so
-- Set runtime path of "/home/kirill/Desktop/robotics/lab3/ex02/action_turtle/install/actions_help/lib/libactions_help__rosidl_generator_c.so" to ""
-- Up-to-date: /home/kirill/Desktop/robotics/lab3/ex02/action_turtle/install/actions_help/include/actions_help/actions_help
-- Up-to-date: /home/kirill/Desktop/robotics/lab3/ex02/action_turtle/install/actions_help/include/actions_help/actions_help/msg
-- Installing: /home/kirill/Desktop/robotics/lab3/ex02/action_turtle/install/actions_help/include/actions_help/actions_help/msg/rosidl_typesupport_fastrtps_c__visibility_control.h
-- Up-to-date: /home/kirill/Desktop/robotics/lab3/ex02/action_turtle/install/actions_help/include/actions_help/actions_help/action
-- Up-to-date: /home/kirill/Desktop/robotics/lab3/ex02/action_turtle/install/actions_help/include/actions_help/actions_help/action/detail
-- Installing: /home/kirill/Desktop/robotics/lab3/ex02/action_turtle/install/actions_help/include/actions_help/actions_help/action/detail/message_turtle_commands__rosidl_typesupport_fastrtps_c.h
-- Installing: /home/kirill/Desktop/robotics/lab3/ex02/action_turtle/install/actions_help/lib/libactions_help__rosidl_typesupport_fastrtps_c.so
-- Set runtime path of "/home/kirill/Desktop/robotics/lab3/ex02/action_turtle/install/actions_help/lib/libactions_help__rosidl_typesupport_fastrtps_c.so" to ""
-- Up-to-date: /home/kirill/Desktop/robotics/lab3/ex02/action_turtle/install/actions_help/include/actions_help/actions_help
-- Up-to-date: /home/kirill/Desktop/robotics/lab3/ex02/action_turtle/install/actions_help/include/actions_help/actions_help/action
-- Up-to-date: /home/kirill/Desktop/robotics/lab3/ex02/action_turtle/install/actions_help/include/actions_help/actions_help/action/detail
-- Installing: /home/kirill/Desktop/robotics/lab3/ex02/action_turtle/install/actions_help/include/actions_help/actions_help/action/detail/message_turtle_commands__struct.hpp
-- Installing: /home/kirill/Desktop/robotics/lab3/ex02/action_turtle/install/actions_help/include/actions_help/actions_help/action/detail/message_turtle_commands__builder.hpp
-- Installing: /home/kirill/Desktop/robotics/lab3/ex02/action_turtle/install/actions_help/include/actions_help/actions_help/action/detail/message_turtle_commands__traits.hpp
-- Installing: /home/kirill/Desktop/robotics/lab3/ex02/action_turtle/install/actions_help/include/actions_help/actions_help/action/message_turtle_commands.hpp
-- Up-to-date: /home/kirill/Desktop/robotics/lab3/ex02/action_turtle/install/actions_help/include/actions_help/actions_help
-- Up-to-date: /home/kirill/Desktop/robotics/lab3/ex02/action_turtle/install/actions_help/include/actions_help/actions_help/msg
-- Installing: /home/kirill/Desktop/robotics/lab3/ex02/action_turtle/install/actions_help/include/actions_help/actions_help/msg/rosidl_typesupport_fastrtps_cpp__visibility_control.h
-- Up-to-date: /home/kirill/Desktop/robotics/lab3/ex02/action_turtle/install/actions_help/include/actions_help/actions_help/action
-- Up-to-date: /home/kirill/Desktop/robotics/lab3/ex02/action_turtle/install/actions_help/include/actions_help/actions_help/action/detail
-- Installing: /home/kirill/Desktop/robotics/lab3/ex02/action_turtle/install/actions_help/include/actions_help/actions_help/action/detail/message_turtle_commands__rosidl_typesupport_fastrtps_cpp.hpp
-- Installing: /home/kirill/Desktop/robotics/lab3/ex02/action_turtle/install/actions_help/include/actions_help/actions_help/action/detail/dds_fastrtps
-- Installing: /home/kirill/Desktop/robotics/lab3/ex02/action_turtle/install/actions_help/lib/libactions_help__rosidl_typesupport_fastrtps_cpp.so
-- Set runtime path of "/home/kirill/Desktop/robotics/lab3/ex02/action_turtle/install/actions_help/lib/libactions_help__rosidl_typesupport_fastrtps_cpp.so" to ""
-- Up-to-date: /home/kirill/Desktop/robotics/lab3/ex02/action_turtle/install/actions_help/include/actions_help/actions_help
-- Up-to-date: /home/kirill/Desktop/robotics/lab3/ex02/action_turtle/install/actions_help/include/actions_help/actions_help/msg
-- Installing: /home/kirill/Desktop/robotics/lab3/ex02/action_turtle/install/actions_help/include/actions_help/actions_help/msg/rosidl_typesupport_introspection_c__visibility_control.h
-- Up-to-date: /home/kirill/Desktop/robotics/lab3/ex02/action_turtle/install/actions_help/include/actions_help/actions_help/action
-- Up-to-date: /home/kirill/Desktop/robotics/lab3/ex02/action_turtle/install/actions_help/include/actions_help/actions_help/action/detail
-- Installing: /home/kirill/Desktop/robotics/lab3/ex02/action_turtle/install/actions_help/include/actions_help/actions_help/action/detail/message_turtle_commands__rosidl_typesupport_introspection_c.h
-- Installing: /home/kirill/Desktop/robotics/lab3/ex02/action_turtle/install/actions_help/include/actions_help/actions_help/action/detail/message_turtle_commands__type_support.c
-- Installing: /home/kirill/Desktop/robotics/lab3/ex02/action_turtle/install/actions_help/lib/libactions_help__rosidl_typesupport_introspection_c.so
-- Set runtime path of "/home/kirill/Desktop/robotics/lab3/ex02/action_turtle/install/actions_help/lib/libactions_help__rosidl_typesupport_introspection_c.so" to ""
-- Installing: /home/kirill/Desktop/robotics/lab3/ex02/action_turtle/install/actions_help/lib/libactions_help__rosidl_typesupport_c.so
-- Set runtime path of "/home/kirill/Desktop/robotics/lab3/ex02/action_turtle/install/actions_help/lib/libactions_help__rosidl_typesupport_c.so" to ""
-- Up-to-date: /home/kirill/Desktop/robotics/lab3/ex02/action_turtle/install/actions_help/include/actions_help/actions_help
-- Up-to-date: /home/kirill/Desktop/robotics/lab3/ex02/action_turtle/install/actions_help/include/actions_help/actions_help/action
-- Up-to-date: /home/kirill/Desktop/robotics/lab3/ex02/action_turtle/install/actions_help/include/actions_help/actions_help/action/detail
-- Installing: /home/kirill/Desktop/robotics/lab3/ex02/action_turtle/install/actions_help/include/actions_help/actions_help/action/detail/message_turtle_commands__rosidl_typesupport_introspection_cpp.hpp
-- Installing: /home/kirill/Desktop/robotics/lab3/ex02/action_turtle/install/actions_help/include/actions_help/actions_help/action/detail/message_turtle_commands__type_support.cpp
-- Installing: /home/kirill/Desktop/robotics/lab3/ex02/action_turtle/install/actions_help/lib/libactions_help__rosidl_typesupport_introspection_cpp.so
-- Set runtime path of "/home/kirill/Desktop/robotics/lab3/ex02/action_turtle/install/actions_help/lib/libactions_help__rosidl_typesupport_introspection_cpp.so" to ""
-- Installing: /home/kirill/Desktop/robotics/lab3/ex02/action_turtle/install/actions_help/lib/libactions_help__rosidl_typesupport_cpp.so
-- Set runtime path of "/home/kirill/Desktop/robotics/lab3/ex02/action_turtle/install/actions_help/lib/libactions_help__rosidl_typesupport_cpp.so" to ""
-- Installing: /home/kirill/Desktop/robotics/lab3/ex02/action_turtle/install/actions_help/share/actions_help/environment/pythonpath.sh
-- Installing: /home/kirill/Desktop/robotics/lab3/ex02/action_turtle/install/actions_help/share/actions_help/environment/pythonpath.dsv
-- Installing: /home/kirill/Desktop/robotics/lab3/ex02/action_turtle/install/actions_help/local/lib/python3.10/dist-packages/actions_help-0.0.0-py3.10.egg-info
-- Installing: /home/kirill/Desktop/robotics/lab3/ex02/action_turtle/install/actions_help/local/lib/python3.10/dist-packages/actions_help-0.0.0-py3.10.egg-info/top_level.txt
-- Installing: /home/kirill/Desktop/robotics/lab3/ex02/action_turtle/install/actions_help/local/lib/python3.10/dist-packages/actions_help-0.0.0-py3.10.egg-info/dependency_links.txt
-- Installing: /home/kirill/Desktop/robotics/lab3/ex02/action_turtle/install/actions_help/local/lib/python3.10/dist-packages/actions_help-0.0.0-py3.10.egg-info/PKG-INFO
-- Installing: /home/kirill/Desktop/robotics/lab3/ex02/action_turtle/install/actions_help/local/lib/python3.10/dist-packages/actions_help-0.0.0-py3.10.egg-info/SOURCES.txt
-- Installing: /home/kirill/Desktop/robotics/lab3/ex02/action_turtle/install/actions_help/local/lib/python3.10/dist-packages/actions_help
-- Installing: /home/kirill/Desktop/robotics/lab3/ex02/action_turtle/install/actions_help/local/lib/python3.10/dist-packages/actions_help/actions_help_s__rosidl_typesupport_introspection_c.cpython-310-x86_64-linux-gnu.so
-- Installing: /home/kirill/Desktop/robotics/lab3/ex02/action_turtle/install/actions_help/local/lib/python3.10/dist-packages/actions_help/_actions_help_s.ep.rosidl_typesupport_c.c
-- Installing: /home/kirill/Desktop/robotics/lab3/ex02/action_turtle/install/actions_help/local/lib/python3.10/dist-packages/actions_help/libactions_help__rosidl_generator_py.so
-- Installing: /home/kirill/Desktop/robotics/lab3/ex02/action_turtle/install/actions_help/local/lib/python3.10/dist-packages/actions_help/actions_help_s__rosidl_typesupport_c.cpython-310-x86_64-linux-gnu.so
-- Installing: /home/kirill/Desktop/robotics/lab3/ex02/action_turtle/install/actions_help/local/lib/python3.10/dist-packages/actions_help/_actions_help_s.ep.rosidl_typesupport_introspection_c.c
-- Installing: /home/kirill/Desktop/robotics/lab3/ex02/action_turtle/install/actions_help/local/lib/python3.10/dist-packages/actions_help/action
-- Installing: /home/kirill/Desktop/robotics/lab3/ex02/action_turtle/install/actions_help/local/lib/python3.10/dist-packages/actions_help/action/_message_turtle_commands.py
-- Installing: /home/kirill/Desktop/robotics/lab3/ex02/action_turtle/install/actions_help/local/lib/python3.10/dist-packages/actions_help/action/__init__.py
-- Installing: /home/kirill/Desktop/robotics/lab3/ex02/action_turtle/install/actions_help/local/lib/python3.10/dist-packages/actions_help/action/_message_turtle_commands_s.c
-- Installing: /home/kirill/Desktop/robotics/lab3/ex02/action_turtle/install/actions_help/local/lib/python3.10/dist-packages/actions_help/__init__.py
-- Installing: /home/kirill/Desktop/robotics/lab3/ex02/action_turtle/install/actions_help/local/lib/python3.10/dist-packages/actions_help/actions_help_s__rosidl_typesupport_fastrtps_c.cpython-310-x86_64-linux-gnu.so
-- Installing: /home/kirill/Desktop/robotics/lab3/ex02/action_turtle/install/actions_help/local/lib/python3.10/dist-packages/actions_help/_actions_help_s.ep.rosidl_typesupport_fastrtps_c.c
Listing '/home/kirill/Desktop/robotics/lab3/ex02/action_turtle/install/actions_help/local/lib/python3.10/dist-packages/actions_help'...
Compiling '/home/kirill/Desktop/robotics/lab3/ex02/action_turtle/install/actions_help/local/lib/python3.10/dist-packages/actions_help/__init__.py'...
Listing '/home/kirill/Desktop/robotics/lab3/ex02/action_turtle/install/actions_help/local/lib/python3.10/dist-packages/actions_help/action'...
Compiling '/home/kirill/Desktop/robotics/lab3/ex02/action_turtle/install/actions_help/local/lib/python3.10/dist-packages/actions_help/action/__init__.py'...
Compiling '/home/kirill/Desktop/robotics/lab3/ex02/action_turtle/install/actions_help/local/lib/python3.10/dist-packages/actions_help/action/_message_turtle_commands.py'...
-- Installing: /home/kirill/Desktop/robotics/lab3/ex02/action_turtle/install/actions_help/local/lib/python3.10/dist-packages/actions_help/actions_help_s__rosidl_typesupport_fastrtps_c.cpython-310-x86_64-linux-gnu.so
-- Set runtime path of "/home/kirill/Desktop/robotics/lab3/ex02/action_turtle/install/actions_help/local/lib/python3.10/dist-packages/actions_help/actions_help_s__rosidl_typesupport_fastrtps_c.cpython-310-x86_64-linux-gnu.so" to ""
-- Installing: /home/kirill/Desktop/robotics/lab3/ex02/action_turtle/install/actions_help/local/lib/python3.10/dist-packages/actions_help/actions_help_s__rosidl_typesupport_introspection_c.cpython-310-x86_64-linux-gnu.so
-- Set runtime path of "/home/kirill/Desktop/robotics/lab3/ex02/action_turtle/install/actions_help/local/lib/python3.10/dist-packages/actions_help/actions_help_s__rosidl_typesupport_introspection_c.cpython-310-x86_64-linux-gnu.so" to ""
-- Installing: /home/kirill/Desktop/robotics/lab3/ex02/action_turtle/install/actions_help/local/lib/python3.10/dist-packages/actions_help/actions_help_s__rosidl_typesupport_c.cpython-310-x86_64-linux-gnu.so
-- Set runtime path of "/home/kirill/Desktop/robotics/lab3/ex02/action_turtle/install/actions_help/local/lib/python3.10/dist-packages/actions_help/actions_help_s__rosidl_typesupport_c.cpython-310-x86_64-linux-gnu.so" to ""
-- Installing: /home/kirill/Desktop/robotics/lab3/ex02/action_turtle/install/actions_help/lib/libactions_help__rosidl_generator_py.so
-- Set runtime path of "/home/kirill/Desktop/robotics/lab3/ex02/action_turtle/install/actions_help/lib/libactions_help__rosidl_generator_py.so" to ""
-- Installing: /home/kirill/Desktop/robotics/lab3/ex02/action_turtle/install/actions_help/share/actions_help/action/MessageTurtleCommands.idl
-- Installing: /home/kirill/Desktop/robotics/lab3/ex02/action_turtle/install/actions_help/share/actions_help/action/MessageTurtleCommands.action
-- Installing: /home/kirill/Desktop/robotics/lab3/ex02/action_turtle/install/actions_help/share/ament_index/resource_index/package_run_dependencies/actions_help
-- Installing: /home/kirill/Desktop/robotics/lab3/ex02/action_turtle/install/actions_help/share/ament_index/resource_index/parent_prefix_path/actions_help
-- Installing: /home/kirill/Desktop/robotics/lab3/ex02/action_turtle/install/actions_help/share/actions_help/environment/ament_prefix_path.sh
-- Installing: /home/kirill/Desktop/robotics/lab3/ex02/action_turtle/install/actions_help/share/actions_help/environment/ament_prefix_path.dsv
-- Installing: /home/kirill/Desktop/robotics/lab3/ex02/action_turtle/install/actions_help/share/actions_help/environment/path.sh
-- Installing: /home/kirill/Desktop/robotics/lab3/ex02/action_turtle/install/actions_help/share/actions_help/environment/path.dsv
-- Installing: /home/kirill/Desktop/robotics/lab3/ex02/action_turtle/install/actions_help/share/actions_help/local_setup.bash
-- Installing: /home/kirill/Desktop/robotics/lab3/ex02/action_turtle/install/actions_help/share/actions_help/local_setup.sh
-- Installing: /home/kirill/Desktop/robotics/lab3/ex02/action_turtle/install/actions_help/share/actions_help/local_setup.zsh
-- Installing: /home/kirill/Desktop/robotics/lab3/ex02/action_turtle/install/actions_help/share/actions_help/local_setup.dsv
-- Installing: /home/kirill/Desktop/robotics/lab3/ex02/action_turtle/install/actions_help/share/actions_help/package.dsv
-- Installing: /home/kirill/Desktop/robotics/lab3/ex02/action_turtle/install/actions_help/share/ament_index/resource_index/packages/actions_help
-- Installing: /home/kirill/Desktop/robotics/lab3/ex02/action_turtle/install/actions_help/share/actions_help/cmake/export_actions_help__rosidl_generator_cExport.cmake
-- Installing: /home/kirill/Desktop/robotics/lab3/ex02/action_turtle/install/actions_help/share/actions_help/cmake/export_actions_help__rosidl_generator_cExport-noconfig.cmake
-- Installing: /home/kirill/Desktop/robotics/lab3/ex02/action_turtle/install/actions_help/share/actions_help/cmake/export_actions_help__rosidl_typesupport_fastrtps_cExport.cmake
-- Installing: /home/kirill/Desktop/robotics/lab3/ex02/action_turtle/install/actions_help/share/actions_help/cmake/export_actions_help__rosidl_typesupport_fastrtps_cExport-noconfig.cmake
-- Installing: /home/kirill/Desktop/robotics/lab3/ex02/action_turtle/install/actions_help/share/actions_help/cmake/export_actions_help__rosidl_generator_cppExport.cmake
-- Installing: /home/kirill/Desktop/robotics/lab3/ex02/action_turtle/install/actions_help/share/actions_help/cmake/export_actions_help__rosidl_typesupport_fastrtps_cppExport.cmake
-- Installing: /home/kirill/Desktop/robotics/lab3/ex02/action_turtle/install/actions_help/share/actions_help/cmake/export_actions_help__rosidl_typesupport_fastrtps_cppExport-noconfig.cmake
-- Installing: /home/kirill/Desktop/robotics/lab3/ex02/action_turtle/install/actions_help/share/actions_help/cmake/actions_help__rosidl_typesupport_introspection_cExport.cmake
-- Installing: /home/kirill/Desktop/robotics/lab3/ex02/action_turtle/install/actions_help/share/actions_help/cmake/actions_help__rosidl_typesupport_introspection_cExport-noconfig.cmake
-- Installing: /home/kirill/Desktop/robotics/lab3/ex02/action_turtle/install/actions_help/share/actions_help/cmake/actions_help__rosidl_typesupport_cExport.cmake
-- Installing: /home/kirill/Desktop/robotics/lab3/ex02/action_turtle/install/actions_help/share/actions_help/cmake/actions_help__rosidl_typesupport_cExport-noconfig.cmake
-- Installing: /home/kirill/Desktop/robotics/lab3/ex02/action_turtle/install/actions_help/share/actions_help/cmake/actions_help__rosidl_typesupport_introspection_cppExport.cmake
-- Installing: /home/kirill/Desktop/robotics/lab3/ex02/action_turtle/install/actions_help/share/actions_help/cmake/actions_help__rosidl_typesupport_introspection_cppExport-noconfig.cmake
-- Installing: /home/kirill/Desktop/robotics/lab3/ex02/action_turtle/install/actions_help/share/actions_help/cmake/actions_help__rosidl_typesupport_cppExport.cmake
-- Installing: /home/kirill/Desktop/robotics/lab3/ex02/action_turtle/install/actions_help/share/actions_help/cmake/actions_help__rosidl_typesupport_cppExport-noconfig.cmake
-- Installing: /home/kirill/Desktop/robotics/lab3/ex02/action_turtle/install/actions_help/share/actions_help/cmake/export_actions_help__rosidl_generator_pyExport.cmake
-- Installing: /home/kirill/Desktop/robotics/lab3/ex02/action_turtle/install/actions_help/share/actions_help/cmake/export_actions_help__rosidl_generator_pyExport-noconfig.cmake
-- Installing: /home/kirill/Desktop/robotics/lab3/ex02/action_turtle/install/actions_help/share/actions_help/cmake/rosidl_cmake-extras.cmake
-- Installing: /home/kirill/Desktop/robotics/lab3/ex02/action_turtle/install/actions_help/share/actions_help/cmake/ament_cmake_export_dependencies-extras.cmake
-- Installing: /home/kirill/Desktop/robotics/lab3/ex02/action_turtle/install/actions_help/share/actions_help/cmake/ament_cmake_export_include_directories-extras.cmake
-- Installing: /home/kirill/Desktop/robotics/lab3/ex02/action_turtle/install/actions_help/share/actions_help/cmake/ament_cmake_export_libraries-extras.cmake
-- Installing: /home/kirill/Desktop/robotics/lab3/ex02/action_turtle/install/actions_help/share/actions_help/cmake/ament_cmake_export_targets-extras.cmake
-- Installing: /home/kirill/Desktop/robotics/lab3/ex02/action_turtle/install/actions_help/share/actions_help/cmake/rosidl_cmake_export_typesupport_targets-extras.cmake
-- Installing: /home/kirill/Desktop/robotics/lab3/ex02/action_turtle/install/actions_help/share/actions_help/cmake/rosidl_cmake_export_typesupport_libraries-extras.cmake
-- Installing: /home/kirill/Desktop/robotics/lab3/ex02/action_turtle/install/actions_help/share/actions_help/cmake/actions_helpConfig.cmake
-- Installing: /home/kirill/Desktop/robotics/lab3/ex02/action_turtle/install/actions_help/share/actions_help/cmake/actions_helpConfig-version.cmake
-- Installing: /home/kirill/Desktop/robotics/lab3/ex02/action_turtle/install/actions_help/share/actions_help/package.xml
