[0.020s] Invoking command in '/home/kirill/Desktop/robotics/lab3/ex02/action_turtle/build/actions_help': CMAKE_PREFIX_PATH=${CMAKE_PREFIX_PATH}:/home/kirill/Desktop/robotics/lab3/ex01/install/service_full_name:/opt/ros/humble /usr/bin/cmake /home/kirill/Desktop/robotics/lab3/ex02/action_turtle/src/actions_help -DCMAKE_INSTALL_PREFIX=/home/kirill/Desktop/robotics/lab3/ex02/action_turtle/install/actions_help
[0.043s] -- Found ament_cmake: 1.3.10 (/opt/ros/humble/share/ament_cmake/cmake)
[0.419s] -- Found rclcpp: 16.0.10 (/opt/ros/humble/share/rclcpp/cmake)
[1.085s] -- Found rosidl_generator_c: 3.1.5 (/opt/ros/humble/share/rosidl_generator_c/cmake)
[1.141s] -- Found rosidl_adapter: 3.1.5 (/opt/ros/humble/share/rosidl_adapter/cmake)
[1.283s] -- Found rosidl_generator_cpp: 3.1.5 (/opt/ros/humble/share/rosidl_generator_cpp/cmake)
[1.487s] -- Using all available rosidl_typesupport_c: rosidl_typesupport_fastrtps_c;rosidl_typesupport_introspection_c
[1.666s] -- Using all available rosidl_typesupport_cpp: rosidl_typesupport_fastrtps_cpp;rosidl_typesupport_introspection_cpp
[2.075s] -- Found rmw_implementation_cmake: 6.1.2 (/opt/ros/humble/share/rmw_implementation_cmake/cmake)
[2.098s] -- Found rmw_fastrtps_cpp: 6.2.7 (/opt/ros/humble/share/rmw_fastrtps_cpp/cmake)
[2.738s] -- Found OpenSSL: /usr/lib/x86_64-linux-gnu/libcrypto.so (found version "3.0.2")  
[2.870s] -- Found FastRTPS: /opt/ros/humble/include  
[2.981s] -- Using RMW implementation 'rmw_fastrtps_cpp' as default
[3.119s] -- Looking for pthread.h
[3.456s] -- Looking for pthread.h - found
[3.457s] -- Performing Test CMAKE_HAVE_LIBC_PTHREAD
[3.631s] -- Performing Test CMAKE_HAVE_LIBC_PTHREAD - Success
[3.633s] -- Found Threads: TRUE  
[4.009s] -- Found geometry_msgs: 4.2.4 (/opt/ros/humble/share/geometry_msgs/cmake)
[4.089s] -- Found rosidl_default_generators: 1.2.0 (/opt/ros/humble/share/rosidl_default_generators/cmake)
[4.983s] -- Found ament_cmake_ros: 0.10.0 (/opt/ros/humble/share/ament_cmake_ros/cmake)
[5.965s] -- Using all available rosidl_typesupport_c: rosidl_typesupport_fastrtps_c;rosidl_typesupport_introspection_c
[6.314s] -- Using all available rosidl_typesupport_cpp: rosidl_typesupport_fastrtps_cpp;rosidl_typesupport_introspection_cpp
[6.396s] -- Found PythonInterp: /usr/bin/python3 (found suitable version "3.10.12", minimum required is "3.6") 
[6.437s] -- Found python_cmake_module: 0.10.0 (/opt/ros/humble/share/python_cmake_module/cmake)
[6.602s] -- Found PythonLibs: /usr/lib/x86_64-linux-gnu/libpython3.10.so (found suitable version "3.10.12", minimum required is "3.5") 
[6.603s] -- Using PYTHON_EXECUTABLE: /usr/bin/python3
[6.604s] -- Using PYTHON_INCLUDE_DIRS: /usr/include/python3.10
[6.604s] -- Using PYTHON_LIBRARIES: /usr/lib/x86_64-linux-gnu/libpython3.10.so
[6.651s] -- Found PythonExtra: .so  
[6.845s] -- Found ament_lint_auto: 0.12.11 (/opt/ros/humble/share/ament_lint_auto/cmake)
[6.976s] -- Added test 'lint_cmake' to check CMake code style
[6.983s] -- Added test 'xmllint' to check XML markup files
[6.997s] -- Configuring done
[7.109s] -- Generating done
[7.115s] -- Build files have been written to: /home/kirill/Desktop/robotics/lab3/ex02/action_turtle/build/actions_help
[7.133s] Invoked command in '/home/kirill/Desktop/robotics/lab3/ex02/action_turtle/build/actions_help' returned '0': CMAKE_PREFIX_PATH=${CMAKE_PREFIX_PATH}:/home/kirill/Desktop/robotics/lab3/ex01/install/service_full_name:/opt/ros/humble /usr/bin/cmake /home/kirill/Desktop/robotics/lab3/ex02/action_turtle/src/actions_help -DCMAKE_INSTALL_PREFIX=/home/kirill/Desktop/robotics/lab3/ex02/action_turtle/install/actions_help
[7.142s] Invoking command in '/home/kirill/Desktop/robotics/lab3/ex02/action_turtle/build/actions_help': CMAKE_PREFIX_PATH=${CMAKE_PREFIX_PATH}:/home/kirill/Desktop/robotics/lab3/ex01/install/service_full_name:/opt/ros/humble /usr/bin/cmake --build /home/kirill/Desktop/robotics/lab3/ex02/action_turtle/build/actions_help -- -j4 -l4
[7.225s] [  3%] [34m[1mGenerating C code for ROS interfaces[0m
[7.249s] [  6%] [34m[1mGenerating C++ code for ROS interfaces[0m
[7.254s] [  6%] Built target ament_cmake_python_copy_actions_help
[8.036s] running egg_info
[8.038s] creating actions_help.egg-info
[8.038s] writing actions_help.egg-info/PKG-INFO
[8.039s] writing dependency_links to actions_help.egg-info/dependency_links.txt
[8.040s] writing top-level names to actions_help.egg-info/top_level.txt
[8.040s] writing manifest file 'actions_help.egg-info/SOURCES.txt'
[8.047s] reading manifest file 'actions_help.egg-info/SOURCES.txt'
[8.048s] writing manifest file 'actions_help.egg-info/SOURCES.txt'
[8.115s] [  6%] Built target ament_cmake_python_build_actions_help_egg
[8.378s] [  9%] [32mBuilding C object CMakeFiles/actions_help__rosidl_generator_c.dir/rosidl_generator_c/actions_help/action/detail/message_turtle_commands__functions.c.o[0m
[8.644s] [  9%] Built target actions_help__cpp
[8.664s] [ 12%] [34m[1mGenerating C++ type support dispatch for ROS interfaces[0m
[8.666s] [ 16%] [34m[1mGenerating C++ type support for eProsima Fast-RTPS[0m
[8.669s] [ 19%] [34m[1mGenerating C++ introspection for ROS interfaces[0m
[9.199s] [ 22%] [32m[1mLinking C shared library libactions_help__rosidl_generator_c.so[0m
[9.367s] [ 22%] Built target actions_help__rosidl_generator_c
[9.396s] [ 25%] [34m[1mGenerating C type support for eProsima Fast-RTPS[0m
[10.061s] [ 29%] [32mBuilding CXX object CMakeFiles/actions_help__rosidl_typesupport_cpp.dir/rosidl_typesupport_cpp/actions_help/action/message_turtle_commands__type_support.cpp.o[0m
[10.273s] [ 32%] [32mBuilding CXX object CMakeFiles/actions_help__rosidl_typesupport_introspection_cpp.dir/rosidl_typesupport_introspection_cpp/actions_help/action/detail/message_turtle_commands__type_support.cpp.o[0m
[10.345s] [ 35%] [32mBuilding CXX object CMakeFiles/actions_help__rosidl_typesupport_fastrtps_cpp.dir/rosidl_typesupport_fastrtps_cpp/actions_help/action/detail/dds_fastrtps/message_turtle_commands__type_support.cpp.o[0m
[11.005s] [ 38%] [32mBuilding CXX object CMakeFiles/actions_help__rosidl_typesupport_fastrtps_c.dir/rosidl_typesupport_fastrtps_c/actions_help/action/detail/message_turtle_commands__type_support_c.cpp.o[0m
[14.223s] [ 41%] [32m[1mLinking CXX shared library libactions_help__rosidl_typesupport_fastrtps_c.so[0m
[14.336s] [ 45%] [32m[1mLinking CXX shared library libactions_help__rosidl_typesupport_cpp.so[0m
[14.465s] [ 45%] Built target actions_help__rosidl_typesupport_cpp
[14.473s] [ 45%] Built target actions_help__rosidl_typesupport_fastrtps_c
[14.491s] [ 48%] [34m[1mGenerating C introspection for ROS interfaces[0m
[14.502s] [ 51%] [34m[1mGenerating C type support dispatch for ROS interfaces[0m
[14.567s] [ 54%] [32m[1mLinking CXX shared library libactions_help__rosidl_typesupport_fastrtps_cpp.so[0m
[14.785s] [ 58%] [32m[1mLinking CXX shared library libactions_help__rosidl_typesupport_introspection_cpp.so[0m
[14.786s] [ 58%] Built target actions_help__rosidl_typesupport_fastrtps_cpp
[15.000s] [ 58%] Built target actions_help__rosidl_typesupport_introspection_cpp
[15.473s] [ 61%] [32mBuilding CXX object CMakeFiles/actions_help__rosidl_typesupport_c.dir/rosidl_typesupport_c/actions_help/action/message_turtle_commands__type_support.cpp.o[0m
[15.601s] [ 64%] [32mBuilding C object CMakeFiles/actions_help__rosidl_typesupport_introspection_c.dir/rosidl_typesupport_introspection_c/actions_help/action/detail/message_turtle_commands__type_support.c.o[0m
[15.646s] [ 67%] [32m[1mLinking CXX shared library libactions_help__rosidl_typesupport_c.so[0m
[15.734s] [ 67%] Built target actions_help__rosidl_typesupport_c
[15.736s] [ 70%] [32m[1mLinking C shared library libactions_help__rosidl_typesupport_introspection_c.so[0m
[15.793s] [ 70%] Built target actions_help__rosidl_typesupport_introspection_c
[15.837s] [ 70%] Built target actions_help
[15.873s] [ 74%] [34m[1mGenerating Python code for ROS interfaces[0m
[17.777s] [ 74%] Built target actions_help__py
[17.821s] [ 77%] [32mBuilding C object CMakeFiles/actions_help__rosidl_generator_py.dir/rosidl_generator_py/actions_help/action/_message_turtle_commands_s.c.o[0m
[18.861s] [ 80%] [32m[1mLinking C shared library rosidl_generator_py/actions_help/libactions_help__rosidl_generator_py.so[0m
[18.985s] [ 80%] Built target actions_help__rosidl_generator_py
[19.022s] [ 83%] [32mBuilding C object CMakeFiles/actions_help__rosidl_typesupport_introspection_c__pyext.dir/rosidl_generator_py/actions_help/_actions_help_s.ep.rosidl_typesupport_introspection_c.c.o[0m
[19.030s] [ 87%] [32mBuilding C object CMakeFiles/actions_help__rosidl_typesupport_fastrtps_c__pyext.dir/rosidl_generator_py/actions_help/_actions_help_s.ep.rosidl_typesupport_fastrtps_c.c.o[0m
[19.031s] [ 90%] [32mBuilding C object CMakeFiles/actions_help__rosidl_typesupport_c__pyext.dir/rosidl_generator_py/actions_help/_actions_help_s.ep.rosidl_typesupport_c.c.o[0m
[19.306s] [ 93%] [32m[1mLinking C shared library rosidl_generator_py/actions_help/actions_help_s__rosidl_typesupport_c.cpython-310-x86_64-linux-gnu.so[0m
[19.353s] [ 96%] [32m[1mLinking C shared library rosidl_generator_py/actions_help/actions_help_s__rosidl_typesupport_introspection_c.cpython-310-x86_64-linux-gnu.so[0m
[19.374s] [100%] [32m[1mLinking C shared library rosidl_generator_py/actions_help/actions_help_s__rosidl_typesupport_fastrtps_c.cpython-310-x86_64-linux-gnu.so[0m
[19.401s] [100%] Built target actions_help__rosidl_typesupport_c__pyext
[19.441s] [100%] Built target actions_help__rosidl_typesupport_introspection_c__pyext
[19.482s] [100%] Built target actions_help__rosidl_typesupport_fastrtps_c__pyext
[19.517s] Invoked command in '/home/kirill/Desktop/robotics/lab3/ex02/action_turtle/build/actions_help' returned '0': CMAKE_PREFIX_PATH=${CMAKE_PREFIX_PATH}:/home/kirill/Desktop/robotics/lab3/ex01/install/service_full_name:/opt/ros/humble /usr/bin/cmake --build /home/kirill/Desktop/robotics/lab3/ex02/action_turtle/build/actions_help -- -j4 -l4
[19.666s] Invoking command in '/home/kirill/Desktop/robotics/lab3/ex02/action_turtle/build/actions_help': CMAKE_PREFIX_PATH=${CMAKE_PREFIX_PATH}:/home/kirill/Desktop/robotics/lab3/ex01/install/service_full_name:/opt/ros/humble /usr/bin/cmake --install /home/kirill/Desktop/robotics/lab3/ex02/action_turtle/build/actions_help
[19.682s] -- Install configuration: ""
[19.683s] -- Installing: /home/kirill/Desktop/robotics/lab3/ex02/action_turtle/install/actions_help/share/ament_index/resource_index/rosidl_interfaces/actions_help
[19.683s] -- Installing: /home/kirill/Desktop/robotics/lab3/ex02/action_turtle/install/actions_help/include/actions_help/actions_help
[19.684s] -- Installing: /home/kirill/Desktop/robotics/lab3/ex02/action_turtle/install/actions_help/include/actions_help/actions_help/msg
[19.684s] -- Installing: /home/kirill/Desktop/robotics/lab3/ex02/action_turtle/install/actions_help/include/actions_help/actions_help/msg/rosidl_generator_c__visibility_control.h
[19.685s] -- Installing: /home/kirill/Desktop/robotics/lab3/ex02/action_turtle/install/actions_help/include/actions_help/actions_help/action
[19.685s] -- Installing: /home/kirill/Desktop/robotics/lab3/ex02/action_turtle/install/actions_help/include/actions_help/actions_help/action/detail
[19.685s] -- Installing: /home/kirill/Desktop/robotics/lab3/ex02/action_turtle/install/actions_help/include/actions_help/actions_help/action/detail/message_turtle_commands__struct.h
[19.685s] -- Installing: /home/kirill/Desktop/robotics/lab3/ex02/action_turtle/install/actions_help/include/actions_help/actions_help/action/detail/message_turtle_commands__type_support.h
[19.686s] -- Installing: /home/kirill/Desktop/robotics/lab3/ex02/action_turtle/install/actions_help/include/actions_help/actions_help/action/detail/message_turtle_commands__functions.h
[19.686s] -- Installing: /home/kirill/Desktop/robotics/lab3/ex02/action_turtle/install/actions_help/include/actions_help/actions_help/action/detail/message_turtle_commands__functions.c
[19.686s] -- Installing: /home/kirill/Desktop/robotics/lab3/ex02/action_turtle/install/actions_help/include/actions_help/actions_help/action/message_turtle_commands.h
[19.687s] -- Installing: /home/kirill/Desktop/robotics/lab3/ex02/action_turtle/install/actions_help/share/actions_help/environment/library_path.sh
[19.687s] -- Installing: /home/kirill/Desktop/robotics/lab3/ex02/action_turtle/install/actions_help/share/actions_help/environment/library_path.dsv
[19.688s] -- Installing: /home/kirill/Desktop/robotics/lab3/ex02/action_turtle/install/actions_help/lib/libactions_help__rosidl_generator_c.so
[19.689s] -- Set runtime path of "/home/kirill/Desktop/robotics/lab3/ex02/action_turtle/install/actions_help/lib/libactions_help__rosidl_generator_c.so" to ""
[19.689s] -- Up-to-date: /home/kirill/Desktop/robotics/lab3/ex02/action_turtle/install/actions_help/include/actions_help/actions_help
[19.689s] -- Up-to-date: /home/kirill/Desktop/robotics/lab3/ex02/action_turtle/install/actions_help/include/actions_help/actions_help/msg
[19.690s] -- Installing: /home/kirill/Desktop/robotics/lab3/ex02/action_turtle/install/actions_help/include/actions_help/actions_help/msg/rosidl_typesupport_fastrtps_c__visibility_control.h
[19.690s] -- Up-to-date: /home/kirill/Desktop/robotics/lab3/ex02/action_turtle/install/actions_help/include/actions_help/actions_help/action
[19.690s] -- Up-to-date: /home/kirill/Desktop/robotics/lab3/ex02/action_turtle/install/actions_help/include/actions_help/actions_help/action/detail
[19.691s] -- Installing: /home/kirill/Desktop/robotics/lab3/ex02/action_turtle/install/actions_help/include/actions_help/actions_help/action/detail/message_turtle_commands__rosidl_typesupport_fastrtps_c.h
[19.691s] -- Installing: /home/kirill/Desktop/robotics/lab3/ex02/action_turtle/install/actions_help/lib/libactions_help__rosidl_typesupport_fastrtps_c.so
[19.691s] -- Set runtime path of "/home/kirill/Desktop/robotics/lab3/ex02/action_turtle/install/actions_help/lib/libactions_help__rosidl_typesupport_fastrtps_c.so" to ""
[19.692s] -- Up-to-date: /home/kirill/Desktop/robotics/lab3/ex02/action_turtle/install/actions_help/include/actions_help/actions_help
[19.692s] -- Up-to-date: /home/kirill/Desktop/robotics/lab3/ex02/action_turtle/install/actions_help/include/actions_help/actions_help/action
[19.692s] -- Up-to-date: /home/kirill/Desktop/robotics/lab3/ex02/action_turtle/install/actions_help/include/actions_help/actions_help/action/detail
[19.693s] -- Installing: /home/kirill/Desktop/robotics/lab3/ex02/action_turtle/install/actions_help/include/actions_help/actions_help/action/detail/message_turtle_commands__struct.hpp
[19.693s] -- Installing: /home/kirill/Desktop/robotics/lab3/ex02/action_turtle/install/actions_help/include/actions_help/actions_help/action/detail/message_turtle_commands__builder.hpp
[19.693s] -- Installing: /home/kirill/Desktop/robotics/lab3/ex02/action_turtle/install/actions_help/include/actions_help/actions_help/action/detail/message_turtle_commands__traits.hpp
[19.693s] -- Installing: /home/kirill/Desktop/robotics/lab3/ex02/action_turtle/install/actions_help/include/actions_help/actions_help/action/message_turtle_commands.hpp
[19.694s] -- Up-to-date: /home/kirill/Desktop/robotics/lab3/ex02/action_turtle/install/actions_help/include/actions_help/actions_help
[19.694s] -- Up-to-date: /home/kirill/Desktop/robotics/lab3/ex02/action_turtle/install/actions_help/include/actions_help/actions_help/msg
[19.694s] -- Installing: /home/kirill/Desktop/robotics/lab3/ex02/action_turtle/install/actions_help/include/actions_help/actions_help/msg/rosidl_typesupport_fastrtps_cpp__visibility_control.h
[19.695s] -- Up-to-date: /home/kirill/Desktop/robotics/lab3/ex02/action_turtle/install/actions_help/include/actions_help/actions_help/action
[19.695s] -- Up-to-date: /home/kirill/Desktop/robotics/lab3/ex02/action_turtle/install/actions_help/include/actions_help/actions_help/action/detail
[19.695s] -- Installing: /home/kirill/Desktop/robotics/lab3/ex02/action_turtle/install/actions_help/include/actions_help/actions_help/action/detail/message_turtle_commands__rosidl_typesupport_fastrtps_cpp.hpp
[19.696s] -- Installing: /home/kirill/Desktop/robotics/lab3/ex02/action_turtle/install/actions_help/include/actions_help/actions_help/action/detail/dds_fastrtps
[19.696s] -- Installing: /home/kirill/Desktop/robotics/lab3/ex02/action_turtle/install/actions_help/lib/libactions_help__rosidl_typesupport_fastrtps_cpp.so
[19.696s] -- Set runtime path of "/home/kirill/Desktop/robotics/lab3/ex02/action_turtle/install/actions_help/lib/libactions_help__rosidl_typesupport_fastrtps_cpp.so" to ""
[19.697s] -- Up-to-date: /home/kirill/Desktop/robotics/lab3/ex02/action_turtle/install/actions_help/include/actions_help/actions_help
[19.697s] -- Up-to-date: /home/kirill/Desktop/robotics/lab3/ex02/action_turtle/install/actions_help/include/actions_help/actions_help/msg
[19.697s] -- Installing: /home/kirill/Desktop/robotics/lab3/ex02/action_turtle/install/actions_help/include/actions_help/actions_help/msg/rosidl_typesupport_introspection_c__visibility_control.h
[19.697s] -- Up-to-date: /home/kirill/Desktop/robotics/lab3/ex02/action_turtle/install/actions_help/include/actions_help/actions_help/action
[19.698s] -- Up-to-date: /home/kirill/Desktop/robotics/lab3/ex02/action_turtle/install/actions_help/include/actions_help/actions_help/action/detail
[19.698s] -- Installing: /home/kirill/Desktop/robotics/lab3/ex02/action_turtle/install/actions_help/include/actions_help/actions_help/action/detail/message_turtle_commands__rosidl_typesupport_introspection_c.h
[19.698s] -- Installing: /home/kirill/Desktop/robotics/lab3/ex02/action_turtle/install/actions_help/include/actions_help/actions_help/action/detail/message_turtle_commands__type_support.c
[19.699s] -- Installing: /home/kirill/Desktop/robotics/lab3/ex02/action_turtle/install/actions_help/lib/libactions_help__rosidl_typesupport_introspection_c.so
[19.699s] -- Set runtime path of "/home/kirill/Desktop/robotics/lab3/ex02/action_turtle/install/actions_help/lib/libactions_help__rosidl_typesupport_introspection_c.so" to ""
[19.699s] -- Installing: /home/kirill/Desktop/robotics/lab3/ex02/action_turtle/install/actions_help/lib/libactions_help__rosidl_typesupport_c.so
[19.700s] -- Set runtime path of "/home/kirill/Desktop/robotics/lab3/ex02/action_turtle/install/actions_help/lib/libactions_help__rosidl_typesupport_c.so" to ""
[19.700s] -- Up-to-date: /home/kirill/Desktop/robotics/lab3/ex02/action_turtle/install/actions_help/include/actions_help/actions_help
[19.701s] -- Up-to-date: /home/kirill/Desktop/robotics/lab3/ex02/action_turtle/install/actions_help/include/actions_help/actions_help/action
[19.701s] -- Up-to-date: /home/kirill/Desktop/robotics/lab3/ex02/action_turtle/install/actions_help/include/actions_help/actions_help/action/detail
[19.701s] -- Installing: /home/kirill/Desktop/robotics/lab3/ex02/action_turtle/install/actions_help/include/actions_help/actions_help/action/detail/message_turtle_commands__rosidl_typesupport_introspection_cpp.hpp
[19.701s] -- Installing: /home/kirill/Desktop/robotics/lab3/ex02/action_turtle/install/actions_help/include/actions_help/actions_help/action/detail/message_turtle_commands__type_support.cpp
[19.702s] -- Installing: /home/kirill/Desktop/robotics/lab3/ex02/action_turtle/install/actions_help/lib/libactions_help__rosidl_typesupport_introspection_cpp.so
[19.702s] -- Set runtime path of "/home/kirill/Desktop/robotics/lab3/ex02/action_turtle/install/actions_help/lib/libactions_help__rosidl_typesupport_introspection_cpp.so" to ""
[19.703s] -- Installing: /home/kirill/Desktop/robotics/lab3/ex02/action_turtle/install/actions_help/lib/libactions_help__rosidl_typesupport_cpp.so
[19.703s] -- Set runtime path of "/home/kirill/Desktop/robotics/lab3/ex02/action_turtle/install/actions_help/lib/libactions_help__rosidl_typesupport_cpp.so" to ""
[19.704s] -- Installing: /home/kirill/Desktop/robotics/lab3/ex02/action_turtle/install/actions_help/share/actions_help/environment/pythonpath.sh
[19.704s] -- Installing: /home/kirill/Desktop/robotics/lab3/ex02/action_turtle/install/actions_help/share/actions_help/environment/pythonpath.dsv
[19.704s] -- Installing: /home/kirill/Desktop/robotics/lab3/ex02/action_turtle/install/actions_help/local/lib/python3.10/dist-packages/actions_help-0.0.0-py3.10.egg-info
[19.705s] -- Installing: /home/kirill/Desktop/robotics/lab3/ex02/action_turtle/install/actions_help/local/lib/python3.10/dist-packages/actions_help-0.0.0-py3.10.egg-info/top_level.txt
[19.705s] -- Installing: /home/kirill/Desktop/robotics/lab3/ex02/action_turtle/install/actions_help/local/lib/python3.10/dist-packages/actions_help-0.0.0-py3.10.egg-info/dependency_links.txt
[19.705s] -- Installing: /home/kirill/Desktop/robotics/lab3/ex02/action_turtle/install/actions_help/local/lib/python3.10/dist-packages/actions_help-0.0.0-py3.10.egg-info/PKG-INFO
[19.705s] -- Installing: /home/kirill/Desktop/robotics/lab3/ex02/action_turtle/install/actions_help/local/lib/python3.10/dist-packages/actions_help-0.0.0-py3.10.egg-info/SOURCES.txt
[19.706s] -- Installing: /home/kirill/Desktop/robotics/lab3/ex02/action_turtle/install/actions_help/local/lib/python3.10/dist-packages/actions_help
[19.706s] -- Installing: /home/kirill/Desktop/robotics/lab3/ex02/action_turtle/install/actions_help/local/lib/python3.10/dist-packages/actions_help/actions_help_s__rosidl_typesupport_introspection_c.cpython-310-x86_64-linux-gnu.so
[19.706s] -- Installing: /home/kirill/Desktop/robotics/lab3/ex02/action_turtle/install/actions_help/local/lib/python3.10/dist-packages/actions_help/_actions_help_s.ep.rosidl_typesupport_c.c
[19.707s] -- Installing: /home/kirill/Desktop/robotics/lab3/ex02/action_turtle/install/actions_help/local/lib/python3.10/dist-packages/actions_help/libactions_help__rosidl_generator_py.so
[19.707s] -- Installing: /home/kirill/Desktop/robotics/lab3/ex02/action_turtle/install/actions_help/local/lib/python3.10/dist-packages/actions_help/actions_help_s__rosidl_typesupport_c.cpython-310-x86_64-linux-gnu.so
[19.707s] -- Installing: /home/kirill/Desktop/robotics/lab3/ex02/action_turtle/install/actions_help/local/lib/python3.10/dist-packages/actions_help/_actions_help_s.ep.rosidl_typesupport_introspection_c.c
[19.708s] -- Installing: /home/kirill/Desktop/robotics/lab3/ex02/action_turtle/install/actions_help/local/lib/python3.10/dist-packages/actions_help/action
[19.708s] -- Installing: /home/kirill/Desktop/robotics/lab3/ex02/action_turtle/install/actions_help/local/lib/python3.10/dist-packages/actions_help/action/_message_turtle_commands.py
[19.708s] -- Installing: /home/kirill/Desktop/robotics/lab3/ex02/action_turtle/install/actions_help/local/lib/python3.10/dist-packages/actions_help/action/__init__.py
[19.708s] -- Installing: /home/kirill/Desktop/robotics/lab3/ex02/action_turtle/install/actions_help/local/lib/python3.10/dist-packages/actions_help/action/_message_turtle_commands_s.c
[19.709s] -- Installing: /home/kirill/Desktop/robotics/lab3/ex02/action_turtle/install/actions_help/local/lib/python3.10/dist-packages/actions_help/__init__.py
[19.709s] -- Installing: /home/kirill/Desktop/robotics/lab3/ex02/action_turtle/install/actions_help/local/lib/python3.10/dist-packages/actions_help/actions_help_s__rosidl_typesupport_fastrtps_c.cpython-310-x86_64-linux-gnu.so
[19.709s] -- Installing: /home/kirill/Desktop/robotics/lab3/ex02/action_turtle/install/actions_help/local/lib/python3.10/dist-packages/actions_help/_actions_help_s.ep.rosidl_typesupport_fastrtps_c.c
[19.818s] Listing '/home/kirill/Desktop/robotics/lab3/ex02/action_turtle/install/actions_help/local/lib/python3.10/dist-packages/actions_help'...
[19.818s] Compiling '/home/kirill/Desktop/robotics/lab3/ex02/action_turtle/install/actions_help/local/lib/python3.10/dist-packages/actions_help/__init__.py'...
[19.819s] Listing '/home/kirill/Desktop/robotics/lab3/ex02/action_turtle/install/actions_help/local/lib/python3.10/dist-packages/actions_help/action'...
[19.819s] Compiling '/home/kirill/Desktop/robotics/lab3/ex02/action_turtle/install/actions_help/local/lib/python3.10/dist-packages/actions_help/action/__init__.py'...
[19.820s] Compiling '/home/kirill/Desktop/robotics/lab3/ex02/action_turtle/install/actions_help/local/lib/python3.10/dist-packages/actions_help/action/_message_turtle_commands.py'...
[19.828s] -- Installing: /home/kirill/Desktop/robotics/lab3/ex02/action_turtle/install/actions_help/local/lib/python3.10/dist-packages/actions_help/actions_help_s__rosidl_typesupport_fastrtps_c.cpython-310-x86_64-linux-gnu.so
[19.828s] -- Set runtime path of "/home/kirill/Desktop/robotics/lab3/ex02/action_turtle/install/actions_help/local/lib/python3.10/dist-packages/actions_help/actions_help_s__rosidl_typesupport_fastrtps_c.cpython-310-x86_64-linux-gnu.so" to ""
[19.829s] -- Installing: /home/kirill/Desktop/robotics/lab3/ex02/action_turtle/install/actions_help/local/lib/python3.10/dist-packages/actions_help/actions_help_s__rosidl_typesupport_introspection_c.cpython-310-x86_64-linux-gnu.so
[19.830s] -- Set runtime path of "/home/kirill/Desktop/robotics/lab3/ex02/action_turtle/install/actions_help/local/lib/python3.10/dist-packages/actions_help/actions_help_s__rosidl_typesupport_introspection_c.cpython-310-x86_64-linux-gnu.so" to ""
[19.830s] -- Installing: /home/kirill/Desktop/robotics/lab3/ex02/action_turtle/install/actions_help/local/lib/python3.10/dist-packages/actions_help/actions_help_s__rosidl_typesupport_c.cpython-310-x86_64-linux-gnu.so
[19.832s] -- Set runtime path of "/home/kirill/Desktop/robotics/lab3/ex02/action_turtle/install/actions_help/local/lib/python3.10/dist-packages/actions_help/actions_help_s__rosidl_typesupport_c.cpython-310-x86_64-linux-gnu.so" to ""
[19.832s] -- Installing: /home/kirill/Desktop/robotics/lab3/ex02/action_turtle/install/actions_help/lib/libactions_help__rosidl_generator_py.so
[19.833s] -- Set runtime path of "/home/kirill/Desktop/robotics/lab3/ex02/action_turtle/install/actions_help/lib/libactions_help__rosidl_generator_py.so" to ""
[19.833s] -- Installing: /home/kirill/Desktop/robotics/lab3/ex02/action_turtle/install/actions_help/share/actions_help/action/MessageTurtleCommands.idl
[19.834s] -- Installing: /home/kirill/Desktop/robotics/lab3/ex02/action_turtle/install/actions_help/share/actions_help/action/MessageTurtleCommands.action
[19.834s] -- Installing: /home/kirill/Desktop/robotics/lab3/ex02/action_turtle/install/actions_help/share/ament_index/resource_index/package_run_dependencies/actions_help
[19.835s] -- Installing: /home/kirill/Desktop/robotics/lab3/ex02/action_turtle/install/actions_help/share/ament_index/resource_index/parent_prefix_path/actions_help
[19.835s] -- Installing: /home/kirill/Desktop/robotics/lab3/ex02/action_turtle/install/actions_help/share/actions_help/environment/ament_prefix_path.sh
[19.835s] -- Installing: /home/kirill/Desktop/robotics/lab3/ex02/action_turtle/install/actions_help/share/actions_help/environment/ament_prefix_path.dsv
[19.836s] -- Installing: /home/kirill/Desktop/robotics/lab3/ex02/action_turtle/install/actions_help/share/actions_help/environment/path.sh
[19.836s] -- Installing: /home/kirill/Desktop/robotics/lab3/ex02/action_turtle/install/actions_help/share/actions_help/environment/path.dsv
[19.837s] -- Installing: /home/kirill/Desktop/robotics/lab3/ex02/action_turtle/install/actions_help/share/actions_help/local_setup.bash
[19.837s] -- Installing: /home/kirill/Desktop/robotics/lab3/ex02/action_turtle/install/actions_help/share/actions_help/local_setup.sh
[19.838s] -- Installing: /home/kirill/Desktop/robotics/lab3/ex02/action_turtle/install/actions_help/share/actions_help/local_setup.zsh
[19.838s] -- Installing: /home/kirill/Desktop/robotics/lab3/ex02/action_turtle/install/actions_help/share/actions_help/local_setup.dsv
[19.839s] -- Installing: /home/kirill/Desktop/robotics/lab3/ex02/action_turtle/install/actions_help/share/actions_help/package.dsv
[19.839s] -- Installing: /home/kirill/Desktop/robotics/lab3/ex02/action_turtle/install/actions_help/share/ament_index/resource_index/packages/actions_help
[19.840s] -- Installing: /home/kirill/Desktop/robotics/lab3/ex02/action_turtle/install/actions_help/share/actions_help/cmake/export_actions_help__rosidl_generator_cExport.cmake
[19.840s] -- Installing: /home/kirill/Desktop/robotics/lab3/ex02/action_turtle/install/actions_help/share/actions_help/cmake/export_actions_help__rosidl_generator_cExport-noconfig.cmake
[19.841s] -- Installing: /home/kirill/Desktop/robotics/lab3/ex02/action_turtle/install/actions_help/share/actions_help/cmake/export_actions_help__rosidl_typesupport_fastrtps_cExport.cmake
[19.841s] -- Installing: /home/kirill/Desktop/robotics/lab3/ex02/action_turtle/install/actions_help/share/actions_help/cmake/export_actions_help__rosidl_typesupport_fastrtps_cExport-noconfig.cmake
[19.842s] -- Installing: /home/kirill/Desktop/robotics/lab3/ex02/action_turtle/install/actions_help/share/actions_help/cmake/export_actions_help__rosidl_generator_cppExport.cmake
[19.842s] -- Installing: /home/kirill/Desktop/robotics/lab3/ex02/action_turtle/install/actions_help/share/actions_help/cmake/export_actions_help__rosidl_typesupport_fastrtps_cppExport.cmake
[19.843s] -- Installing: /home/kirill/Desktop/robotics/lab3/ex02/action_turtle/install/actions_help/share/actions_help/cmake/export_actions_help__rosidl_typesupport_fastrtps_cppExport-noconfig.cmake
[19.843s] -- Installing: /home/kirill/Desktop/robotics/lab3/ex02/action_turtle/install/actions_help/share/actions_help/cmake/actions_help__rosidl_typesupport_introspection_cExport.cmake
[19.844s] -- Installing: /home/kirill/Desktop/robotics/lab3/ex02/action_turtle/install/actions_help/share/actions_help/cmake/actions_help__rosidl_typesupport_introspection_cExport-noconfig.cmake
[19.844s] -- Installing: /home/kirill/Desktop/robotics/lab3/ex02/action_turtle/install/actions_help/share/actions_help/cmake/actions_help__rosidl_typesupport_cExport.cmake
[19.845s] -- Installing: /home/kirill/Desktop/robotics/lab3/ex02/action_turtle/install/actions_help/share/actions_help/cmake/actions_help__rosidl_typesupport_cExport-noconfig.cmake
[19.845s] -- Installing: /home/kirill/Desktop/robotics/lab3/ex02/action_turtle/install/actions_help/share/actions_help/cmake/actions_help__rosidl_typesupport_introspection_cppExport.cmake
[19.846s] -- Installing: /home/kirill/Desktop/robotics/lab3/ex02/action_turtle/install/actions_help/share/actions_help/cmake/actions_help__rosidl_typesupport_introspection_cppExport-noconfig.cmake
[19.846s] -- Installing: /home/kirill/Desktop/robotics/lab3/ex02/action_turtle/install/actions_help/share/actions_help/cmake/actions_help__rosidl_typesupport_cppExport.cmake
[19.847s] -- Installing: /home/kirill/Desktop/robotics/lab3/ex02/action_turtle/install/actions_help/share/actions_help/cmake/actions_help__rosidl_typesupport_cppExport-noconfig.cmake
[19.847s] -- Installing: /home/kirill/Desktop/robotics/lab3/ex02/action_turtle/install/actions_help/share/actions_help/cmake/export_actions_help__rosidl_generator_pyExport.cmake
[19.848s] -- Installing: /home/kirill/Desktop/robotics/lab3/ex02/action_turtle/install/actions_help/share/actions_help/cmake/export_actions_help__rosidl_generator_pyExport-noconfig.cmake
[19.848s] -- Installing: /home/kirill/Desktop/robotics/lab3/ex02/action_turtle/install/actions_help/share/actions_help/cmake/rosidl_cmake-extras.cmake
[19.849s] -- Installing: /home/kirill/Desktop/robotics/lab3/ex02/action_turtle/install/actions_help/share/actions_help/cmake/ament_cmake_export_dependencies-extras.cmake
[19.849s] -- Installing: /home/kirill/Desktop/robotics/lab3/ex02/action_turtle/install/actions_help/share/actions_help/cmake/ament_cmake_export_include_directories-extras.cmake
[19.850s] -- Installing: /home/kirill/Desktop/robotics/lab3/ex02/action_turtle/install/actions_help/share/actions_help/cmake/ament_cmake_export_libraries-extras.cmake
[19.850s] -- Installing: /home/kirill/Desktop/robotics/lab3/ex02/action_turtle/install/actions_help/share/actions_help/cmake/ament_cmake_export_targets-extras.cmake
[19.851s] -- Installing: /home/kirill/Desktop/robotics/lab3/ex02/action_turtle/install/actions_help/share/actions_help/cmake/rosidl_cmake_export_typesupport_targets-extras.cmake
[19.851s] -- Installing: /home/kirill/Desktop/robotics/lab3/ex02/action_turtle/install/actions_help/share/actions_help/cmake/rosidl_cmake_export_typesupport_libraries-extras.cmake
[19.852s] -- Installing: /home/kirill/Desktop/robotics/lab3/ex02/action_turtle/install/actions_help/share/actions_help/cmake/actions_helpConfig.cmake
[19.852s] -- Installing: /home/kirill/Desktop/robotics/lab3/ex02/action_turtle/install/actions_help/share/actions_help/cmake/actions_helpConfig-version.cmake
[19.853s] -- Installing: /home/kirill/Desktop/robotics/lab3/ex02/action_turtle/install/actions_help/share/actions_help/package.xml
[19.859s] Invoked command in '/home/kirill/Desktop/robotics/lab3/ex02/action_turtle/build/actions_help' returned '0': CMAKE_PREFIX_PATH=${CMAKE_PREFIX_PATH}:/home/kirill/Desktop/robotics/lab3/ex01/install/service_full_name:/opt/ros/humble /usr/bin/cmake --install /home/kirill/Desktop/robotics/lab3/ex02/action_turtle/build/actions_help
