[0.206s] DEBUG:colcon:Command line arguments: ['/usr/bin/colcon', 'build']
[0.206s] DEBUG:colcon:Parsed command line arguments: Namespace(log_base=None, log_level=None, verb_name='build', build_base='build', install_base='install', merge_install=False, symlink_install=False, test_result_base=None, continue_on_error=False, executor='parallel', parallel_workers=4, event_handlers=None, ignore_user_meta=False, metas=['./colcon.meta'], base_paths=['.'], packages_ignore=None, packages_ignore_regex=None, paths=None, packages_up_to=None, packages_up_to_regex=None, packages_above=None, packages_above_and_dependencies=None, packages_above_depth=None, packages_select_by_dep=None, packages_skip_by_dep=None, packages_skip_up_to=None, packages_select_build_failed=False, packages_skip_build_finished=False, packages_select_test_failures=False, packages_skip_test_passed=False, packages_select=None, packages_skip=None, packages_select_regex=None, packages_skip_regex=None, packages_start=None, packages_end=None, allow_overriding=[], cmake_args=None, cmake_target=None, cmake_target_skip_unavailable=False, cmake_clean_cache=False, cmake_clean_first=False, cmake_force_configure=False, ament_cmake_args=None, catkin_cmake_args=None, catkin_skip_building_tests=False, mixin_files=None, mixin=None, verb_parser=<colcon_mixin.mixin.mixin_argument.MixinArgumentDecorator object at 0x733a1b8de890>, verb_extension=<colcon_core.verb.build.BuildVerb object at 0x733a1b9e6890>, main=<bound method BuildVerb.main of <colcon_core.verb.build.BuildVerb object at 0x733a1b9e6890>>, mixin_verb=('build',))
[0.524s] Level 1:colcon.colcon_core.package_discovery:discover_packages(colcon_meta) check parameters
[0.524s] Level 1:colcon.colcon_core.package_discovery:discover_packages(recursive) check parameters
[0.525s] Level 1:colcon.colcon_core.package_discovery:discover_packages(ignore) check parameters
[0.525s] Level 1:colcon.colcon_core.package_discovery:discover_packages(path) check parameters
[0.525s] Level 1:colcon.colcon_core.package_discovery:discover_packages(colcon_meta) discover
[0.525s] Level 1:colcon.colcon_core.package_discovery:discover_packages(recursive) discover
[0.525s] INFO:colcon.colcon_core.package_discovery:Crawling recursively for packages in '/home/kirill/Desktop/robotics/lab5/ex02'
[0.525s] Level 1:colcon.colcon_core.package_identification:_identify(.) by extensions ['ignore', 'ignore_ament_install']
[0.525s] Level 1:colcon.colcon_core.package_identification:_identify(.) by extension 'ignore'
[0.525s] Level 1:colcon.colcon_core.package_identification:_identify(.) by extension 'ignore_ament_install'
[0.525s] Level 1:colcon.colcon_core.package_identification:_identify(.) by extensions ['colcon_pkg']
[0.526s] Level 1:colcon.colcon_core.package_identification:_identify(.) by extension 'colcon_pkg'
[0.526s] Level 1:colcon.colcon_core.package_identification:_identify(.) by extensions ['colcon_meta']
[0.526s] Level 1:colcon.colcon_core.package_identification:_identify(.) by extension 'colcon_meta'
[0.526s] Level 1:colcon.colcon_core.package_identification:_identify(.) by extensions ['ros']
[0.526s] Level 1:colcon.colcon_core.package_identification:_identify(.) by extension 'ros'
[0.549s] Level 1:colcon.colcon_core.package_identification:_identify(.) by extensions ['cmake', 'python']
[0.549s] Level 1:colcon.colcon_core.package_identification:_identify(.) by extension 'cmake'
[0.549s] Level 1:colcon.colcon_core.package_identification:_identify(.) by extension 'python'
[0.549s] Level 1:colcon.colcon_core.package_identification:_identify(.) by extensions ['python_setup_py']
[0.549s] Level 1:colcon.colcon_core.package_identification:_identify(.) by extension 'python_setup_py'
[0.549s] Level 1:colcon.colcon_core.package_identification:_identify(build) by extensions ['ignore', 'ignore_ament_install']
[0.549s] Level 1:colcon.colcon_core.package_identification:_identify(build) by extension 'ignore'
[0.550s] Level 1:colcon.colcon_core.package_identification:_identify(build) ignored
[0.550s] Level 1:colcon.colcon_core.package_identification:_identify(install) by extensions ['ignore', 'ignore_ament_install']
[0.550s] Level 1:colcon.colcon_core.package_identification:_identify(install) by extension 'ignore'
[0.550s] Level 1:colcon.colcon_core.package_identification:_identify(install) ignored
[0.550s] Level 1:colcon.colcon_core.package_identification:_identify(log) by extensions ['ignore', 'ignore_ament_install']
[0.550s] Level 1:colcon.colcon_core.package_identification:_identify(log) by extension 'ignore'
[0.551s] Level 1:colcon.colcon_core.package_identification:_identify(log) ignored
[0.551s] Level 1:colcon.colcon_core.package_identification:_identify(my_robot2) by extensions ['ignore', 'ignore_ament_install']
[0.551s] Level 1:colcon.colcon_core.package_identification:_identify(my_robot2) by extension 'ignore'
[0.551s] Level 1:colcon.colcon_core.package_identification:_identify(my_robot2) by extension 'ignore_ament_install'
[0.551s] Level 1:colcon.colcon_core.package_identification:_identify(my_robot2) by extensions ['colcon_pkg']
[0.551s] Level 1:colcon.colcon_core.package_identification:_identify(my_robot2) by extension 'colcon_pkg'
[0.551s] Level 1:colcon.colcon_core.package_identification:_identify(my_robot2) by extensions ['colcon_meta']
[0.551s] Level 1:colcon.colcon_core.package_identification:_identify(my_robot2) by extension 'colcon_meta'
[0.551s] Level 1:colcon.colcon_core.package_identification:_identify(my_robot2) by extensions ['ros']
[0.552s] Level 1:colcon.colcon_core.package_identification:_identify(my_robot2) by extension 'ros'
[0.556s] DEBUG:colcon.colcon_core.package_identification:Package 'my_robot2' with type 'ros.ament_cmake' and name 'my_robot2'
[0.556s] Level 1:colcon.colcon_core.package_discovery:discover_packages(recursive) using defaults
[0.556s] Level 1:colcon.colcon_core.package_discovery:discover_packages(ignore) discover
[0.556s] Level 1:colcon.colcon_core.package_discovery:discover_packages(ignore) using defaults
[0.556s] Level 1:colcon.colcon_core.package_discovery:discover_packages(path) discover
[0.556s] Level 1:colcon.colcon_core.package_discovery:discover_packages(path) using defaults
[0.593s] Level 1:colcon.colcon_core.package_discovery:discover_packages(prefix_path) check parameters
[0.593s] Level 1:colcon.colcon_core.package_discovery:discover_packages(prefix_path) discover
[0.596s] DEBUG:colcon.colcon_installed_package_information.package_discovery:Found 1 installed packages in /home/kirill/Desktop/robotics/lab5/ex02/install
[0.597s] DEBUG:colcon.colcon_installed_package_information.package_discovery:Found 1 installed packages in /home/kirill/Desktop/robotics/lab5/ex01/install
[0.600s] DEBUG:colcon.colcon_installed_package_information.package_discovery:Found 274 installed packages in /opt/ros/humble
[0.604s] Level 1:colcon.colcon_core.package_discovery:discover_packages(prefix_path) using defaults
[0.705s] Level 5:colcon.colcon_core.verb:set package 'my_robot2' build argument 'cmake_args' from command line to 'None'
[0.706s] Level 5:colcon.colcon_core.verb:set package 'my_robot2' build argument 'cmake_target' from command line to 'None'
[0.706s] Level 5:colcon.colcon_core.verb:set package 'my_robot2' build argument 'cmake_target_skip_unavailable' from command line to 'False'
[0.706s] Level 5:colcon.colcon_core.verb:set package 'my_robot2' build argument 'cmake_clean_cache' from command line to 'False'
[0.706s] Level 5:colcon.colcon_core.verb:set package 'my_robot2' build argument 'cmake_clean_first' from command line to 'False'
[0.706s] Level 5:colcon.colcon_core.verb:set package 'my_robot2' build argument 'cmake_force_configure' from command line to 'False'
[0.706s] Level 5:colcon.colcon_core.verb:set package 'my_robot2' build argument 'ament_cmake_args' from command line to 'None'
[0.706s] Level 5:colcon.colcon_core.verb:set package 'my_robot2' build argument 'catkin_cmake_args' from command line to 'None'
[0.706s] Level 5:colcon.colcon_core.verb:set package 'my_robot2' build argument 'catkin_skip_building_tests' from command line to 'False'
[0.706s] DEBUG:colcon.colcon_core.verb:Building package 'my_robot2' with the following arguments: {'ament_cmake_args': None, 'build_base': '/home/kirill/Desktop/robotics/lab5/ex02/build/my_robot2', 'catkin_cmake_args': None, 'catkin_skip_building_tests': False, 'cmake_args': None, 'cmake_clean_cache': False, 'cmake_clean_first': False, 'cmake_force_configure': False, 'cmake_target': None, 'cmake_target_skip_unavailable': False, 'install_base': '/home/kirill/Desktop/robotics/lab5/ex02/install/my_robot2', 'merge_install': False, 'path': '/home/kirill/Desktop/robotics/lab5/ex02/my_robot2', 'symlink_install': False, 'test_result_base': None}
[0.707s] INFO:colcon.colcon_core.executor:Executing jobs using 'parallel' executor
[0.709s] DEBUG:colcon.colcon_parallel_executor.executor.parallel:run_until_complete
[0.710s] INFO:colcon.colcon_ros.task.ament_cmake.build:Building ROS package in '/home/kirill/Desktop/robotics/lab5/ex02/my_robot2' with build type 'ament_cmake'
[0.710s] INFO:colcon.colcon_cmake.task.cmake.build:Building CMake package in '/home/kirill/Desktop/robotics/lab5/ex02/my_robot2'
[0.715s] INFO:colcon.colcon_core.plugin_system:Skipping extension 'colcon_core.shell.bat': Not used on non-Windows systems
[0.715s] INFO:colcon.colcon_core.shell:Skip shell extension 'powershell' for command environment: Not usable outside of PowerShell
[0.716s] DEBUG:colcon.colcon_core.shell:Skip shell extension 'dsv' for command environment
[0.740s] DEBUG:colcon.colcon_core.event_handler.log_command:Invoking command in '/home/kirill/Desktop/robotics/lab5/ex02/build/my_robot2': CMAKE_PREFIX_PATH=${CMAKE_PREFIX_PATH}:/opt/ros/humble /usr/bin/cmake --build /home/kirill/Desktop/robotics/lab5/ex02/build/my_robot2 -- -j4 -l4
[0.813s] DEBUG:colcon.colcon_core.event_handler.log_command:Invoked command in '/home/kirill/Desktop/robotics/lab5/ex02/build/my_robot2' returned '0': CMAKE_PREFIX_PATH=${CMAKE_PREFIX_PATH}:/opt/ros/humble /usr/bin/cmake --build /home/kirill/Desktop/robotics/lab5/ex02/build/my_robot2 -- -j4 -l4
[0.871s] DEBUG:colcon.colcon_core.event_handler.log_command:Invoking command in '/home/kirill/Desktop/robotics/lab5/ex02/build/my_robot2': CMAKE_PREFIX_PATH=${CMAKE_PREFIX_PATH}:/opt/ros/humble /usr/bin/cmake --install /home/kirill/Desktop/robotics/lab5/ex02/build/my_robot2
[0.893s] Level 1:colcon.colcon_core.environment:create_environment_scripts_only(my_robot2)
[0.897s] DEBUG:colcon.colcon_core.event_handler.log_command:Invoked command in '/home/kirill/Desktop/robotics/lab5/ex02/build/my_robot2' returned '0': CMAKE_PREFIX_PATH=${CMAKE_PREFIX_PATH}:/opt/ros/humble /usr/bin/cmake --install /home/kirill/Desktop/robotics/lab5/ex02/build/my_robot2
[0.906s] Level 1:colcon.colcon_core.environment:checking '/home/kirill/Desktop/robotics/lab5/ex02/install/my_robot2' for CMake module files
[0.908s] Level 1:colcon.colcon_core.environment:checking '/home/kirill/Desktop/robotics/lab5/ex02/install/my_robot2' for CMake config files
[0.909s] Level 1:colcon.colcon_core.shell:create_environment_hook('my_robot2', 'cmake_prefix_path')
[0.910s] INFO:colcon.colcon_core.shell:Creating environment hook '/home/kirill/Desktop/robotics/lab5/ex02/install/my_robot2/share/my_robot2/hook/cmake_prefix_path.ps1'
[0.913s] INFO:colcon.colcon_core.shell:Creating environment descriptor '/home/kirill/Desktop/robotics/lab5/ex02/install/my_robot2/share/my_robot2/hook/cmake_prefix_path.dsv'
[0.914s] INFO:colcon.colcon_core.shell:Creating environment hook '/home/kirill/Desktop/robotics/lab5/ex02/install/my_robot2/share/my_robot2/hook/cmake_prefix_path.sh'
[0.918s] Level 1:colcon.colcon_core.environment:checking '/home/kirill/Desktop/robotics/lab5/ex02/install/my_robot2/bin'
[0.918s] Level 1:colcon.colcon_core.environment:checking '/home/kirill/Desktop/robotics/lab5/ex02/install/my_robot2/lib/pkgconfig/my_robot2.pc'
[0.919s] Level 1:colcon.colcon_core.environment:checking '/home/kirill/Desktop/robotics/lab5/ex02/install/my_robot2/lib/python3.10/site-packages'
[0.920s] Level 1:colcon.colcon_core.environment:checking '/home/kirill/Desktop/robotics/lab5/ex02/install/my_robot2/bin'
[0.921s] INFO:colcon.colcon_core.shell:Creating package script '/home/kirill/Desktop/robotics/lab5/ex02/install/my_robot2/share/my_robot2/package.ps1'
[0.925s] INFO:colcon.colcon_core.shell:Creating package descriptor '/home/kirill/Desktop/robotics/lab5/ex02/install/my_robot2/share/my_robot2/package.dsv'
[0.928s] INFO:colcon.colcon_core.shell:Creating package script '/home/kirill/Desktop/robotics/lab5/ex02/install/my_robot2/share/my_robot2/package.sh'
[0.931s] INFO:colcon.colcon_core.shell:Creating package script '/home/kirill/Desktop/robotics/lab5/ex02/install/my_robot2/share/my_robot2/package.bash'
[0.934s] INFO:colcon.colcon_core.shell:Creating package script '/home/kirill/Desktop/robotics/lab5/ex02/install/my_robot2/share/my_robot2/package.zsh'
[0.937s] Level 1:colcon.colcon_core.environment:create_file_with_runtime_dependencies(/home/kirill/Desktop/robotics/lab5/ex02/install/my_robot2/share/colcon-core/packages/my_robot2)
[0.984s] Level 1:colcon.colcon_core.environment:create_environment_scripts_only(my_robot2)
[0.985s] Level 1:colcon.colcon_core.environment:checking '/home/kirill/Desktop/robotics/lab5/ex02/install/my_robot2' for CMake module files
[0.986s] Level 1:colcon.colcon_core.environment:checking '/home/kirill/Desktop/robotics/lab5/ex02/install/my_robot2' for CMake config files
[0.986s] Level 1:colcon.colcon_core.shell:create_environment_hook('my_robot2', 'cmake_prefix_path')
[0.987s] INFO:colcon.colcon_core.shell:Creating environment hook '/home/kirill/Desktop/robotics/lab5/ex02/install/my_robot2/share/my_robot2/hook/cmake_prefix_path.ps1'
[0.987s] INFO:colcon.colcon_core.shell:Creating environment descriptor '/home/kirill/Desktop/robotics/lab5/ex02/install/my_robot2/share/my_robot2/hook/cmake_prefix_path.dsv'
[0.988s] INFO:colcon.colcon_core.shell:Creating environment hook '/home/kirill/Desktop/robotics/lab5/ex02/install/my_robot2/share/my_robot2/hook/cmake_prefix_path.sh'
[0.989s] Level 1:colcon.colcon_core.environment:checking '/home/kirill/Desktop/robotics/lab5/ex02/install/my_robot2/bin'
[0.989s] Level 1:colcon.colcon_core.environment:checking '/home/kirill/Desktop/robotics/lab5/ex02/install/my_robot2/lib/pkgconfig/my_robot2.pc'
[0.990s] Level 1:colcon.colcon_core.environment:checking '/home/kirill/Desktop/robotics/lab5/ex02/install/my_robot2/lib/python3.10/site-packages'
[0.990s] Level 1:colcon.colcon_core.environment:checking '/home/kirill/Desktop/robotics/lab5/ex02/install/my_robot2/bin'
[0.991s] INFO:colcon.colcon_core.shell:Creating package script '/home/kirill/Desktop/robotics/lab5/ex02/install/my_robot2/share/my_robot2/package.ps1'
[0.992s] INFO:colcon.colcon_core.shell:Creating package descriptor '/home/kirill/Desktop/robotics/lab5/ex02/install/my_robot2/share/my_robot2/package.dsv'
[0.994s] INFO:colcon.colcon_core.shell:Creating package script '/home/kirill/Desktop/robotics/lab5/ex02/install/my_robot2/share/my_robot2/package.sh'
[0.994s] INFO:colcon.colcon_core.shell:Creating package script '/home/kirill/Desktop/robotics/lab5/ex02/install/my_robot2/share/my_robot2/package.bash'
[0.995s] INFO:colcon.colcon_core.shell:Creating package script '/home/kirill/Desktop/robotics/lab5/ex02/install/my_robot2/share/my_robot2/package.zsh'
[0.996s] Level 1:colcon.colcon_core.environment:create_file_with_runtime_dependencies(/home/kirill/Desktop/robotics/lab5/ex02/install/my_robot2/share/colcon-core/packages/my_robot2)
[0.997s] DEBUG:colcon.colcon_parallel_executor.executor.parallel:closing loop
[0.998s] DEBUG:colcon.colcon_parallel_executor.executor.parallel:loop closed
[0.998s] DEBUG:colcon.colcon_parallel_executor.executor.parallel:run_until_complete finished with '0'
[0.998s] DEBUG:colcon.colcon_core.event_reactor:joining thread
[1.008s] INFO:colcon.colcon_core.plugin_system:Skipping extension 'colcon_notification.desktop_notification.notify_send': Could not find 'notify-send'
[1.009s] INFO:colcon.colcon_core.plugin_system:Skipping extension 'colcon_notification.desktop_notification.terminal_notifier': Not used on non-Darwin systems
[1.009s] INFO:colcon.colcon_core.plugin_system:Skipping extension 'colcon_notification.desktop_notification.win32': Not used on non-Windows systems
[1.009s] INFO:colcon.colcon_notification.desktop_notification:Sending desktop notification using 'notify2'
[1.016s] DEBUG:colcon.colcon_core.event_reactor:joined thread
[1.017s] INFO:colcon.colcon_core.shell:Creating prefix script '/home/kirill/Desktop/robotics/lab5/ex02/install/local_setup.ps1'
[1.020s] INFO:colcon.colcon_core.shell:Creating prefix util module '/home/kirill/Desktop/robotics/lab5/ex02/install/_local_setup_util_ps1.py'
[1.025s] INFO:colcon.colcon_core.shell:Creating prefix chain script '/home/kirill/Desktop/robotics/lab5/ex02/install/setup.ps1'
[1.028s] INFO:colcon.colcon_core.shell:Creating prefix script '/home/kirill/Desktop/robotics/lab5/ex02/install/local_setup.sh'
[1.029s] INFO:colcon.colcon_core.shell:Creating prefix util module '/home/kirill/Desktop/robotics/lab5/ex02/install/_local_setup_util_sh.py'
[1.031s] INFO:colcon.colcon_core.shell:Creating prefix chain script '/home/kirill/Desktop/robotics/lab5/ex02/install/setup.sh'
[1.033s] INFO:colcon.colcon_core.shell:Creating prefix script '/home/kirill/Desktop/robotics/lab5/ex02/install/local_setup.bash'
[1.034s] INFO:colcon.colcon_core.shell:Creating prefix chain script '/home/kirill/Desktop/robotics/lab5/ex02/install/setup.bash'
[1.036s] INFO:colcon.colcon_core.shell:Creating prefix script '/home/kirill/Desktop/robotics/lab5/ex02/install/local_setup.zsh'
[1.037s] INFO:colcon.colcon_core.shell:Creating prefix chain script '/home/kirill/Desktop/robotics/lab5/ex02/install/setup.zsh'
