running egg_info
writing ../build/unique_move/unique_move.egg-info/PKG-INFO
writing dependency_links to ../build/unique_move/unique_move.egg-info/dependency_links.txt
writing entry points to ../build/unique_move/unique_move.egg-info/entry_points.txt
writing requirements to ../build/unique_move/unique_move.egg-info/requires.txt
writing top-level names to ../build/unique_move/unique_move.egg-info/top_level.txt
reading manifest file '../build/unique_move/unique_move.egg-info/SOURCES.txt'
writing manifest file '../build/unique_move/unique_move.egg-info/SOURCES.txt'
running build
running build_py
running install
running install_lib
running install_data
copying description/robot.urdf.xacro -> /home/kirill/Desktop/robotics/lab5/ex05/install/unique_move/share/unique_move/description
running install_egg_info
removing '/home/kirill/Desktop/robotics/lab5/ex05/install/unique_move/lib/python3.10/site-packages/unique_move-0.0.0-py3.10.egg-info' (and everything under it)
Copying ../build/unique_move/unique_move.egg-info to /home/kirill/Desktop/robotics/lab5/ex05/install/unique_move/lib/python3.10/site-packages/unique_move-0.0.0-py3.10.egg-info
running install_scripts
Installing move script to /home/kirill/Desktop/robotics/lab5/ex05/install/unique_move/lib/unique_move
writing list of installed files to '/home/kirill/Desktop/robotics/lab5/ex05/build/unique_move/install.log'
