[1.356s] Invoking command in '/home/kirill/Desktop/robotics/lab5/ex05/unique_move': PYTHONPATH=/home/kirill/Desktop/robotics/lab5/ex05/build/unique_move/prefix_override:/usr/lib/python3/dist-packages/colcon_core/task/python/colcon_distutils_commands:/home/kirill/Desktop/robotics/lab5/ex05/install/unique_move/lib/python3.10/site-packages:${PYTHONPATH} /usr/bin/python3 -W ignore:setup.py install is deprecated setup.py egg_info --egg-base ../build/unique_move build --build-base /home/kirill/Desktop/robotics/lab5/ex05/build/unique_move/build install --record /home/kirill/Desktop/robotics/lab5/ex05/build/unique_move/install.log --single-version-externally-managed install_data
[1.874s] running egg_info
[1.876s] writing ../build/unique_move/unique_move.egg-info/PKG-INFO
[1.876s] writing dependency_links to ../build/unique_move/unique_move.egg-info/dependency_links.txt
[1.877s] writing entry points to ../build/unique_move/unique_move.egg-info/entry_points.txt
[1.877s] writing requirements to ../build/unique_move/unique_move.egg-info/requires.txt
[1.877s] writing top-level names to ../build/unique_move/unique_move.egg-info/top_level.txt
[1.882s] reading manifest file '../build/unique_move/unique_move.egg-info/SOURCES.txt'
[1.885s] writing manifest file '../build/unique_move/unique_move.egg-info/SOURCES.txt'
[1.885s] running build
[1.885s] running build_py
[1.886s] running install
[1.887s] running install_lib
[1.890s] running install_data
[1.890s] copying description/robot.urdf.xacro -> /home/kirill/Desktop/robotics/lab5/ex05/install/unique_move/share/unique_move/description
[1.891s] running install_egg_info
[1.895s] removing '/home/kirill/Desktop/robotics/lab5/ex05/install/unique_move/lib/python3.10/site-packages/unique_move-0.0.0-py3.10.egg-info' (and everything under it)
[1.896s] Copying ../build/unique_move/unique_move.egg-info to /home/kirill/Desktop/robotics/lab5/ex05/install/unique_move/lib/python3.10/site-packages/unique_move-0.0.0-py3.10.egg-info
[1.899s] running install_scripts
[1.949s] Installing move script to /home/kirill/Desktop/robotics/lab5/ex05/install/unique_move/lib/unique_move
[1.950s] writing list of installed files to '/home/kirill/Desktop/robotics/lab5/ex05/build/unique_move/install.log'
[1.996s] Invoked command in '/home/kirill/Desktop/robotics/lab5/ex05/unique_move' returned '0': PYTHONPATH=/home/kirill/Desktop/robotics/lab5/ex05/build/unique_move/prefix_override:/usr/lib/python3/dist-packages/colcon_core/task/python/colcon_distutils_commands:/home/kirill/Desktop/robotics/lab5/ex05/install/unique_move/lib/python3.10/site-packages:${PYTHONPATH} /usr/bin/python3 -W ignore:setup.py install is deprecated setup.py egg_info --egg-base ../build/unique_move build --build-base /home/kirill/Desktop/robotics/lab5/ex05/build/unique_move/build install --record /home/kirill/Desktop/robotics/lab5/ex05/build/unique_move/install.log --single-version-externally-managed install_data
