[1.639s] Invoking command in '/home/kirill/Desktop/robotics/lab4/ex02/morkovka': PYTHONPATH=/home/kirill/Desktop/robotics/lab4/ex02/morkovka/build/morkovka/prefix_override:/usr/lib/python3/dist-packages/colcon_core/task/python/colcon_distutils_commands:/home/kirill/Desktop/robotics/lab4/ex02/morkovka/install/morkovka/lib/python3.10/site-packages:${PYTHONPATH} /usr/bin/python3 -W ignore:setup.py install is deprecated setup.py egg_info --egg-base build/morkovka build --build-base /home/kirill/Desktop/robotics/lab4/ex02/morkovka/build/morkovka/build install --record /home/kirill/Desktop/robotics/lab4/ex02/morkovka/build/morkovka/install.log --single-version-externally-managed install_data
[2.459s] running egg_info
[2.461s] writing build/morkovka/morkovka.egg-info/PKG-INFO
[2.461s] writing dependency_links to build/morkovka/morkovka.egg-info/dependency_links.txt
[2.462s] writing entry points to build/morkovka/morkovka.egg-info/entry_points.txt
[2.462s] writing requirements to build/morkovka/morkovka.egg-info/requires.txt
[2.462s] writing top-level names to build/morkovka/morkovka.egg-info/top_level.txt
[2.467s] reading manifest file 'build/morkovka/morkovka.egg-info/SOURCES.txt'
[2.470s] writing manifest file 'build/morkovka/morkovka.egg-info/SOURCES.txt'
[2.470s] running build
[2.470s] running build_py
[2.471s] running install
[2.472s] running install_lib
[2.482s] running install_data
[2.482s] copying launch/dynamic.launch.py -> /home/kirill/Desktop/robotics/lab4/ex02/morkovka/install/morkovka/share/morkovka/launch
[2.482s] running install_egg_info
[2.487s] removing '/home/kirill/Desktop/robotics/lab4/ex02/morkovka/install/morkovka/lib/python3.10/site-packages/morkovka-0.0.0-py3.10.egg-info' (and everything under it)
[2.487s] Copying build/morkovka/morkovka.egg-info to /home/kirill/Desktop/robotics/lab4/ex02/morkovka/install/morkovka/lib/python3.10/site-packages/morkovka-0.0.0-py3.10.egg-info
[2.489s] running install_scripts
[2.532s] Installing dynamic script to /home/kirill/Desktop/robotics/lab4/ex02/morkovka/install/morkovka/lib/morkovka
[2.532s] Installing turtle_tf2_broadcaster script to /home/kirill/Desktop/robotics/lab4/ex02/morkovka/install/morkovka/lib/morkovka
[2.532s] Installing turtle_tf2_listener script to /home/kirill/Desktop/robotics/lab4/ex02/morkovka/install/morkovka/lib/morkovka
[2.533s] writing list of installed files to '/home/kirill/Desktop/robotics/lab4/ex02/morkovka/build/morkovka/install.log'
[2.577s] Invoked command in '/home/kirill/Desktop/robotics/lab4/ex02/morkovka' returned '0': PYTHONPATH=/home/kirill/Desktop/robotics/lab4/ex02/morkovka/build/morkovka/prefix_override:/usr/lib/python3/dist-packages/colcon_core/task/python/colcon_distutils_commands:/home/kirill/Desktop/robotics/lab4/ex02/morkovka/install/morkovka/lib/python3.10/site-packages:${PYTHONPATH} /usr/bin/python3 -W ignore:setup.py install is deprecated setup.py egg_info --egg-base build/morkovka build --build-base /home/kirill/Desktop/robotics/lab4/ex02/morkovka/build/morkovka/build install --record /home/kirill/Desktop/robotics/lab4/ex02/morkovka/build/morkovka/install.log --single-version-externally-managed install_data
