[0.028s] Invoking command in '/home/kirill/Desktop/robotics/lab5/ex01/build/sam_bot_description': CMAKE_PREFIX_PATH=${CMAKE_PREFIX_PATH}:/opt/ros/humble /usr/bin/cmake --build /home/kirill/Desktop/robotics/lab5/ex01/build/sam_bot_description -- -j4 -l4
[0.089s] Invoked command in '/home/kirill/Desktop/robotics/lab5/ex01/build/sam_bot_description' returned '0': CMAKE_PREFIX_PATH=${CMAKE_PREFIX_PATH}:/opt/ros/humble /usr/bin/cmake --build /home/kirill/Desktop/robotics/lab5/ex01/build/sam_bot_description -- -j4 -l4
[0.148s] Invoking command in '/home/kirill/Desktop/robotics/lab5/ex01/build/sam_bot_description': CMAKE_PREFIX_PATH=${CMAKE_PREFIX_PATH}:/opt/ros/humble /usr/bin/cmake --install /home/kirill/Desktop/robotics/lab5/ex01/build/sam_bot_description
[0.160s] -- Install configuration: ""
[0.162s] -- Up-to-date: /home/kirill/Desktop/robotics/lab5/ex01/install/sam_bot_description/share/ament_index/resource_index/package_run_dependencies/sam_bot_description
[0.163s] -- Up-to-date: /home/kirill/Desktop/robotics/lab5/ex01/install/sam_bot_description/share/ament_index/resource_index/parent_prefix_path/sam_bot_description
[0.163s] -- Up-to-date: /home/kirill/Desktop/robotics/lab5/ex01/install/sam_bot_description/share/sam_bot_description/environment/ament_prefix_path.sh
[0.163s] -- Up-to-date: /home/kirill/Desktop/robotics/lab5/ex01/install/sam_bot_description/share/sam_bot_description/environment/ament_prefix_path.dsv
[0.163s] -- Up-to-date: /home/kirill/Desktop/robotics/lab5/ex01/install/sam_bot_description/share/sam_bot_description/environment/path.sh
[0.164s] -- Up-to-date: /home/kirill/Desktop/robotics/lab5/ex01/install/sam_bot_description/share/sam_bot_description/environment/path.dsv
[0.164s] -- Up-to-date: /home/kirill/Desktop/robotics/lab5/ex01/install/sam_bot_description/share/sam_bot_description/local_setup.bash
[0.166s] -- Up-to-date: /home/kirill/Desktop/robotics/lab5/ex01/install/sam_bot_description/share/sam_bot_description/local_setup.sh
[0.166s] -- Up-to-date: /home/kirill/Desktop/robotics/lab5/ex01/install/sam_bot_description/share/sam_bot_description/local_setup.zsh
[0.166s] -- Up-to-date: /home/kirill/Desktop/robotics/lab5/ex01/install/sam_bot_description/share/sam_bot_description/local_setup.dsv
[0.167s] -- Installing: /home/kirill/Desktop/robotics/lab5/ex01/install/sam_bot_description/share/sam_bot_description/package.dsv
[0.167s] -- Up-to-date: /home/kirill/Desktop/robotics/lab5/ex01/install/sam_bot_description/share/ament_index/resource_index/packages/sam_bot_description
[0.167s] -- Up-to-date: /home/kirill/Desktop/robotics/lab5/ex01/install/sam_bot_description/share/sam_bot_description/cmake/sam_bot_descriptionConfig.cmake
[0.169s] -- Up-to-date: /home/kirill/Desktop/robotics/lab5/ex01/install/sam_bot_description/share/sam_bot_description/cmake/sam_bot_descriptionConfig-version.cmake
[0.169s] -- Up-to-date: /home/kirill/Desktop/robotics/lab5/ex01/install/sam_bot_description/share/sam_bot_description/package.xml
[0.170s] Invoked command in '/home/kirill/Desktop/robotics/lab5/ex01/build/sam_bot_description' returned '0': CMAKE_PREFIX_PATH=${CMAKE_PREFIX_PATH}:/opt/ros/humble /usr/bin/cmake --install /home/kirill/Desktop/robotics/lab5/ex01/build/sam_bot_description
