[1.445s] Invoking command in '/home/kirill/Desktop/robotics/lab4/ex02/morkovka': PYTHONPATH=/home/kirill/Desktop/robotics/lab4/ex02/morkovka/build/morkovka/prefix_override:/usr/lib/python3/dist-packages/colcon_core/task/python/colcon_distutils_commands:/home/kirill/Desktop/robotics/lab4/ex02/morkovka/install/morkovka/lib/python3.10/site-packages:${PYTHONPATH} /usr/bin/python3 -W ignore:setup.py install is deprecated setup.py egg_info --egg-base build/morkovka build --build-base /home/kirill/Desktop/robotics/lab4/ex02/morkovka/build/morkovka/build install --record /home/kirill/Desktop/robotics/lab4/ex02/morkovka/build/morkovka/install.log --single-version-externally-managed install_data
[1.958s] running egg_info
[1.960s] writing build/morkovka/morkovka.egg-info/PKG-INFO
[1.960s] writing dependency_links to build/morkovka/morkovka.egg-info/dependency_links.txt
[1.961s] writing entry points to build/morkovka/morkovka.egg-info/entry_points.txt
[1.961s] writing requirements to build/morkovka/morkovka.egg-info/requires.txt
[1.961s] writing top-level names to build/morkovka/morkovka.egg-info/top_level.txt
[1.965s] reading manifest file 'build/morkovka/morkovka.egg-info/SOURCES.txt'
[1.967s] writing manifest file 'build/morkovka/morkovka.egg-info/SOURCES.txt'
[1.967s] running build
[1.968s] running build_py
[1.968s] copying morkovka/dynamic_frame_tf2_broadcaster.py -> /home/kirill/Desktop/robotics/lab4/ex02/morkovka/build/morkovka/build/lib/morkovka
[1.969s] running install
[1.969s] running install_lib
[1.971s] copying /home/kirill/Desktop/robotics/lab4/ex02/morkovka/build/morkovka/build/lib/morkovka/dynamic_frame_tf2_broadcaster.py -> /home/kirill/Desktop/robotics/lab4/ex02/morkovka/install/morkovka/lib/python3.10/site-packages/morkovka
[1.972s] byte-compiling /home/kirill/Desktop/robotics/lab4/ex02/morkovka/install/morkovka/lib/python3.10/site-packages/morkovka/dynamic_frame_tf2_broadcaster.py to dynamic_frame_tf2_broadcaster.cpython-310.pyc
[1.973s] running install_data
[1.973s] running install_egg_info
[1.977s] removing '/home/kirill/Desktop/robotics/lab4/ex02/morkovka/install/morkovka/lib/python3.10/site-packages/morkovka-0.0.0-py3.10.egg-info' (and everything under it)
[1.977s] Copying build/morkovka/morkovka.egg-info to /home/kirill/Desktop/robotics/lab4/ex02/morkovka/install/morkovka/lib/python3.10/site-packages/morkovka-0.0.0-py3.10.egg-info
[1.979s] running install_scripts
[2.024s] Installing dynamic script to /home/kirill/Desktop/robotics/lab4/ex02/morkovka/install/morkovka/lib/morkovka
[2.024s] Installing turtle_tf2_broadcaster script to /home/kirill/Desktop/robotics/lab4/ex02/morkovka/install/morkovka/lib/morkovka
[2.025s] Installing turtle_tf2_listener script to /home/kirill/Desktop/robotics/lab4/ex02/morkovka/install/morkovka/lib/morkovka
[2.025s] writing list of installed files to '/home/kirill/Desktop/robotics/lab4/ex02/morkovka/build/morkovka/install.log'
[2.072s] Invoked command in '/home/kirill/Desktop/robotics/lab4/ex02/morkovka' returned '0': PYTHONPATH=/home/kirill/Desktop/robotics/lab4/ex02/morkovka/build/morkovka/prefix_override:/usr/lib/python3/dist-packages/colcon_core/task/python/colcon_distutils_commands:/home/kirill/Desktop/robotics/lab4/ex02/morkovka/install/morkovka/lib/python3.10/site-packages:${PYTHONPATH} /usr/bin/python3 -W ignore:setup.py install is deprecated setup.py egg_info --egg-base build/morkovka build --build-base /home/kirill/Desktop/robotics/lab4/ex02/morkovka/build/morkovka/build install --record /home/kirill/Desktop/robotics/lab4/ex02/morkovka/build/morkovka/install.log --single-version-externally-managed install_data
