[1.106s] Invoking command in '/home/kirill/Desktop/robotics/lab3/ex01/src/service_full_name': PYTHONPATH=/home/kirill/Desktop/robotics/lab3/ex01/build/service_full_name/prefix_override:/usr/lib/python3/dist-packages/colcon_core/task/python/colcon_distutils_commands:/home/kirill/Desktop/robotics/lab3/ex01/install/service_full_name/lib/python3.10/site-packages:${PYTHONPATH} /usr/bin/python3 -W ignore:setup.py install is deprecated setup.py egg_info --egg-base ../../build/service_full_name build --build-base /home/kirill/Desktop/robotics/lab3/ex01/build/service_full_name/build install --record /home/kirill/Desktop/robotics/lab3/ex01/build/service_full_name/install.log --single-version-externally-managed install_data
[1.566s] running egg_info
[1.567s] writing ../../build/service_full_name/service_full_name.egg-info/PKG-INFO
[1.568s] writing dependency_links to ../../build/service_full_name/service_full_name.egg-info/dependency_links.txt
[1.568s] writing entry points to ../../build/service_full_name/service_full_name.egg-info/entry_points.txt
[1.568s] writing requirements to ../../build/service_full_name/service_full_name.egg-info/requires.txt
[1.569s] writing top-level names to ../../build/service_full_name/service_full_name.egg-info/top_level.txt
[1.572s] reading manifest file '../../build/service_full_name/service_full_name.egg-info/SOURCES.txt'
[1.573s] writing manifest file '../../build/service_full_name/service_full_name.egg-info/SOURCES.txt'
[1.574s] running build
[1.574s] running build_py
[1.574s] copying service_full_name/client_name.py -> /home/kirill/Desktop/robotics/lab3/ex01/build/service_full_name/build/lib/service_full_name
[1.575s] running install
[1.575s] running install_lib
[1.577s] copying /home/kirill/Desktop/robotics/lab3/ex01/build/service_full_name/build/lib/service_full_name/client_name.py -> /home/kirill/Desktop/robotics/lab3/ex01/install/service_full_name/lib/python3.10/site-packages/service_full_name
[1.578s] byte-compiling /home/kirill/Desktop/robotics/lab3/ex01/install/service_full_name/lib/python3.10/site-packages/service_full_name/client_name.py to client_name.cpython-310.pyc
[1.579s] running install_data
[1.579s] running install_egg_info
[1.582s] removing '/home/kirill/Desktop/robotics/lab3/ex01/install/service_full_name/lib/python3.10/site-packages/service_full_name-0.0.0-py3.10.egg-info' (and everything under it)
[1.582s] Copying ../../build/service_full_name/service_full_name.egg-info to /home/kirill/Desktop/robotics/lab3/ex01/install/service_full_name/lib/python3.10/site-packages/service_full_name-0.0.0-py3.10.egg-info
[1.584s] running install_scripts
[1.621s] Installing client script to /home/kirill/Desktop/robotics/lab3/ex01/install/service_full_name/lib/service_full_name
[1.621s] Installing service script to /home/kirill/Desktop/robotics/lab3/ex01/install/service_full_name/lib/service_full_name
[1.622s] writing list of installed files to '/home/kirill/Desktop/robotics/lab3/ex01/build/service_full_name/install.log'
[1.664s] Invoked command in '/home/kirill/Desktop/robotics/lab3/ex01/src/service_full_name' returned '0': PYTHONPATH=/home/kirill/Desktop/robotics/lab3/ex01/build/service_full_name/prefix_override:/usr/lib/python3/dist-packages/colcon_core/task/python/colcon_distutils_commands:/home/kirill/Desktop/robotics/lab3/ex01/install/service_full_name/lib/python3.10/site-packages:${PYTHONPATH} /usr/bin/python3 -W ignore:setup.py install is deprecated setup.py egg_info --egg-base ../../build/service_full_name build --build-base /home/kirill/Desktop/robotics/lab3/ex01/build/service_full_name/build install --record /home/kirill/Desktop/robotics/lab3/ex01/build/service_full_name/install.log --single-version-externally-managed install_data
