[0.022s] Invoking command in '/home/kirill/Desktop/robotics/lab5/ex01/build/sam_bot_description': CMAKE_PREFIX_PATH=${CMAKE_PREFIX_PATH}:/opt/ros/humble /usr/bin/cmake --build /home/kirill/Desktop/robotics/lab5/ex01/build/sam_bot_description -- -j4 -l4
[0.088s] Invoked command in '/home/kirill/Desktop/robotics/lab5/ex01/build/sam_bot_description' returned '0': CMAKE_PREFIX_PATH=${CMAKE_PREFIX_PATH}:/opt/ros/humble /usr/bin/cmake --build /home/kirill/Desktop/robotics/lab5/ex01/build/sam_bot_description -- -j4 -l4
[0.149s] Invoking command in '/home/kirill/Desktop/robotics/lab5/ex01/build/sam_bot_description': CMAKE_PREFIX_PATH=${CMAKE_PREFIX_PATH}:/opt/ros/humble /usr/bin/cmake --install /home/kirill/Desktop/robotics/lab5/ex01/build/sam_bot_description
[0.164s] -- Install configuration: ""
[0.165s] -- Up-to-date: /home/kirill/Desktop/robotics/lab5/ex01/install/sam_bot_description/share/sam_bot_description/src
[0.165s] -- Up-to-date: /home/kirill/Desktop/robotics/lab5/ex01/install/sam_bot_description/share/sam_bot_description/src/description
[0.165s] -- Up-to-date: /home/kirill/Desktop/robotics/lab5/ex01/install/sam_bot_description/share/sam_bot_description/src/description/sam_bot_description.urdf
[0.166s] -- Installing: /home/kirill/Desktop/robotics/lab5/ex01/install/sam_bot_description/share/sam_bot_description/launch
[0.166s] -- Installing: /home/kirill/Desktop/robotics/lab5/ex01/install/sam_bot_description/share/sam_bot_description/launch/launch.py
[0.166s] -- Installing: /home/kirill/Desktop/robotics/lab5/ex01/install/sam_bot_description/share/sam_bot_description/rviz
[0.167s] -- Up-to-date: /home/kirill/Desktop/robotics/lab5/ex01/install/sam_bot_description/share/ament_index/resource_index/package_run_dependencies/sam_bot_description
[0.167s] -- Installing: /home/kirill/Desktop/robotics/lab5/ex01/install/sam_bot_description/share/ament_index/resource_index/parent_prefix_path/sam_bot_description
[0.167s] -- Up-to-date: /home/kirill/Desktop/robotics/lab5/ex01/install/sam_bot_description/share/sam_bot_description/environment/ament_prefix_path.sh
[0.168s] -- Installing: /home/kirill/Desktop/robotics/lab5/ex01/install/sam_bot_description/share/sam_bot_description/environment/ament_prefix_path.dsv
[0.171s] -- Up-to-date: /home/kirill/Desktop/robotics/lab5/ex01/install/sam_bot_description/share/sam_bot_description/environment/path.sh
[0.172s] -- Installing: /home/kirill/Desktop/robotics/lab5/ex01/install/sam_bot_description/share/sam_bot_description/environment/path.dsv
[0.172s] -- Up-to-date: /home/kirill/Desktop/robotics/lab5/ex01/install/sam_bot_description/share/sam_bot_description/local_setup.bash
[0.172s] -- Up-to-date: /home/kirill/Desktop/robotics/lab5/ex01/install/sam_bot_description/share/sam_bot_description/local_setup.sh
[0.173s] -- Up-to-date: /home/kirill/Desktop/robotics/lab5/ex01/install/sam_bot_description/share/sam_bot_description/local_setup.zsh
[0.173s] -- Installing: /home/kirill/Desktop/robotics/lab5/ex01/install/sam_bot_description/share/sam_bot_description/local_setup.dsv
[0.174s] -- Up-to-date: /home/kirill/Desktop/robotics/lab5/ex01/install/sam_bot_description/share/sam_bot_description/package.dsv
[0.174s] -- Up-to-date: /home/kirill/Desktop/robotics/lab5/ex01/install/sam_bot_description/share/ament_index/resource_index/packages/sam_bot_description
[0.174s] -- Up-to-date: /home/kirill/Desktop/robotics/lab5/ex01/install/sam_bot_description/share/sam_bot_description/cmake/sam_bot_descriptionConfig.cmake
[0.174s] -- Up-to-date: /home/kirill/Desktop/robotics/lab5/ex01/install/sam_bot_description/share/sam_bot_description/cmake/sam_bot_descriptionConfig-version.cmake
[0.176s] -- Up-to-date: /home/kirill/Desktop/robotics/lab5/ex01/install/sam_bot_description/share/sam_bot_description/package.xml
[0.177s] Invoked command in '/home/kirill/Desktop/robotics/lab5/ex01/build/sam_bot_description' returned '0': CMAKE_PREFIX_PATH=${CMAKE_PREFIX_PATH}:/opt/ros/humble /usr/bin/cmake --install /home/kirill/Desktop/robotics/lab5/ex01/build/sam_bot_description
