[0.905s] DEBUG:colcon:Command line arguments: ['/usr/bin/colcon', 'build']
[0.905s] DEBUG:colcon:Parsed command line arguments: Namespace(log_base=None, log_level=None, verb_name='build', build_base='build', install_base='install', merge_install=False, symlink_install=False, test_result_base=None, continue_on_error=False, executor='parallel', parallel_workers=4, event_handlers=None, ignore_user_meta=False, metas=['./colcon.meta'], base_paths=['.'], packages_ignore=None, packages_ignore_regex=None, paths=None, packages_up_to=None, packages_up_to_regex=None, packages_above=None, packages_above_and_dependencies=None, packages_above_depth=None, packages_select_by_dep=None, packages_skip_by_dep=None, packages_skip_up_to=None, packages_select_build_failed=False, packages_skip_build_finished=False, packages_select_test_failures=False, packages_skip_test_passed=False, packages_select=None, packages_skip=None, packages_select_regex=None, packages_skip_regex=None, packages_start=None, packages_end=None, allow_overriding=[], cmake_args=None, cmake_target=None, cmake_target_skip_unavailable=False, cmake_clean_cache=False, cmake_clean_first=False, cmake_force_configure=False, ament_cmake_args=None, catkin_cmake_args=None, catkin_skip_building_tests=False, mixin_files=None, mixin=None, verb_parser=<colcon_mixin.mixin.mixin_argument.MixinArgumentDecorator object at 0x7e151f33a980>, verb_extension=<colcon_core.verb.build.BuildVerb object at 0x7e151f446980>, main=<bound method BuildVerb.main of <colcon_core.verb.build.BuildVerb object at 0x7e151f446980>>, mixin_verb=('build',))
[6.853s] Level 1:colcon.colcon_core.package_discovery:discover_packages(colcon_meta) check parameters
[6.854s] Level 1:colcon.colcon_core.package_discovery:discover_packages(recursive) check parameters
[6.854s] Level 1:colcon.colcon_core.package_discovery:discover_packages(ignore) check parameters
[6.854s] Level 1:colcon.colcon_core.package_discovery:discover_packages(path) check parameters
[6.854s] Level 1:colcon.colcon_core.package_discovery:discover_packages(colcon_meta) discover
[6.854s] Level 1:colcon.colcon_core.package_discovery:discover_packages(recursive) discover
[6.855s] INFO:colcon.colcon_core.package_discovery:Crawling recursively for packages in '/home/kirill/Desktop/robotics/lab5/ex03'
[6.855s] Level 1:colcon.colcon_core.package_identification:_identify(.) by extensions ['ignore', 'ignore_ament_install']
[6.856s] Level 1:colcon.colcon_core.package_identification:_identify(.) by extension 'ignore'
[6.856s] Level 1:colcon.colcon_core.package_identification:_identify(.) by extension 'ignore_ament_install'
[6.856s] Level 1:colcon.colcon_core.package_identification:_identify(.) by extensions ['colcon_pkg']
[6.857s] Level 1:colcon.colcon_core.package_identification:_identify(.) by extension 'colcon_pkg'
[6.857s] Level 1:colcon.colcon_core.package_identification:_identify(.) by extensions ['colcon_meta']
[6.857s] Level 1:colcon.colcon_core.package_identification:_identify(.) by extension 'colcon_meta'
[6.857s] Level 1:colcon.colcon_core.package_identification:_identify(.) by extensions ['ros']
[6.858s] Level 1:colcon.colcon_core.package_identification:_identify(.) by extension 'ros'
[6.905s] Level 1:colcon.colcon_core.package_identification:_identify(.) by extensions ['cmake', 'python']
[6.905s] Level 1:colcon.colcon_core.package_identification:_identify(.) by extension 'cmake'
[6.905s] Level 1:colcon.colcon_core.package_identification:_identify(.) by extension 'python'
[6.905s] Level 1:colcon.colcon_core.package_identification:_identify(.) by extensions ['python_setup_py']
[6.905s] Level 1:colcon.colcon_core.package_identification:_identify(.) by extension 'python_setup_py'
[6.906s] Level 1:colcon.colcon_core.package_identification:_identify(build) by extensions ['ignore', 'ignore_ament_install']
[6.906s] Level 1:colcon.colcon_core.package_identification:_identify(build) by extension 'ignore'
[6.906s] Level 1:colcon.colcon_core.package_identification:_identify(build) ignored
[6.906s] Level 1:colcon.colcon_core.package_identification:_identify(install) by extensions ['ignore', 'ignore_ament_install']
[6.907s] Level 1:colcon.colcon_core.package_identification:_identify(install) by extension 'ignore'
[6.907s] Level 1:colcon.colcon_core.package_identification:_identify(install) ignored
[6.907s] Level 1:colcon.colcon_core.package_identification:_identify(log) by extensions ['ignore', 'ignore_ament_install']
[6.907s] Level 1:colcon.colcon_core.package_identification:_identify(log) by extension 'ignore'
[6.907s] Level 1:colcon.colcon_core.package_identification:_identify(log) ignored
[6.908s] Level 1:colcon.colcon_core.package_identification:_identify(lubluxodit) by extensions ['ignore', 'ignore_ament_install']
[6.908s] Level 1:colcon.colcon_core.package_identification:_identify(lubluxodit) by extension 'ignore'
[6.908s] Level 1:colcon.colcon_core.package_identification:_identify(lubluxodit) by extension 'ignore_ament_install'
[6.908s] Level 1:colcon.colcon_core.package_identification:_identify(lubluxodit) by extensions ['colcon_pkg']
[6.908s] Level 1:colcon.colcon_core.package_identification:_identify(lubluxodit) by extension 'colcon_pkg'
[6.908s] Level 1:colcon.colcon_core.package_identification:_identify(lubluxodit) by extensions ['colcon_meta']
[6.909s] Level 1:colcon.colcon_core.package_identification:_identify(lubluxodit) by extension 'colcon_meta'
[6.909s] Level 1:colcon.colcon_core.package_identification:_identify(lubluxodit) by extensions ['ros']
[6.909s] Level 1:colcon.colcon_core.package_identification:_identify(lubluxodit) by extension 'ros'
[6.956s] DEBUG:colcon.colcon_core.package_identification:Package 'lubluxodit' with type 'ros.ament_python' and name 'lubluxodit'
[6.957s] Level 1:colcon.colcon_core.package_discovery:discover_packages(recursive) using defaults
[6.957s] Level 1:colcon.colcon_core.package_discovery:discover_packages(ignore) discover
[6.957s] Level 1:colcon.colcon_core.package_discovery:discover_packages(ignore) using defaults
[6.957s] Level 1:colcon.colcon_core.package_discovery:discover_packages(path) discover
[6.957s] Level 1:colcon.colcon_core.package_discovery:discover_packages(path) using defaults
[7.263s] Level 1:colcon.colcon_core.package_discovery:discover_packages(prefix_path) check parameters
[7.264s] Level 1:colcon.colcon_core.package_discovery:discover_packages(prefix_path) discover
[7.297s] DEBUG:colcon.colcon_installed_package_information.package_discovery:Found 274 installed packages in /opt/ros/humble
[7.310s] Level 1:colcon.colcon_core.package_discovery:discover_packages(prefix_path) using defaults
[7.459s] Level 5:colcon.colcon_core.verb:set package 'lubluxodit' build argument 'cmake_args' from command line to 'None'
[7.459s] Level 5:colcon.colcon_core.verb:set package 'lubluxodit' build argument 'cmake_target' from command line to 'None'
[7.459s] Level 5:colcon.colcon_core.verb:set package 'lubluxodit' build argument 'cmake_target_skip_unavailable' from command line to 'False'
[7.459s] Level 5:colcon.colcon_core.verb:set package 'lubluxodit' build argument 'cmake_clean_cache' from command line to 'False'
[7.459s] Level 5:colcon.colcon_core.verb:set package 'lubluxodit' build argument 'cmake_clean_first' from command line to 'False'
[7.459s] Level 5:colcon.colcon_core.verb:set package 'lubluxodit' build argument 'cmake_force_configure' from command line to 'False'
[7.459s] Level 5:colcon.colcon_core.verb:set package 'lubluxodit' build argument 'ament_cmake_args' from command line to 'None'
[7.460s] Level 5:colcon.colcon_core.verb:set package 'lubluxodit' build argument 'catkin_cmake_args' from command line to 'None'
[7.460s] Level 5:colcon.colcon_core.verb:set package 'lubluxodit' build argument 'catkin_skip_building_tests' from command line to 'False'
[7.460s] DEBUG:colcon.colcon_core.verb:Building package 'lubluxodit' with the following arguments: {'ament_cmake_args': None, 'build_base': '/home/kirill/Desktop/robotics/lab5/ex03/build/lubluxodit', 'catkin_cmake_args': None, 'catkin_skip_building_tests': False, 'cmake_args': None, 'cmake_clean_cache': False, 'cmake_clean_first': False, 'cmake_force_configure': False, 'cmake_target': None, 'cmake_target_skip_unavailable': False, 'install_base': '/home/kirill/Desktop/robotics/lab5/ex03/install/lubluxodit', 'merge_install': False, 'path': '/home/kirill/Desktop/robotics/lab5/ex03/lubluxodit', 'symlink_install': False, 'test_result_base': None}
[7.460s] INFO:colcon.colcon_core.executor:Executing jobs using 'parallel' executor
[7.462s] DEBUG:colcon.colcon_parallel_executor.executor.parallel:run_until_complete
[7.462s] INFO:colcon.colcon_ros.task.ament_python.build:Building ROS package in '/home/kirill/Desktop/robotics/lab5/ex03/lubluxodit' with build type 'ament_python'
[7.463s] Level 1:colcon.colcon_core.shell:create_environment_hook('lubluxodit', 'ament_prefix_path')
[7.487s] INFO:colcon.colcon_core.plugin_system:Skipping extension 'colcon_core.shell.bat': Not used on non-Windows systems
[7.488s] INFO:colcon.colcon_core.shell:Creating environment hook '/home/kirill/Desktop/robotics/lab5/ex03/install/lubluxodit/share/lubluxodit/hook/ament_prefix_path.ps1'
[7.502s] INFO:colcon.colcon_core.shell:Creating environment descriptor '/home/kirill/Desktop/robotics/lab5/ex03/install/lubluxodit/share/lubluxodit/hook/ament_prefix_path.dsv'
[7.521s] INFO:colcon.colcon_core.shell:Creating environment hook '/home/kirill/Desktop/robotics/lab5/ex03/install/lubluxodit/share/lubluxodit/hook/ament_prefix_path.sh'
[7.524s] INFO:colcon.colcon_core.shell:Skip shell extension 'powershell' for command environment: Not usable outside of PowerShell
[7.524s] DEBUG:colcon.colcon_core.shell:Skip shell extension 'dsv' for command environment
[8.065s] INFO:colcon.colcon_core.task.python.build:Building Python package in '/home/kirill/Desktop/robotics/lab5/ex03/lubluxodit'
[8.066s] INFO:colcon.colcon_core.shell:Skip shell extension 'powershell' for command environment: Not usable outside of PowerShell
[8.066s] DEBUG:colcon.colcon_core.shell:Skip shell extension 'dsv' for command environment
[9.376s] DEBUG:colcon.colcon_core.event_handler.log_command:Invoking command in '/home/kirill/Desktop/robotics/lab5/ex03/lubluxodit': PYTHONPATH=/home/kirill/Desktop/robotics/lab5/ex03/build/lubluxodit/prefix_override:/usr/lib/python3/dist-packages/colcon_core/task/python/colcon_distutils_commands:/home/kirill/Desktop/robotics/lab5/ex03/install/lubluxodit/lib/python3.10/site-packages:${PYTHONPATH} /usr/bin/python3 -W ignore:setup.py install is deprecated setup.py egg_info --egg-base ../build/lubluxodit build --build-base /home/kirill/Desktop/robotics/lab5/ex03/build/lubluxodit/build install --record /home/kirill/Desktop/robotics/lab5/ex03/build/lubluxodit/install.log --single-version-externally-managed install_data
[10.142s] DEBUG:colcon.colcon_core.event_handler.log_command:Invoked command in '/home/kirill/Desktop/robotics/lab5/ex03/lubluxodit' returned '0': PYTHONPATH=/home/kirill/Desktop/robotics/lab5/ex03/build/lubluxodit/prefix_override:/usr/lib/python3/dist-packages/colcon_core/task/python/colcon_distutils_commands:/home/kirill/Desktop/robotics/lab5/ex03/install/lubluxodit/lib/python3.10/site-packages:${PYTHONPATH} /usr/bin/python3 -W ignore:setup.py install is deprecated setup.py egg_info --egg-base ../build/lubluxodit build --build-base /home/kirill/Desktop/robotics/lab5/ex03/build/lubluxodit/build install --record /home/kirill/Desktop/robotics/lab5/ex03/build/lubluxodit/install.log --single-version-externally-managed install_data
[10.212s] Level 1:colcon.colcon_core.environment:checking '/home/kirill/Desktop/robotics/lab5/ex03/install/lubluxodit' for CMake module files
[10.216s] Level 1:colcon.colcon_core.environment:checking '/home/kirill/Desktop/robotics/lab5/ex03/install/lubluxodit' for CMake config files
[10.221s] Level 1:colcon.colcon_core.environment:checking '/home/kirill/Desktop/robotics/lab5/ex03/install/lubluxodit/lib'
[10.222s] Level 1:colcon.colcon_core.environment:checking '/home/kirill/Desktop/robotics/lab5/ex03/install/lubluxodit/bin'
[10.223s] Level 1:colcon.colcon_core.environment:checking '/home/kirill/Desktop/robotics/lab5/ex03/install/lubluxodit/lib/pkgconfig/lubluxodit.pc'
[10.225s] Level 1:colcon.colcon_core.environment:checking '/home/kirill/Desktop/robotics/lab5/ex03/install/lubluxodit/lib/python3.10/site-packages'
[10.225s] Level 1:colcon.colcon_core.shell:create_environment_hook('lubluxodit', 'pythonpath')
[10.226s] INFO:colcon.colcon_core.shell:Creating environment hook '/home/kirill/Desktop/robotics/lab5/ex03/install/lubluxodit/share/lubluxodit/hook/pythonpath.ps1'
[10.228s] INFO:colcon.colcon_core.shell:Creating environment descriptor '/home/kirill/Desktop/robotics/lab5/ex03/install/lubluxodit/share/lubluxodit/hook/pythonpath.dsv'
[10.229s] INFO:colcon.colcon_core.shell:Creating environment hook '/home/kirill/Desktop/robotics/lab5/ex03/install/lubluxodit/share/lubluxodit/hook/pythonpath.sh'
[10.233s] Level 1:colcon.colcon_core.environment:checking '/home/kirill/Desktop/robotics/lab5/ex03/install/lubluxodit/bin'
[10.234s] Level 1:colcon.colcon_core.environment:create_environment_scripts_only(lubluxodit)
[10.236s] INFO:colcon.colcon_core.shell:Creating package script '/home/kirill/Desktop/robotics/lab5/ex03/install/lubluxodit/share/lubluxodit/package.ps1'
[10.244s] INFO:colcon.colcon_core.shell:Creating package descriptor '/home/kirill/Desktop/robotics/lab5/ex03/install/lubluxodit/share/lubluxodit/package.dsv'
[10.251s] INFO:colcon.colcon_core.shell:Creating package script '/home/kirill/Desktop/robotics/lab5/ex03/install/lubluxodit/share/lubluxodit/package.sh'
[10.255s] INFO:colcon.colcon_core.shell:Creating package script '/home/kirill/Desktop/robotics/lab5/ex03/install/lubluxodit/share/lubluxodit/package.bash'
[10.263s] INFO:colcon.colcon_core.shell:Creating package script '/home/kirill/Desktop/robotics/lab5/ex03/install/lubluxodit/share/lubluxodit/package.zsh'
[10.280s] Level 1:colcon.colcon_core.environment:create_file_with_runtime_dependencies(/home/kirill/Desktop/robotics/lab5/ex03/install/lubluxodit/share/colcon-core/packages/lubluxodit)
[10.283s] DEBUG:colcon.colcon_parallel_executor.executor.parallel:closing loop
[10.285s] DEBUG:colcon.colcon_parallel_executor.executor.parallel:loop closed
[10.286s] DEBUG:colcon.colcon_parallel_executor.executor.parallel:run_until_complete finished with '0'
[10.286s] DEBUG:colcon.colcon_core.event_reactor:joining thread
[10.325s] INFO:colcon.colcon_core.plugin_system:Skipping extension 'colcon_notification.desktop_notification.notify_send': Could not find 'notify-send'
[10.325s] INFO:colcon.colcon_core.plugin_system:Skipping extension 'colcon_notification.desktop_notification.terminal_notifier': Not used on non-Darwin systems
[10.326s] INFO:colcon.colcon_core.plugin_system:Skipping extension 'colcon_notification.desktop_notification.win32': Not used on non-Windows systems
[10.326s] INFO:colcon.colcon_notification.desktop_notification:Sending desktop notification using 'notify2'
[10.343s] DEBUG:colcon.colcon_core.event_reactor:joined thread
[10.345s] INFO:colcon.colcon_core.shell:Creating prefix script '/home/kirill/Desktop/robotics/lab5/ex03/install/local_setup.ps1'
[10.350s] INFO:colcon.colcon_core.shell:Creating prefix util module '/home/kirill/Desktop/robotics/lab5/ex03/install/_local_setup_util_ps1.py'
[10.387s] INFO:colcon.colcon_core.shell:Creating prefix chain script '/home/kirill/Desktop/robotics/lab5/ex03/install/setup.ps1'
[10.392s] INFO:colcon.colcon_core.shell:Creating prefix script '/home/kirill/Desktop/robotics/lab5/ex03/install/local_setup.sh'
[10.396s] INFO:colcon.colcon_core.shell:Creating prefix util module '/home/kirill/Desktop/robotics/lab5/ex03/install/_local_setup_util_sh.py'
[10.399s] INFO:colcon.colcon_core.shell:Creating prefix chain script '/home/kirill/Desktop/robotics/lab5/ex03/install/setup.sh'
[10.404s] INFO:colcon.colcon_core.shell:Creating prefix script '/home/kirill/Desktop/robotics/lab5/ex03/install/local_setup.bash'
[10.407s] INFO:colcon.colcon_core.shell:Creating prefix chain script '/home/kirill/Desktop/robotics/lab5/ex03/install/setup.bash'
[10.412s] INFO:colcon.colcon_core.shell:Creating prefix script '/home/kirill/Desktop/robotics/lab5/ex03/install/local_setup.zsh'
[10.415s] INFO:colcon.colcon_core.shell:Creating prefix chain script '/home/kirill/Desktop/robotics/lab5/ex03/install/setup.zsh'
