running egg_info
creating ../build/unique_move/unique_move.egg-info
writing ../build/unique_move/unique_move.egg-info/PKG-INFO
writing dependency_links to ../build/unique_move/unique_move.egg-info/dependency_links.txt
writing entry points to ../build/unique_move/unique_move.egg-info/entry_points.txt
writing requirements to ../build/unique_move/unique_move.egg-info/requires.txt
writing top-level names to ../build/unique_move/unique_move.egg-info/top_level.txt
writing manifest file '../build/unique_move/unique_move.egg-info/SOURCES.txt'
reading manifest file '../build/unique_move/unique_move.egg-info/SOURCES.txt'
writing manifest file '../build/unique_move/unique_move.egg-info/SOURCES.txt'
running build
running build_py
creating /home/kirill/Desktop/robotics/lab5/ex05/build/unique_move/build
creating /home/kirill/Desktop/robotics/lab5/ex05/build/unique_move/build/lib
creating /home/kirill/Desktop/robotics/lab5/ex05/build/unique_move/build/lib/unique_move
copying unique_move/__init__.py -> /home/kirill/Desktop/robotics/lab5/ex05/build/unique_move/build/lib/unique_move
running install
running install_lib
creating /home/kirill/Desktop/robotics/lab5/ex05/install/unique_move/lib/python3.10/site-packages/unique_move
copying /home/kirill/Desktop/robotics/lab5/ex05/build/unique_move/build/lib/unique_move/__init__.py -> /home/kirill/Desktop/robotics/lab5/ex05/install/unique_move/lib/python3.10/site-packages/unique_move
byte-compiling /home/kirill/Desktop/robotics/lab5/ex05/install/unique_move/lib/python3.10/site-packages/unique_move/__init__.py to __init__.cpython-310.pyc
running install_data
creating /home/kirill/Desktop/robotics/lab5/ex05/install/unique_move/share/ament_index
creating /home/kirill/Desktop/robotics/lab5/ex05/install/unique_move/share/ament_index/resource_index
creating /home/kirill/Desktop/robotics/lab5/ex05/install/unique_move/share/ament_index/resource_index/packages
copying resource/unique_move -> /home/kirill/Desktop/robotics/lab5/ex05/install/unique_move/share/ament_index/resource_index/packages
copying package.xml -> /home/kirill/Desktop/robotics/lab5/ex05/install/unique_move/share/unique_move
creating /home/kirill/Desktop/robotics/lab5/ex05/install/unique_move/share/unique_move/launch
creating /home/kirill/Desktop/robotics/lab5/ex05/install/unique_move/share/unique_move/description
creating /home/kirill/Desktop/robotics/lab5/ex05/install/unique_move/share/unique_move/config
running install_egg_info
Copying ../build/unique_move/unique_move.egg-info to /home/kirill/Desktop/robotics/lab5/ex05/install/unique_move/lib/python3.10/site-packages/unique_move-0.0.0-py3.10.egg-info
running install_scripts
writing list of installed files to '/home/kirill/Desktop/robotics/lab5/ex05/build/unique_move/install.log'
