[1.362s] Invoking command in '/home/kirill/Desktop/robotics/lab5/ex05/unique_move': PYTHONPATH=/home/kirill/Desktop/robotics/lab5/ex05/build/unique_move/prefix_override:/usr/lib/python3/dist-packages/colcon_core/task/python/colcon_distutils_commands:/home/kirill/Desktop/robotics/lab5/ex05/install/unique_move/lib/python3.10/site-packages:${PYTHONPATH} /usr/bin/python3 -W ignore:setup.py install is deprecated setup.py egg_info --egg-base ../build/unique_move build --build-base /home/kirill/Desktop/robotics/lab5/ex05/build/unique_move/build install --record /home/kirill/Desktop/robotics/lab5/ex05/build/unique_move/install.log --single-version-externally-managed install_data
[2.048s] running egg_info
[2.050s] creating ../build/unique_move/unique_move.egg-info
[2.053s] writing ../build/unique_move/unique_move.egg-info/PKG-INFO
[2.054s] writing dependency_links to ../build/unique_move/unique_move.egg-info/dependency_links.txt
[2.054s] writing entry points to ../build/unique_move/unique_move.egg-info/entry_points.txt
[2.054s] writing requirements to ../build/unique_move/unique_move.egg-info/requires.txt
[2.055s] writing top-level names to ../build/unique_move/unique_move.egg-info/top_level.txt
[2.055s] writing manifest file '../build/unique_move/unique_move.egg-info/SOURCES.txt'
[2.057s] reading manifest file '../build/unique_move/unique_move.egg-info/SOURCES.txt'
[2.060s] writing manifest file '../build/unique_move/unique_move.egg-info/SOURCES.txt'
[2.061s] running build
[2.061s] running build_py
[2.061s] creating /home/kirill/Desktop/robotics/lab5/ex05/build/unique_move/build
[2.062s] creating /home/kirill/Desktop/robotics/lab5/ex05/build/unique_move/build/lib
[2.062s] creating /home/kirill/Desktop/robotics/lab5/ex05/build/unique_move/build/lib/unique_move
[2.063s] copying unique_move/__init__.py -> /home/kirill/Desktop/robotics/lab5/ex05/build/unique_move/build/lib/unique_move
[2.063s] running install
[2.063s] running install_lib
[2.065s] creating /home/kirill/Desktop/robotics/lab5/ex05/install/unique_move/lib/python3.10/site-packages/unique_move
[2.065s] copying /home/kirill/Desktop/robotics/lab5/ex05/build/unique_move/build/lib/unique_move/__init__.py -> /home/kirill/Desktop/robotics/lab5/ex05/install/unique_move/lib/python3.10/site-packages/unique_move
[2.067s] byte-compiling /home/kirill/Desktop/robotics/lab5/ex05/install/unique_move/lib/python3.10/site-packages/unique_move/__init__.py to __init__.cpython-310.pyc
[2.067s] running install_data
[2.068s] creating /home/kirill/Desktop/robotics/lab5/ex05/install/unique_move/share/ament_index
[2.068s] creating /home/kirill/Desktop/robotics/lab5/ex05/install/unique_move/share/ament_index/resource_index
[2.069s] creating /home/kirill/Desktop/robotics/lab5/ex05/install/unique_move/share/ament_index/resource_index/packages
[2.069s] copying resource/unique_move -> /home/kirill/Desktop/robotics/lab5/ex05/install/unique_move/share/ament_index/resource_index/packages
[2.069s] copying package.xml -> /home/kirill/Desktop/robotics/lab5/ex05/install/unique_move/share/unique_move
[2.070s] creating /home/kirill/Desktop/robotics/lab5/ex05/install/unique_move/share/unique_move/launch
[2.070s] creating /home/kirill/Desktop/robotics/lab5/ex05/install/unique_move/share/unique_move/description
[2.070s] creating /home/kirill/Desktop/robotics/lab5/ex05/install/unique_move/share/unique_move/config
[2.070s] running install_egg_info
[2.073s] Copying ../build/unique_move/unique_move.egg-info to /home/kirill/Desktop/robotics/lab5/ex05/install/unique_move/lib/python3.10/site-packages/unique_move-0.0.0-py3.10.egg-info
[2.074s] running install_scripts
[2.131s] writing list of installed files to '/home/kirill/Desktop/robotics/lab5/ex05/build/unique_move/install.log'
[2.188s] Invoked command in '/home/kirill/Desktop/robotics/lab5/ex05/unique_move' returned '0': PYTHONPATH=/home/kirill/Desktop/robotics/lab5/ex05/build/unique_move/prefix_override:/usr/lib/python3/dist-packages/colcon_core/task/python/colcon_distutils_commands:/home/kirill/Desktop/robotics/lab5/ex05/install/unique_move/lib/python3.10/site-packages:${PYTHONPATH} /usr/bin/python3 -W ignore:setup.py install is deprecated setup.py egg_info --egg-base ../build/unique_move build --build-base /home/kirill/Desktop/robotics/lab5/ex05/build/unique_move/build install --record /home/kirill/Desktop/robotics/lab5/ex05/build/unique_move/install.log --single-version-externally-managed install_data
