[0.018s] Invoking command in '/home/kirill/Desktop/robotics/lab3/ex02/action_turtle/build/actions_help': CMAKE_PREFIX_PATH=${CMAKE_PREFIX_PATH}:/home/kirill/Desktop/robotics/lab3/ex01/install/service_full_name:/opt/ros/humble /usr/bin/cmake /home/kirill/Desktop/robotics/lab3/ex02/action_turtle/src/actions_help -DCMAKE_INSTALL_PREFIX=/home/kirill/Desktop/robotics/lab3/ex02/action_turtle/install/actions_help
[0.115s] -- The C compiler identification is GNU 11.4.0
[0.217s] -- The CXX compiler identification is GNU 11.4.0
[0.237s] -- Detecting C compiler ABI info
[0.366s] -- Detecting C compiler ABI info - done
[0.387s] -- Check for working C compiler: /usr/bin/cc - skipped
[0.388s] -- Detecting C compile features
[0.389s] -- Detecting C compile features - done
[0.397s] -- Detecting CXX compiler ABI info
[0.544s] -- Detecting CXX compiler ABI info - done
[0.564s] -- Check for working CXX compiler: /usr/bin/c++ - skipped
[0.565s] -- Detecting CXX compile features
[0.566s] -- Detecting CXX compile features - done
[0.571s] -- Found ament_cmake: 1.3.10 (/opt/ros/humble/share/ament_cmake/cmake)
[0.886s] -- Found Python3: /usr/bin/python3 (found version "3.10.12") found components: Interpreter 
[1.054s] [31mCMake Error at CMakeLists.txt:14 (rosidl_generate_interfaces):
[1.055s]   Unknown CMake command "rosidl_generate_interfaces".
[1.055s] 
[1.055s] [0m
[1.056s] -- Configuring incomplete, errors occurred!
[1.056s] See also "/home/kirill/Desktop/robotics/lab3/ex02/action_turtle/build/actions_help/CMakeFiles/CMakeOutput.log".
[1.065s] Invoked command in '/home/kirill/Desktop/robotics/lab3/ex02/action_turtle/build/actions_help' returned '1': CMAKE_PREFIX_PATH=${CMAKE_PREFIX_PATH}:/home/kirill/Desktop/robotics/lab3/ex01/install/service_full_name:/opt/ros/humble /usr/bin/cmake /home/kirill/Desktop/robotics/lab3/ex02/action_turtle/src/actions_help -DCMAKE_INSTALL_PREFIX=/home/kirill/Desktop/robotics/lab3/ex02/action_turtle/install/actions_help
