running egg_info
creating ../build/move/move.egg-info
writing ../build/move/move.egg-info/PKG-INFO
writing dependency_links to ../build/move/move.egg-info/dependency_links.txt
writing entry points to ../build/move/move.egg-info/entry_points.txt
writing requirements to ../build/move/move.egg-info/requires.txt
writing top-level names to ../build/move/move.egg-info/top_level.txt
writing manifest file '../build/move/move.egg-info/SOURCES.txt'
reading manifest file '../build/move/move.egg-info/SOURCES.txt'
writing manifest file '../build/move/move.egg-info/SOURCES.txt'
running build
running build_py
creating /home/kirill/Desktop/robotics/lab5/ex04/build/move/build
creating /home/kirill/Desktop/robotics/lab5/ex04/build/move/build/lib
creating /home/kirill/Desktop/robotics/lab5/ex04/build/move/build/lib/move
copying move/movement.py -> /home/kirill/Desktop/robotics/lab5/ex04/build/move/build/lib/move
copying move/__init__.py -> /home/kirill/Desktop/robotics/lab5/ex04/build/move/build/lib/move
running install
running install_lib
creating /home/kirill/Desktop/robotics/lab5/ex04/install/move/lib/python3.10/site-packages/move
copying /home/kirill/Desktop/robotics/lab5/ex04/build/move/build/lib/move/movement.py -> /home/kirill/Desktop/robotics/lab5/ex04/install/move/lib/python3.10/site-packages/move
copying /home/kirill/Desktop/robotics/lab5/ex04/build/move/build/lib/move/__init__.py -> /home/kirill/Desktop/robotics/lab5/ex04/install/move/lib/python3.10/site-packages/move
byte-compiling /home/kirill/Desktop/robotics/lab5/ex04/install/move/lib/python3.10/site-packages/move/movement.py to movement.cpython-310.pyc
byte-compiling /home/kirill/Desktop/robotics/lab5/ex04/install/move/lib/python3.10/site-packages/move/__init__.py to __init__.cpython-310.pyc
running install_data
creating /home/kirill/Desktop/robotics/lab5/ex04/install/move/share/ament_index
creating /home/kirill/Desktop/robotics/lab5/ex04/install/move/share/ament_index/resource_index
creating /home/kirill/Desktop/robotics/lab5/ex04/install/move/share/ament_index/resource_index/packages
copying resource/move -> /home/kirill/Desktop/robotics/lab5/ex04/install/move/share/ament_index/resource_index/packages
copying package.xml -> /home/kirill/Desktop/robotics/lab5/ex04/install/move/share/move
creating /home/kirill/Desktop/robotics/lab5/ex04/install/move/share/move/launch
copying launch/launch.py -> /home/kirill/Desktop/robotics/lab5/ex04/install/move/share/move/launch
creating /home/kirill/Desktop/robotics/lab5/ex04/install/move/share/move/description
copying description/robot.urdf.xacro -> /home/kirill/Desktop/robotics/lab5/ex04/install/move/share/move/description
copying description/gazebo.urdf.xacro -> /home/kirill/Desktop/robotics/lab5/ex04/install/move/share/move/description
creating /home/kirill/Desktop/robotics/lab5/ex04/install/move/share/move/config
copying config/robot_bridge.yaml -> /home/kirill/Desktop/robotics/lab5/ex04/install/move/share/move/config
running install_egg_info
Copying ../build/move/move.egg-info to /home/kirill/Desktop/robotics/lab5/ex04/install/move/lib/python3.10/site-packages/move-0.0.0-py3.10.egg-info
running install_scripts
Installing move script to /home/kirill/Desktop/robotics/lab5/ex04/install/move/lib/move
writing list of installed files to '/home/kirill/Desktop/robotics/lab5/ex04/build/move/install.log'
