[1.459s] Invoking command in '/home/kirill/Desktop/robotics/lab5/ex04/move': PYTHONPATH=/home/kirill/Desktop/robotics/lab5/ex04/build/move/prefix_override:/usr/lib/python3/dist-packages/colcon_core/task/python/colcon_distutils_commands:/home/kirill/Desktop/robotics/lab5/ex04/install/move/lib/python3.10/site-packages:${PYTHONPATH} /usr/bin/python3 -W ignore:setup.py install is deprecated setup.py egg_info --egg-base ../build/move build --build-base /home/kirill/Desktop/robotics/lab5/ex04/build/move/build install --record /home/kirill/Desktop/robotics/lab5/ex04/build/move/install.log --single-version-externally-managed install_data
[2.245s] running egg_info
[2.247s] creating ../build/move/move.egg-info
[2.248s] writing ../build/move/move.egg-info/PKG-INFO
[2.249s] writing dependency_links to ../build/move/move.egg-info/dependency_links.txt
[2.250s] writing entry points to ../build/move/move.egg-info/entry_points.txt
[2.251s] writing requirements to ../build/move/move.egg-info/requires.txt
[2.251s] writing top-level names to ../build/move/move.egg-info/top_level.txt
[2.252s] writing manifest file '../build/move/move.egg-info/SOURCES.txt'
[2.262s] reading manifest file '../build/move/move.egg-info/SOURCES.txt'
[2.263s] writing manifest file '../build/move/move.egg-info/SOURCES.txt'
[2.264s] running build
[2.265s] running build_py
[2.265s] creating /home/kirill/Desktop/robotics/lab5/ex04/build/move/build
[2.266s] creating /home/kirill/Desktop/robotics/lab5/ex04/build/move/build/lib
[2.267s] creating /home/kirill/Desktop/robotics/lab5/ex04/build/move/build/lib/move
[2.269s] copying move/movement.py -> /home/kirill/Desktop/robotics/lab5/ex04/build/move/build/lib/move
[2.269s] copying move/__init__.py -> /home/kirill/Desktop/robotics/lab5/ex04/build/move/build/lib/move
[2.270s] running install
[2.270s] running install_lib
[2.272s] creating /home/kirill/Desktop/robotics/lab5/ex04/install/move/lib/python3.10/site-packages/move
[2.272s] copying /home/kirill/Desktop/robotics/lab5/ex04/build/move/build/lib/move/movement.py -> /home/kirill/Desktop/robotics/lab5/ex04/install/move/lib/python3.10/site-packages/move
[2.273s] copying /home/kirill/Desktop/robotics/lab5/ex04/build/move/build/lib/move/__init__.py -> /home/kirill/Desktop/robotics/lab5/ex04/install/move/lib/python3.10/site-packages/move
[2.273s] byte-compiling /home/kirill/Desktop/robotics/lab5/ex04/install/move/lib/python3.10/site-packages/move/movement.py to movement.cpython-310.pyc
[2.277s] byte-compiling /home/kirill/Desktop/robotics/lab5/ex04/install/move/lib/python3.10/site-packages/move/__init__.py to __init__.cpython-310.pyc
[2.279s] running install_data
[2.280s] creating /home/kirill/Desktop/robotics/lab5/ex04/install/move/share/ament_index
[2.282s] creating /home/kirill/Desktop/robotics/lab5/ex04/install/move/share/ament_index/resource_index
[2.285s] creating /home/kirill/Desktop/robotics/lab5/ex04/install/move/share/ament_index/resource_index/packages
[2.285s] copying resource/move -> /home/kirill/Desktop/robotics/lab5/ex04/install/move/share/ament_index/resource_index/packages
[2.286s] copying package.xml -> /home/kirill/Desktop/robotics/lab5/ex04/install/move/share/move
[2.286s] creating /home/kirill/Desktop/robotics/lab5/ex04/install/move/share/move/launch
[2.286s] copying launch/launch.py -> /home/kirill/Desktop/robotics/lab5/ex04/install/move/share/move/launch
[2.287s] creating /home/kirill/Desktop/robotics/lab5/ex04/install/move/share/move/description
[2.288s] copying description/robot.urdf.xacro -> /home/kirill/Desktop/robotics/lab5/ex04/install/move/share/move/description
[2.288s] copying description/gazebo.urdf.xacro -> /home/kirill/Desktop/robotics/lab5/ex04/install/move/share/move/description
[2.289s] creating /home/kirill/Desktop/robotics/lab5/ex04/install/move/share/move/config
[2.289s] copying config/robot_bridge.yaml -> /home/kirill/Desktop/robotics/lab5/ex04/install/move/share/move/config
[2.290s] running install_egg_info
[2.290s] Copying ../build/move/move.egg-info to /home/kirill/Desktop/robotics/lab5/ex04/install/move/lib/python3.10/site-packages/move-0.0.0-py3.10.egg-info
[2.291s] running install_scripts
[2.353s] Installing move script to /home/kirill/Desktop/robotics/lab5/ex04/install/move/lib/move
[2.353s] writing list of installed files to '/home/kirill/Desktop/robotics/lab5/ex04/build/move/install.log'
[2.401s] Invoked command in '/home/kirill/Desktop/robotics/lab5/ex04/move' returned '0': PYTHONPATH=/home/kirill/Desktop/robotics/lab5/ex04/build/move/prefix_override:/usr/lib/python3/dist-packages/colcon_core/task/python/colcon_distutils_commands:/home/kirill/Desktop/robotics/lab5/ex04/install/move/lib/python3.10/site-packages:${PYTHONPATH} /usr/bin/python3 -W ignore:setup.py install is deprecated setup.py egg_info --egg-base ../build/move build --build-base /home/kirill/Desktop/robotics/lab5/ex04/build/move/build install --record /home/kirill/Desktop/robotics/lab5/ex04/build/move/install.log --single-version-externally-managed install_data
