[0.203s] DEBUG:colcon:Command line arguments: ['/usr/bin/colcon', 'build']
[0.203s] DEBUG:colcon:Parsed command line arguments: Namespace(log_base=None, log_level=None, verb_name='build', build_base='build', install_base='install', merge_install=False, symlink_install=False, test_result_base=None, continue_on_error=False, executor='parallel', parallel_workers=4, event_handlers=None, ignore_user_meta=False, metas=['./colcon.meta'], base_paths=['.'], packages_ignore=None, packages_ignore_regex=None, paths=None, packages_up_to=None, packages_up_to_regex=None, packages_above=None, packages_above_and_dependencies=None, packages_above_depth=None, packages_select_by_dep=None, packages_skip_by_dep=None, packages_skip_up_to=None, packages_select_build_failed=False, packages_skip_build_finished=False, packages_select_test_failures=False, packages_skip_test_passed=False, packages_select=None, packages_skip=None, packages_select_regex=None, packages_skip_regex=None, packages_start=None, packages_end=None, allow_overriding=[], cmake_args=None, cmake_target=None, cmake_target_skip_unavailable=False, cmake_clean_cache=False, cmake_clean_first=False, cmake_force_configure=False, ament_cmake_args=None, catkin_cmake_args=None, catkin_skip_building_tests=False, mixin_files=None, mixin=None, verb_parser=<colcon_mixin.mixin.mixin_argument.MixinArgumentDecorator object at 0x7c790d4369e0>, verb_extension=<colcon_core.verb.build.BuildVerb object at 0x7c790d5469e0>, main=<bound method BuildVerb.main of <colcon_core.verb.build.BuildVerb object at 0x7c790d5469e0>>, mixin_verb=('build',))
[2.587s] Level 1:colcon.colcon_core.package_discovery:discover_packages(colcon_meta) check parameters
[2.588s] Level 1:colcon.colcon_core.package_discovery:discover_packages(recursive) check parameters
[2.588s] Level 1:colcon.colcon_core.package_discovery:discover_packages(ignore) check parameters
[2.588s] Level 1:colcon.colcon_core.package_discovery:discover_packages(path) check parameters
[2.588s] Level 1:colcon.colcon_core.package_discovery:discover_packages(colcon_meta) discover
[2.588s] Level 1:colcon.colcon_core.package_discovery:discover_packages(recursive) discover
[2.588s] INFO:colcon.colcon_core.package_discovery:Crawling recursively for packages in '/home/kirill/Desktop/robotics/lab4/ex03'
[2.588s] Level 1:colcon.colcon_core.package_identification:_identify(.) by extensions ['ignore', 'ignore_ament_install']
[2.588s] Level 1:colcon.colcon_core.package_identification:_identify(.) by extension 'ignore'
[2.588s] Level 1:colcon.colcon_core.package_identification:_identify(.) by extension 'ignore_ament_install'
[2.589s] Level 1:colcon.colcon_core.package_identification:_identify(.) by extensions ['colcon_pkg']
[2.589s] Level 1:colcon.colcon_core.package_identification:_identify(.) by extension 'colcon_pkg'
[2.589s] Level 1:colcon.colcon_core.package_identification:_identify(.) by extensions ['colcon_meta']
[2.589s] Level 1:colcon.colcon_core.package_identification:_identify(.) by extension 'colcon_meta'
[2.589s] Level 1:colcon.colcon_core.package_identification:_identify(.) by extensions ['ros']
[2.589s] Level 1:colcon.colcon_core.package_identification:_identify(.) by extension 'ros'
[2.610s] Level 1:colcon.colcon_core.package_identification:_identify(.) by extensions ['cmake', 'python']
[2.610s] Level 1:colcon.colcon_core.package_identification:_identify(.) by extension 'cmake'
[2.610s] Level 1:colcon.colcon_core.package_identification:_identify(.) by extension 'python'
[2.610s] Level 1:colcon.colcon_core.package_identification:_identify(.) by extensions ['python_setup_py']
[2.610s] Level 1:colcon.colcon_core.package_identification:_identify(.) by extension 'python_setup_py'
[2.611s] Level 1:colcon.colcon_core.package_identification:_identify(build) by extensions ['ignore', 'ignore_ament_install']
[2.611s] Level 1:colcon.colcon_core.package_identification:_identify(build) by extension 'ignore'
[2.611s] Level 1:colcon.colcon_core.package_identification:_identify(build) ignored
[2.611s] Level 1:colcon.colcon_core.package_identification:_identify(install) by extensions ['ignore', 'ignore_ament_install']
[2.611s] Level 1:colcon.colcon_core.package_identification:_identify(install) by extension 'ignore'
[2.611s] Level 1:colcon.colcon_core.package_identification:_identify(install) ignored
[2.612s] Level 1:colcon.colcon_core.package_identification:_identify(log) by extensions ['ignore', 'ignore_ament_install']
[2.612s] Level 1:colcon.colcon_core.package_identification:_identify(log) by extension 'ignore'
[2.612s] Level 1:colcon.colcon_core.package_identification:_identify(log) ignored
[2.612s] Level 1:colcon.colcon_core.package_identification:_identify(tormoz) by extensions ['ignore', 'ignore_ament_install']
[2.612s] Level 1:colcon.colcon_core.package_identification:_identify(tormoz) by extension 'ignore'
[2.612s] Level 1:colcon.colcon_core.package_identification:_identify(tormoz) by extension 'ignore_ament_install'
[2.612s] Level 1:colcon.colcon_core.package_identification:_identify(tormoz) by extensions ['colcon_pkg']
[2.612s] Level 1:colcon.colcon_core.package_identification:_identify(tormoz) by extension 'colcon_pkg'
[2.612s] Level 1:colcon.colcon_core.package_identification:_identify(tormoz) by extensions ['colcon_meta']
[2.613s] Level 1:colcon.colcon_core.package_identification:_identify(tormoz) by extension 'colcon_meta'
[2.613s] Level 1:colcon.colcon_core.package_identification:_identify(tormoz) by extensions ['ros']
[2.613s] Level 1:colcon.colcon_core.package_identification:_identify(tormoz) by extension 'ros'
[2.617s] DEBUG:colcon.colcon_core.package_identification:Package 'tormoz' with type 'ros.ament_python' and name 'tormoz'
[2.617s] Level 1:colcon.colcon_core.package_discovery:discover_packages(recursive) using defaults
[2.617s] Level 1:colcon.colcon_core.package_discovery:discover_packages(ignore) discover
[2.617s] Level 1:colcon.colcon_core.package_discovery:discover_packages(ignore) using defaults
[2.617s] Level 1:colcon.colcon_core.package_discovery:discover_packages(path) discover
[2.617s] Level 1:colcon.colcon_core.package_discovery:discover_packages(path) using defaults
[2.653s] Level 1:colcon.colcon_core.package_discovery:discover_packages(prefix_path) check parameters
[2.653s] Level 1:colcon.colcon_core.package_discovery:discover_packages(prefix_path) discover
[2.675s] DEBUG:colcon.colcon_installed_package_information.package_discovery:Found 1 installed packages in /home/kirill/Desktop/robotics/lab4/ex03/install
[2.678s] DEBUG:colcon.colcon_installed_package_information.package_discovery:Found 271 installed packages in /opt/ros/humble
[2.682s] Level 1:colcon.colcon_core.package_discovery:discover_packages(prefix_path) using defaults
[2.777s] Level 5:colcon.colcon_core.verb:set package 'tormoz' build argument 'cmake_args' from command line to 'None'
[2.778s] Level 5:colcon.colcon_core.verb:set package 'tormoz' build argument 'cmake_target' from command line to 'None'
[2.778s] Level 5:colcon.colcon_core.verb:set package 'tormoz' build argument 'cmake_target_skip_unavailable' from command line to 'False'
[2.778s] Level 5:colcon.colcon_core.verb:set package 'tormoz' build argument 'cmake_clean_cache' from command line to 'False'
[2.778s] Level 5:colcon.colcon_core.verb:set package 'tormoz' build argument 'cmake_clean_first' from command line to 'False'
[2.778s] Level 5:colcon.colcon_core.verb:set package 'tormoz' build argument 'cmake_force_configure' from command line to 'False'
[2.778s] Level 5:colcon.colcon_core.verb:set package 'tormoz' build argument 'ament_cmake_args' from command line to 'None'
[2.778s] Level 5:colcon.colcon_core.verb:set package 'tormoz' build argument 'catkin_cmake_args' from command line to 'None'
[2.778s] Level 5:colcon.colcon_core.verb:set package 'tormoz' build argument 'catkin_skip_building_tests' from command line to 'False'
[2.778s] DEBUG:colcon.colcon_core.verb:Building package 'tormoz' with the following arguments: {'ament_cmake_args': None, 'build_base': '/home/kirill/Desktop/robotics/lab4/ex03/build/tormoz', 'catkin_cmake_args': None, 'catkin_skip_building_tests': False, 'cmake_args': None, 'cmake_clean_cache': False, 'cmake_clean_first': False, 'cmake_force_configure': False, 'cmake_target': None, 'cmake_target_skip_unavailable': False, 'install_base': '/home/kirill/Desktop/robotics/lab4/ex03/install/tormoz', 'merge_install': False, 'path': '/home/kirill/Desktop/robotics/lab4/ex03/tormoz', 'symlink_install': False, 'test_result_base': None}
[2.778s] INFO:colcon.colcon_core.executor:Executing jobs using 'parallel' executor
[2.780s] DEBUG:colcon.colcon_parallel_executor.executor.parallel:run_until_complete
[2.781s] INFO:colcon.colcon_ros.task.ament_python.build:Building ROS package in '/home/kirill/Desktop/robotics/lab4/ex03/tormoz' with build type 'ament_python'
[2.781s] Level 1:colcon.colcon_core.shell:create_environment_hook('tormoz', 'ament_prefix_path')
[2.785s] INFO:colcon.colcon_core.plugin_system:Skipping extension 'colcon_core.shell.bat': Not used on non-Windows systems
[2.785s] INFO:colcon.colcon_core.shell:Creating environment hook '/home/kirill/Desktop/robotics/lab4/ex03/install/tormoz/share/tormoz/hook/ament_prefix_path.ps1'
[2.787s] INFO:colcon.colcon_core.shell:Creating environment descriptor '/home/kirill/Desktop/robotics/lab4/ex03/install/tormoz/share/tormoz/hook/ament_prefix_path.dsv'
[2.788s] INFO:colcon.colcon_core.shell:Creating environment hook '/home/kirill/Desktop/robotics/lab4/ex03/install/tormoz/share/tormoz/hook/ament_prefix_path.sh'
[2.791s] INFO:colcon.colcon_core.shell:Skip shell extension 'powershell' for command environment: Not usable outside of PowerShell
[2.791s] DEBUG:colcon.colcon_core.shell:Skip shell extension 'dsv' for command environment
[3.313s] INFO:colcon.colcon_core.task.python.build:Building Python package in '/home/kirill/Desktop/robotics/lab4/ex03/tormoz'
[3.314s] INFO:colcon.colcon_core.shell:Skip shell extension 'powershell' for command environment: Not usable outside of PowerShell
[3.314s] DEBUG:colcon.colcon_core.shell:Skip shell extension 'dsv' for command environment
[3.983s] DEBUG:colcon.colcon_core.event_handler.log_command:Invoking command in '/home/kirill/Desktop/robotics/lab4/ex03/tormoz': PYTHONPATH=/home/kirill/Desktop/robotics/lab4/ex03/build/tormoz/prefix_override:/usr/lib/python3/dist-packages/colcon_core/task/python/colcon_distutils_commands:/home/kirill/Desktop/robotics/lab4/ex03/install/tormoz/lib/python3.10/site-packages:${PYTHONPATH} /usr/bin/python3 -W ignore:setup.py install is deprecated setup.py egg_info --egg-base ../build/tormoz build --build-base /home/kirill/Desktop/robotics/lab4/ex03/build/tormoz/build install --record /home/kirill/Desktop/robotics/lab4/ex03/build/tormoz/install.log --single-version-externally-managed install_data
[4.563s] DEBUG:colcon.colcon_core.event_handler.log_command:Invoked command in '/home/kirill/Desktop/robotics/lab4/ex03/tormoz' returned '0': PYTHONPATH=/home/kirill/Desktop/robotics/lab4/ex03/build/tormoz/prefix_override:/usr/lib/python3/dist-packages/colcon_core/task/python/colcon_distutils_commands:/home/kirill/Desktop/robotics/lab4/ex03/install/tormoz/lib/python3.10/site-packages:${PYTHONPATH} /usr/bin/python3 -W ignore:setup.py install is deprecated setup.py egg_info --egg-base ../build/tormoz build --build-base /home/kirill/Desktop/robotics/lab4/ex03/build/tormoz/build install --record /home/kirill/Desktop/robotics/lab4/ex03/build/tormoz/install.log --single-version-externally-managed install_data
[4.567s] Level 1:colcon.colcon_core.environment:checking '/home/kirill/Desktop/robotics/lab4/ex03/install/tormoz' for CMake module files
[4.568s] Level 1:colcon.colcon_core.environment:checking '/home/kirill/Desktop/robotics/lab4/ex03/install/tormoz' for CMake config files
[4.569s] Level 1:colcon.colcon_core.environment:checking '/home/kirill/Desktop/robotics/lab4/ex03/install/tormoz/lib'
[4.570s] Level 1:colcon.colcon_core.environment:checking '/home/kirill/Desktop/robotics/lab4/ex03/install/tormoz/bin'
[4.570s] Level 1:colcon.colcon_core.environment:checking '/home/kirill/Desktop/robotics/lab4/ex03/install/tormoz/lib/pkgconfig/tormoz.pc'
[4.570s] Level 1:colcon.colcon_core.environment:checking '/home/kirill/Desktop/robotics/lab4/ex03/install/tormoz/lib/python3.10/site-packages'
[4.570s] Level 1:colcon.colcon_core.shell:create_environment_hook('tormoz', 'pythonpath')
[4.571s] INFO:colcon.colcon_core.shell:Creating environment hook '/home/kirill/Desktop/robotics/lab4/ex03/install/tormoz/share/tormoz/hook/pythonpath.ps1'
[4.572s] INFO:colcon.colcon_core.shell:Creating environment descriptor '/home/kirill/Desktop/robotics/lab4/ex03/install/tormoz/share/tormoz/hook/pythonpath.dsv'
[4.572s] INFO:colcon.colcon_core.shell:Creating environment hook '/home/kirill/Desktop/robotics/lab4/ex03/install/tormoz/share/tormoz/hook/pythonpath.sh'
[4.573s] Level 1:colcon.colcon_core.environment:checking '/home/kirill/Desktop/robotics/lab4/ex03/install/tormoz/bin'
[4.573s] Level 1:colcon.colcon_core.environment:create_environment_scripts_only(tormoz)
[4.574s] INFO:colcon.colcon_core.shell:Creating package script '/home/kirill/Desktop/robotics/lab4/ex03/install/tormoz/share/tormoz/package.ps1'
[4.575s] INFO:colcon.colcon_core.shell:Creating package descriptor '/home/kirill/Desktop/robotics/lab4/ex03/install/tormoz/share/tormoz/package.dsv'
[4.576s] INFO:colcon.colcon_core.shell:Creating package script '/home/kirill/Desktop/robotics/lab4/ex03/install/tormoz/share/tormoz/package.sh'
[4.578s] INFO:colcon.colcon_core.shell:Creating package script '/home/kirill/Desktop/robotics/lab4/ex03/install/tormoz/share/tormoz/package.bash'
[4.579s] INFO:colcon.colcon_core.shell:Creating package script '/home/kirill/Desktop/robotics/lab4/ex03/install/tormoz/share/tormoz/package.zsh'
[4.580s] Level 1:colcon.colcon_core.environment:create_file_with_runtime_dependencies(/home/kirill/Desktop/robotics/lab4/ex03/install/tormoz/share/colcon-core/packages/tormoz)
[4.581s] DEBUG:colcon.colcon_parallel_executor.executor.parallel:closing loop
[4.583s] DEBUG:colcon.colcon_parallel_executor.executor.parallel:loop closed
[4.583s] DEBUG:colcon.colcon_parallel_executor.executor.parallel:run_until_complete finished with '0'
[4.583s] DEBUG:colcon.colcon_core.event_reactor:joining thread
[4.603s] INFO:colcon.colcon_core.plugin_system:Skipping extension 'colcon_notification.desktop_notification.notify_send': Could not find 'notify-send'
[4.604s] INFO:colcon.colcon_core.plugin_system:Skipping extension 'colcon_notification.desktop_notification.terminal_notifier': Not used on non-Darwin systems
[4.604s] INFO:colcon.colcon_core.plugin_system:Skipping extension 'colcon_notification.desktop_notification.win32': Not used on non-Windows systems
[4.604s] INFO:colcon.colcon_notification.desktop_notification:Sending desktop notification using 'notify2'
[4.615s] DEBUG:colcon.colcon_core.event_reactor:joined thread
[4.617s] INFO:colcon.colcon_core.shell:Creating prefix script '/home/kirill/Desktop/robotics/lab4/ex03/install/local_setup.ps1'
[4.622s] INFO:colcon.colcon_core.shell:Creating prefix util module '/home/kirill/Desktop/robotics/lab4/ex03/install/_local_setup_util_ps1.py'
[4.625s] INFO:colcon.colcon_core.shell:Creating prefix chain script '/home/kirill/Desktop/robotics/lab4/ex03/install/setup.ps1'
[4.628s] INFO:colcon.colcon_core.shell:Creating prefix script '/home/kirill/Desktop/robotics/lab4/ex03/install/local_setup.sh'
[4.629s] INFO:colcon.colcon_core.shell:Creating prefix util module '/home/kirill/Desktop/robotics/lab4/ex03/install/_local_setup_util_sh.py'
[4.630s] INFO:colcon.colcon_core.shell:Creating prefix chain script '/home/kirill/Desktop/robotics/lab4/ex03/install/setup.sh'
[4.632s] INFO:colcon.colcon_core.shell:Creating prefix script '/home/kirill/Desktop/robotics/lab4/ex03/install/local_setup.bash'
[4.633s] INFO:colcon.colcon_core.shell:Creating prefix chain script '/home/kirill/Desktop/robotics/lab4/ex03/install/setup.bash'
[4.636s] INFO:colcon.colcon_core.shell:Creating prefix script '/home/kirill/Desktop/robotics/lab4/ex03/install/local_setup.zsh'
[4.638s] INFO:colcon.colcon_core.shell:Creating prefix chain script '/home/kirill/Desktop/robotics/lab4/ex03/install/setup.zsh'
