[1.673s] Invoking command in '/home/kirill/Desktop/robotics/lab5/ex04/move': PYTHONPATH=/home/kirill/Desktop/robotics/lab5/ex04/build/move/prefix_override:/usr/lib/python3/dist-packages/colcon_core/task/python/colcon_distutils_commands:/home/kirill/Desktop/robotics/lab5/ex04/install/move/lib/python3.10/site-packages:${PYTHONPATH} /usr/bin/python3 -W ignore:setup.py install is deprecated setup.py egg_info --egg-base ../build/move build --build-base /home/kirill/Desktop/robotics/lab5/ex04/build/move/build install --record /home/kirill/Desktop/robotics/lab5/ex04/build/move/install.log --single-version-externally-managed install_data
[2.249s] running egg_info
[2.250s] writing ../build/move/move.egg-info/PKG-INFO
[2.250s] writing dependency_links to ../build/move/move.egg-info/dependency_links.txt
[2.251s] writing entry points to ../build/move/move.egg-info/entry_points.txt
[2.251s] writing requirements to ../build/move/move.egg-info/requires.txt
[2.251s] writing top-level names to ../build/move/move.egg-info/top_level.txt
[2.255s] reading manifest file '../build/move/move.egg-info/SOURCES.txt'
[2.256s] writing manifest file '../build/move/move.egg-info/SOURCES.txt'
[2.257s] running build
[2.257s] running build_py
[2.257s] running install
[2.258s] running install_lib
[2.260s] running install_data
[2.260s] copying launch/launch.py -> /home/kirill/Desktop/robotics/lab5/ex04/install/move/share/move/launch
[2.261s] running install_egg_info
[2.264s] removing '/home/kirill/Desktop/robotics/lab5/ex04/install/move/lib/python3.10/site-packages/move-0.0.0-py3.10.egg-info' (and everything under it)
[2.265s] Copying ../build/move/move.egg-info to /home/kirill/Desktop/robotics/lab5/ex04/install/move/lib/python3.10/site-packages/move-0.0.0-py3.10.egg-info
[2.267s] running install_scripts
[2.307s] Installing move script to /home/kirill/Desktop/robotics/lab5/ex04/install/move/lib/move
[2.307s] writing list of installed files to '/home/kirill/Desktop/robotics/lab5/ex04/build/move/install.log'
[2.356s] Invoked command in '/home/kirill/Desktop/robotics/lab5/ex04/move' returned '0': PYTHONPATH=/home/kirill/Desktop/robotics/lab5/ex04/build/move/prefix_override:/usr/lib/python3/dist-packages/colcon_core/task/python/colcon_distutils_commands:/home/kirill/Desktop/robotics/lab5/ex04/install/move/lib/python3.10/site-packages:${PYTHONPATH} /usr/bin/python3 -W ignore:setup.py install is deprecated setup.py egg_info --egg-base ../build/move build --build-base /home/kirill/Desktop/robotics/lab5/ex04/build/move/build install --record /home/kirill/Desktop/robotics/lab5/ex04/build/move/install.log --single-version-externally-managed install_data
