running egg_info
writing ../build/move/move.egg-info/PKG-INFO
writing dependency_links to ../build/move/move.egg-info/dependency_links.txt
writing entry points to ../build/move/move.egg-info/entry_points.txt
writing requirements to ../build/move/move.egg-info/requires.txt
writing top-level names to ../build/move/move.egg-info/top_level.txt
reading manifest file '../build/move/move.egg-info/SOURCES.txt'
writing manifest file '../build/move/move.egg-info/SOURCES.txt'
running build
running build_py
running install
running install_lib
running install_data
copying launch/launch.py -> /home/kirill/Desktop/robotics/lab5/ex04/install/move/share/move/launch
running install_egg_info
removing '/home/kirill/Desktop/robotics/lab5/ex04/install/move/lib/python3.10/site-packages/move-0.0.0-py3.10.egg-info' (and everything under it)
Copying ../build/move/move.egg-info to /home/kirill/Desktop/robotics/lab5/ex04/install/move/lib/python3.10/site-packages/move-0.0.0-py3.10.egg-info
running install_scripts
Installing move script to /home/kirill/Desktop/robotics/lab5/ex04/install/move/lib/move
writing list of installed files to '/home/kirill/Desktop/robotics/lab5/ex04/build/move/install.log'
