[5.279s] Invoking command in '/mnt/c/Users/atlak/OneDrive/Рабочий стол/labs/ros/lab2/ex03/pekpuch': PYTHONPATH=/mnt/c/Users/atlak/OneDrive/Рабочий стол/labs/ros/lab2/ex03/build/pekpuch/prefix_override:/usr/lib/python3/dist-packages/colcon_core/task/python/colcon_distutils_commands:/mnt/c/Users/atlak/OneDrive/Рабочий стол/labs/ros/lab2/ex03/install/pekpuch/lib/python3.10/site-packages:${PYTHONPATH} /usr/bin/python3 -W ignore:setup.py install is deprecated setup.py egg_info --egg-base ../build/pekpuch build --build-base /mnt/c/Users/atlak/OneDrive/Рабочий стол/labs/ros/lab2/ex03/build/pekpuch/build install --record /mnt/c/Users/atlak/OneDrive/Рабочий стол/labs/ros/lab2/ex03/build/pekpuch/install.log --single-version-externally-managed install_data
[8.675s] running egg_info
[8.689s] writing ../build/pekpuch/pekpuch.egg-info/PKG-INFO
[8.708s] writing dependency_links to ../build/pekpuch/pekpuch.egg-info/dependency_links.txt
[8.726s] writing entry points to ../build/pekpuch/pekpuch.egg-info/entry_points.txt
[8.741s] writing requirements to ../build/pekpuch/pekpuch.egg-info/requires.txt
[8.750s] writing top-level names to ../build/pekpuch/pekpuch.egg-info/top_level.txt
[8.853s] reading manifest file '../build/pekpuch/pekpuch.egg-info/SOURCES.txt'
[9.021s] writing manifest file '../build/pekpuch/pekpuch.egg-info/SOURCES.txt'
[9.029s] running build
[9.032s] running build_py
[9.074s] running install
[9.076s] running install_lib
[9.228s] running install_data
[9.292s] running install_egg_info
[9.320s] removing '/mnt/c/Users/atlak/OneDrive/Рабочий стол/labs/ros/lab2/ex03/install/pekpuch/lib/python3.10/site-packages/pekpuch-0.0.0-py3.10.egg-info' (and everything under it)
[9.471s] Copying ../build/pekpuch/pekpuch.egg-info to /mnt/c/Users/atlak/OneDrive/Рабочий стол/labs/ros/lab2/ex03/install/pekpuch/lib/python3.10/site-packages/pekpuch-0.0.0-py3.10.egg-info
[10.015s] running install_scripts
[10.179s] writing list of installed files to '/mnt/c/Users/atlak/OneDrive/Рабочий стол/labs/ros/lab2/ex03/build/pekpuch/install.log'
[10.226s] Invoked command in '/mnt/c/Users/atlak/OneDrive/Рабочий стол/labs/ros/lab2/ex03/pekpuch' returned '0': PYTHONPATH=/mnt/c/Users/atlak/OneDrive/Рабочий стол/labs/ros/lab2/ex03/build/pekpuch/prefix_override:/usr/lib/python3/dist-packages/colcon_core/task/python/colcon_distutils_commands:/mnt/c/Users/atlak/OneDrive/Рабочий стол/labs/ros/lab2/ex03/install/pekpuch/lib/python3.10/site-packages:${PYTHONPATH} /usr/bin/python3 -W ignore:setup.py install is deprecated setup.py egg_info --egg-base ../build/pekpuch build --build-base /mnt/c/Users/atlak/OneDrive/Рабочий стол/labs/ros/lab2/ex03/build/pekpuch/build install --record /mnt/c/Users/atlak/OneDrive/Рабочий стол/labs/ros/lab2/ex03/build/pekpuch/install.log --single-version-externally-managed install_data
