[1.652s] DEBUG:colcon:Command line arguments: ['/usr/bin/colcon', 'build']
[1.653s] DEBUG:colcon:Parsed command line arguments: Namespace(log_base=None, log_level=None, verb_name='build', build_base='build', install_base='install', merge_install=False, symlink_install=False, test_result_base=None, continue_on_error=False, executor='parallel', parallel_workers=4, event_handlers=None, ignore_user_meta=False, metas=['./colcon.meta'], base_paths=['.'], packages_ignore=None, packages_ignore_regex=None, paths=None, packages_up_to=None, packages_up_to_regex=None, packages_above=None, packages_above_and_dependencies=None, packages_above_depth=None, packages_select_by_dep=None, packages_skip_by_dep=None, packages_skip_up_to=None, packages_select_build_failed=False, packages_skip_build_finished=False, packages_select_test_failures=False, packages_skip_test_passed=False, packages_select=None, packages_skip=None, packages_select_regex=None, packages_skip_regex=None, packages_start=None, packages_end=None, allow_overriding=[], cmake_args=None, cmake_target=None, cmake_target_skip_unavailable=False, cmake_clean_cache=False, cmake_clean_first=False, cmake_force_configure=False, ament_cmake_args=None, catkin_cmake_args=None, catkin_skip_building_tests=False, mixin_files=None, mixin=None, verb_parser=<colcon_mixin.mixin.mixin_argument.MixinArgumentDecorator object at 0x791678f36620>, verb_extension=<colcon_core.verb.build.BuildVerb object at 0x79167903a620>, main=<bound method BuildVerb.main of <colcon_core.verb.build.BuildVerb object at 0x79167903a620>>, mixin_verb=('build',))
[7.704s] Level 1:colcon.colcon_core.package_discovery:discover_packages(colcon_meta) check parameters
[7.704s] Level 1:colcon.colcon_core.package_discovery:discover_packages(recursive) check parameters
[7.705s] Level 1:colcon.colcon_core.package_discovery:discover_packages(ignore) check parameters
[7.705s] Level 1:colcon.colcon_core.package_discovery:discover_packages(path) check parameters
[7.705s] Level 1:colcon.colcon_core.package_discovery:discover_packages(colcon_meta) discover
[7.705s] Level 1:colcon.colcon_core.package_discovery:discover_packages(recursive) discover
[7.705s] INFO:colcon.colcon_core.package_discovery:Crawling recursively for packages in '/home/kirill/Desktop/robotics/lab3/ex02/action_turtle/src'
[7.706s] Level 1:colcon.colcon_core.package_identification:_identify(.) by extensions ['ignore', 'ignore_ament_install']
[7.706s] Level 1:colcon.colcon_core.package_identification:_identify(.) by extension 'ignore'
[7.707s] Level 1:colcon.colcon_core.package_identification:_identify(.) by extension 'ignore_ament_install'
[7.707s] Level 1:colcon.colcon_core.package_identification:_identify(.) by extensions ['colcon_pkg']
[7.707s] Level 1:colcon.colcon_core.package_identification:_identify(.) by extension 'colcon_pkg'
[7.708s] Level 1:colcon.colcon_core.package_identification:_identify(.) by extensions ['colcon_meta']
[7.708s] Level 1:colcon.colcon_core.package_identification:_identify(.) by extension 'colcon_meta'
[7.708s] Level 1:colcon.colcon_core.package_identification:_identify(.) by extensions ['ros']
[7.708s] Level 1:colcon.colcon_core.package_identification:_identify(.) by extension 'ros'
[7.763s] Level 1:colcon.colcon_core.package_identification:_identify(.) by extensions ['cmake', 'python']
[7.763s] Level 1:colcon.colcon_core.package_identification:_identify(.) by extension 'cmake'
[7.764s] Level 1:colcon.colcon_core.package_identification:_identify(.) by extension 'python'
[7.764s] Level 1:colcon.colcon_core.package_identification:_identify(.) by extensions ['python_setup_py']
[7.764s] Level 1:colcon.colcon_core.package_identification:_identify(.) by extension 'python_setup_py'
[7.764s] Level 1:colcon.colcon_core.package_identification:_identify(actions_help) by extensions ['ignore', 'ignore_ament_install']
[7.765s] Level 1:colcon.colcon_core.package_identification:_identify(actions_help) by extension 'ignore'
[7.765s] Level 1:colcon.colcon_core.package_identification:_identify(actions_help) by extension 'ignore_ament_install'
[7.765s] Level 1:colcon.colcon_core.package_identification:_identify(actions_help) by extensions ['colcon_pkg']
[7.765s] Level 1:colcon.colcon_core.package_identification:_identify(actions_help) by extension 'colcon_pkg'
[7.765s] Level 1:colcon.colcon_core.package_identification:_identify(actions_help) by extensions ['colcon_meta']
[7.765s] Level 1:colcon.colcon_core.package_identification:_identify(actions_help) by extension 'colcon_meta'
[7.766s] Level 1:colcon.colcon_core.package_identification:_identify(actions_help) by extensions ['ros']
[7.766s] Level 1:colcon.colcon_core.package_identification:_identify(actions_help) by extension 'ros'
[7.809s] DEBUG:colcon.colcon_core.package_identification:Package 'actions_help' with type 'ros.ament_cmake' and name 'actions_help'
[7.809s] Level 1:colcon.colcon_core.package_identification:_identify(build) by extensions ['ignore', 'ignore_ament_install']
[7.810s] Level 1:colcon.colcon_core.package_identification:_identify(build) by extension 'ignore'
[7.810s] Level 1:colcon.colcon_core.package_identification:_identify(build) ignored
[7.810s] Level 1:colcon.colcon_core.package_identification:_identify(install) by extensions ['ignore', 'ignore_ament_install']
[7.811s] Level 1:colcon.colcon_core.package_identification:_identify(install) by extension 'ignore'
[7.811s] Level 1:colcon.colcon_core.package_identification:_identify(install) ignored
[7.811s] Level 1:colcon.colcon_core.package_identification:_identify(log) by extensions ['ignore', 'ignore_ament_install']
[7.812s] Level 1:colcon.colcon_core.package_identification:_identify(log) by extension 'ignore'
[7.812s] Level 1:colcon.colcon_core.package_identification:_identify(log) ignored
[7.812s] Level 1:colcon.colcon_core.package_discovery:discover_packages(recursive) using defaults
[7.812s] Level 1:colcon.colcon_core.package_discovery:discover_packages(ignore) discover
[7.812s] Level 1:colcon.colcon_core.package_discovery:discover_packages(ignore) using defaults
[7.813s] Level 1:colcon.colcon_core.package_discovery:discover_packages(path) discover
[7.813s] Level 1:colcon.colcon_core.package_discovery:discover_packages(path) using defaults
[8.270s] Level 1:colcon.colcon_core.package_discovery:discover_packages(prefix_path) check parameters
[8.271s] Level 1:colcon.colcon_core.package_discovery:discover_packages(prefix_path) discover
[8.349s] DEBUG:colcon.colcon_installed_package_information.package_discovery:Found 1 installed packages in /home/kirill/Desktop/robotics/help/install
[8.351s] DEBUG:colcon.colcon_installed_package_information.package_discovery:Found 1 installed packages in /home/kirill/Desktop/robotics/lab3/ex01/install
[8.359s] DEBUG:colcon.colcon_installed_package_information.package_discovery:Found 270 installed packages in /opt/ros/humble
[8.369s] Level 1:colcon.colcon_core.package_discovery:discover_packages(prefix_path) using defaults
[8.594s] Level 5:colcon.colcon_core.verb:set package 'actions_help' build argument 'cmake_args' from command line to 'None'
[8.594s] Level 5:colcon.colcon_core.verb:set package 'actions_help' build argument 'cmake_target' from command line to 'None'
[8.594s] Level 5:colcon.colcon_core.verb:set package 'actions_help' build argument 'cmake_target_skip_unavailable' from command line to 'False'
[8.594s] Level 5:colcon.colcon_core.verb:set package 'actions_help' build argument 'cmake_clean_cache' from command line to 'False'
[8.594s] Level 5:colcon.colcon_core.verb:set package 'actions_help' build argument 'cmake_clean_first' from command line to 'False'
[8.594s] Level 5:colcon.colcon_core.verb:set package 'actions_help' build argument 'cmake_force_configure' from command line to 'False'
[8.594s] Level 5:colcon.colcon_core.verb:set package 'actions_help' build argument 'ament_cmake_args' from command line to 'None'
[8.594s] Level 5:colcon.colcon_core.verb:set package 'actions_help' build argument 'catkin_cmake_args' from command line to 'None'
[8.594s] Level 5:colcon.colcon_core.verb:set package 'actions_help' build argument 'catkin_skip_building_tests' from command line to 'False'
[8.595s] DEBUG:colcon.colcon_core.verb:Building package 'actions_help' with the following arguments: {'ament_cmake_args': None, 'build_base': '/home/kirill/Desktop/robotics/lab3/ex02/action_turtle/src/build/actions_help', 'catkin_cmake_args': None, 'catkin_skip_building_tests': False, 'cmake_args': None, 'cmake_clean_cache': False, 'cmake_clean_first': False, 'cmake_force_configure': False, 'cmake_target': None, 'cmake_target_skip_unavailable': False, 'install_base': '/home/kirill/Desktop/robotics/lab3/ex02/action_turtle/src/install/actions_help', 'merge_install': False, 'path': '/home/kirill/Desktop/robotics/lab3/ex02/action_turtle/src/actions_help', 'symlink_install': False, 'test_result_base': None}
[8.595s] INFO:colcon.colcon_core.executor:Executing jobs using 'parallel' executor
[8.597s] DEBUG:colcon.colcon_parallel_executor.executor.parallel:run_until_complete
[8.597s] INFO:colcon.colcon_ros.task.ament_cmake.build:Building ROS package in '/home/kirill/Desktop/robotics/lab3/ex02/action_turtle/src/actions_help' with build type 'ament_cmake'
[8.598s] INFO:colcon.colcon_cmake.task.cmake.build:Building CMake package in '/home/kirill/Desktop/robotics/lab3/ex02/action_turtle/src/actions_help'
[8.665s] INFO:colcon.colcon_core.plugin_system:Skipping extension 'colcon_core.shell.bat': Not used on non-Windows systems
[8.666s] INFO:colcon.colcon_core.shell:Skip shell extension 'powershell' for command environment: Not usable outside of PowerShell
[8.667s] DEBUG:colcon.colcon_core.shell:Skip shell extension 'dsv' for command environment
[8.709s] DEBUG:colcon.colcon_core.event_handler.log_command:Invoking command in '/home/kirill/Desktop/robotics/lab3/ex02/action_turtle/src/build/actions_help': CMAKE_PREFIX_PATH=${CMAKE_PREFIX_PATH}:/home/kirill/Desktop/robotics/lab3/ex01/install/service_full_name:/opt/ros/humble /usr/bin/cmake /home/kirill/Desktop/robotics/lab3/ex02/action_turtle/src/actions_help -DCMAKE_INSTALL_PREFIX=/home/kirill/Desktop/robotics/lab3/ex02/action_turtle/src/install/actions_help
[14.575s] DEBUG:colcon.colcon_core.event_handler.log_command:Invoked command in '/home/kirill/Desktop/robotics/lab3/ex02/action_turtle/src/build/actions_help' returned '0': CMAKE_PREFIX_PATH=${CMAKE_PREFIX_PATH}:/home/kirill/Desktop/robotics/lab3/ex01/install/service_full_name:/opt/ros/humble /usr/bin/cmake /home/kirill/Desktop/robotics/lab3/ex02/action_turtle/src/actions_help -DCMAKE_INSTALL_PREFIX=/home/kirill/Desktop/robotics/lab3/ex02/action_turtle/src/install/actions_help
[14.585s] DEBUG:colcon.colcon_core.event_handler.log_command:Invoking command in '/home/kirill/Desktop/robotics/lab3/ex02/action_turtle/src/build/actions_help': CMAKE_PREFIX_PATH=${CMAKE_PREFIX_PATH}:/home/kirill/Desktop/robotics/lab3/ex01/install/service_full_name:/opt/ros/humble /usr/bin/cmake --build /home/kirill/Desktop/robotics/lab3/ex02/action_turtle/src/build/actions_help -- -j4 -l4
[14.658s] DEBUG:colcon.colcon_core.event_handler.log_command:Invoked command in '/home/kirill/Desktop/robotics/lab3/ex02/action_turtle/src/build/actions_help' returned '0': CMAKE_PREFIX_PATH=${CMAKE_PREFIX_PATH}:/home/kirill/Desktop/robotics/lab3/ex01/install/service_full_name:/opt/ros/humble /usr/bin/cmake --build /home/kirill/Desktop/robotics/lab3/ex02/action_turtle/src/build/actions_help -- -j4 -l4
[14.719s] DEBUG:colcon.colcon_core.event_handler.log_command:Invoking command in '/home/kirill/Desktop/robotics/lab3/ex02/action_turtle/src/build/actions_help': CMAKE_PREFIX_PATH=${CMAKE_PREFIX_PATH}:/home/kirill/Desktop/robotics/lab3/ex01/install/service_full_name:/opt/ros/humble /usr/bin/cmake --install /home/kirill/Desktop/robotics/lab3/ex02/action_turtle/src/build/actions_help
[14.739s] Level 1:colcon.colcon_core.environment:create_environment_scripts_only(actions_help)
[14.741s] DEBUG:colcon.colcon_core.event_handler.log_command:Invoked command in '/home/kirill/Desktop/robotics/lab3/ex02/action_turtle/src/build/actions_help' returned '0': CMAKE_PREFIX_PATH=${CMAKE_PREFIX_PATH}:/home/kirill/Desktop/robotics/lab3/ex01/install/service_full_name:/opt/ros/humble /usr/bin/cmake --install /home/kirill/Desktop/robotics/lab3/ex02/action_turtle/src/build/actions_help
[14.859s] Level 1:colcon.colcon_core.environment:checking '/home/kirill/Desktop/robotics/lab3/ex02/action_turtle/src/install/actions_help' for CMake module files
[14.863s] Level 1:colcon.colcon_core.environment:checking '/home/kirill/Desktop/robotics/lab3/ex02/action_turtle/src/install/actions_help' for CMake config files
[14.863s] Level 1:colcon.colcon_core.shell:create_environment_hook('actions_help', 'cmake_prefix_path')
[14.865s] INFO:colcon.colcon_core.shell:Creating environment hook '/home/kirill/Desktop/robotics/lab3/ex02/action_turtle/src/install/actions_help/share/actions_help/hook/cmake_prefix_path.ps1'
[14.878s] INFO:colcon.colcon_core.shell:Creating environment descriptor '/home/kirill/Desktop/robotics/lab3/ex02/action_turtle/src/install/actions_help/share/actions_help/hook/cmake_prefix_path.dsv'
[14.886s] INFO:colcon.colcon_core.shell:Creating environment hook '/home/kirill/Desktop/robotics/lab3/ex02/action_turtle/src/install/actions_help/share/actions_help/hook/cmake_prefix_path.sh'
[14.890s] Level 1:colcon.colcon_core.environment:checking '/home/kirill/Desktop/robotics/lab3/ex02/action_turtle/src/install/actions_help/bin'
[14.890s] Level 1:colcon.colcon_core.environment:checking '/home/kirill/Desktop/robotics/lab3/ex02/action_turtle/src/install/actions_help/lib/pkgconfig/actions_help.pc'
[14.892s] Level 1:colcon.colcon_core.environment:checking '/home/kirill/Desktop/robotics/lab3/ex02/action_turtle/src/install/actions_help/lib/python3.10/site-packages'
[14.893s] Level 1:colcon.colcon_core.environment:checking '/home/kirill/Desktop/robotics/lab3/ex02/action_turtle/src/install/actions_help/bin'
[14.894s] INFO:colcon.colcon_core.shell:Creating package script '/home/kirill/Desktop/robotics/lab3/ex02/action_turtle/src/install/actions_help/share/actions_help/package.ps1'
[14.899s] INFO:colcon.colcon_core.shell:Creating package descriptor '/home/kirill/Desktop/robotics/lab3/ex02/action_turtle/src/install/actions_help/share/actions_help/package.dsv'
[14.901s] INFO:colcon.colcon_core.shell:Creating package script '/home/kirill/Desktop/robotics/lab3/ex02/action_turtle/src/install/actions_help/share/actions_help/package.sh'
[14.905s] INFO:colcon.colcon_core.shell:Creating package script '/home/kirill/Desktop/robotics/lab3/ex02/action_turtle/src/install/actions_help/share/actions_help/package.bash'
[14.965s] INFO:colcon.colcon_core.shell:Creating package script '/home/kirill/Desktop/robotics/lab3/ex02/action_turtle/src/install/actions_help/share/actions_help/package.zsh'
[14.981s] Level 1:colcon.colcon_core.environment:create_file_with_runtime_dependencies(/home/kirill/Desktop/robotics/lab3/ex02/action_turtle/src/install/actions_help/share/colcon-core/packages/actions_help)
[15.028s] Level 1:colcon.colcon_core.environment:create_environment_scripts_only(actions_help)
[15.028s] Level 1:colcon.colcon_core.environment:checking '/home/kirill/Desktop/robotics/lab3/ex02/action_turtle/src/install/actions_help' for CMake module files
[15.030s] Level 1:colcon.colcon_core.environment:checking '/home/kirill/Desktop/robotics/lab3/ex02/action_turtle/src/install/actions_help' for CMake config files
[15.030s] Level 1:colcon.colcon_core.shell:create_environment_hook('actions_help', 'cmake_prefix_path')
[15.031s] INFO:colcon.colcon_core.shell:Creating environment hook '/home/kirill/Desktop/robotics/lab3/ex02/action_turtle/src/install/actions_help/share/actions_help/hook/cmake_prefix_path.ps1'
[15.032s] INFO:colcon.colcon_core.shell:Creating environment descriptor '/home/kirill/Desktop/robotics/lab3/ex02/action_turtle/src/install/actions_help/share/actions_help/hook/cmake_prefix_path.dsv'
[15.032s] INFO:colcon.colcon_core.shell:Creating environment hook '/home/kirill/Desktop/robotics/lab3/ex02/action_turtle/src/install/actions_help/share/actions_help/hook/cmake_prefix_path.sh'
[15.033s] Level 1:colcon.colcon_core.environment:checking '/home/kirill/Desktop/robotics/lab3/ex02/action_turtle/src/install/actions_help/bin'
[15.034s] Level 1:colcon.colcon_core.environment:checking '/home/kirill/Desktop/robotics/lab3/ex02/action_turtle/src/install/actions_help/lib/pkgconfig/actions_help.pc'
[15.034s] Level 1:colcon.colcon_core.environment:checking '/home/kirill/Desktop/robotics/lab3/ex02/action_turtle/src/install/actions_help/lib/python3.10/site-packages'
[15.035s] Level 1:colcon.colcon_core.environment:checking '/home/kirill/Desktop/robotics/lab3/ex02/action_turtle/src/install/actions_help/bin'
[15.035s] INFO:colcon.colcon_core.shell:Creating package script '/home/kirill/Desktop/robotics/lab3/ex02/action_turtle/src/install/actions_help/share/actions_help/package.ps1'
[15.036s] INFO:colcon.colcon_core.shell:Creating package descriptor '/home/kirill/Desktop/robotics/lab3/ex02/action_turtle/src/install/actions_help/share/actions_help/package.dsv'
[15.038s] INFO:colcon.colcon_core.shell:Creating package script '/home/kirill/Desktop/robotics/lab3/ex02/action_turtle/src/install/actions_help/share/actions_help/package.sh'
[15.039s] INFO:colcon.colcon_core.shell:Creating package script '/home/kirill/Desktop/robotics/lab3/ex02/action_turtle/src/install/actions_help/share/actions_help/package.bash'
[15.039s] INFO:colcon.colcon_core.shell:Creating package script '/home/kirill/Desktop/robotics/lab3/ex02/action_turtle/src/install/actions_help/share/actions_help/package.zsh'
[15.040s] Level 1:colcon.colcon_core.environment:create_file_with_runtime_dependencies(/home/kirill/Desktop/robotics/lab3/ex02/action_turtle/src/install/actions_help/share/colcon-core/packages/actions_help)
[15.041s] DEBUG:colcon.colcon_parallel_executor.executor.parallel:closing loop
[15.042s] DEBUG:colcon.colcon_parallel_executor.executor.parallel:loop closed
[15.042s] DEBUG:colcon.colcon_parallel_executor.executor.parallel:run_until_complete finished with '0'
[15.042s] DEBUG:colcon.colcon_core.event_reactor:joining thread
[15.109s] INFO:colcon.colcon_core.plugin_system:Skipping extension 'colcon_notification.desktop_notification.notify_send': Could not find 'notify-send'
[15.110s] INFO:colcon.colcon_core.plugin_system:Skipping extension 'colcon_notification.desktop_notification.terminal_notifier': Not used on non-Darwin systems
[15.110s] INFO:colcon.colcon_core.plugin_system:Skipping extension 'colcon_notification.desktop_notification.win32': Not used on non-Windows systems
[15.110s] INFO:colcon.colcon_notification.desktop_notification:Sending desktop notification using 'notify2'
[15.136s] DEBUG:colcon.colcon_core.event_reactor:joined thread
[15.138s] INFO:colcon.colcon_core.shell:Creating prefix script '/home/kirill/Desktop/robotics/lab3/ex02/action_turtle/src/install/local_setup.ps1'
[15.144s] INFO:colcon.colcon_core.shell:Creating prefix util module '/home/kirill/Desktop/robotics/lab3/ex02/action_turtle/src/install/_local_setup_util_ps1.py'
[15.153s] INFO:colcon.colcon_core.shell:Creating prefix chain script '/home/kirill/Desktop/robotics/lab3/ex02/action_turtle/src/install/setup.ps1'
[15.158s] INFO:colcon.colcon_core.shell:Creating prefix script '/home/kirill/Desktop/robotics/lab3/ex02/action_turtle/src/install/local_setup.sh'
[15.161s] INFO:colcon.colcon_core.shell:Creating prefix util module '/home/kirill/Desktop/robotics/lab3/ex02/action_turtle/src/install/_local_setup_util_sh.py'
[15.163s] INFO:colcon.colcon_core.shell:Creating prefix chain script '/home/kirill/Desktop/robotics/lab3/ex02/action_turtle/src/install/setup.sh'
[15.169s] INFO:colcon.colcon_core.shell:Creating prefix script '/home/kirill/Desktop/robotics/lab3/ex02/action_turtle/src/install/local_setup.bash'
[15.172s] INFO:colcon.colcon_core.shell:Creating prefix chain script '/home/kirill/Desktop/robotics/lab3/ex02/action_turtle/src/install/setup.bash'
[15.178s] INFO:colcon.colcon_core.shell:Creating prefix script '/home/kirill/Desktop/robotics/lab3/ex02/action_turtle/src/install/local_setup.zsh'
[15.180s] INFO:colcon.colcon_core.shell:Creating prefix chain script '/home/kirill/Desktop/robotics/lab3/ex02/action_turtle/src/install/setup.zsh'
