[1.483s] DEBUG:colcon:Command line arguments: ['/usr/bin/colcon', 'build']
[1.483s] DEBUG:colcon:Parsed command line arguments: Namespace(log_base=None, log_level=None, verb_name='build', build_base='build', install_base='install', merge_install=False, symlink_install=False, test_result_base=None, continue_on_error=False, executor='parallel', parallel_workers=4, event_handlers=None, ignore_user_meta=False, metas=['./colcon.meta'], base_paths=['.'], packages_ignore=None, packages_ignore_regex=None, paths=None, packages_up_to=None, packages_up_to_regex=None, packages_above=None, packages_above_and_dependencies=None, packages_above_depth=None, packages_select_by_dep=None, packages_skip_by_dep=None, packages_skip_up_to=None, packages_select_build_failed=False, packages_skip_build_finished=False, packages_select_test_failures=False, packages_skip_test_passed=False, packages_select=None, packages_skip=None, packages_select_regex=None, packages_skip_regex=None, packages_start=None, packages_end=None, allow_overriding=[], cmake_args=None, cmake_target=None, cmake_target_skip_unavailable=False, cmake_clean_cache=False, cmake_clean_first=False, cmake_force_configure=False, ament_cmake_args=None, catkin_cmake_args=None, catkin_skip_building_tests=False, mixin_files=None, mixin=None, verb_parser=<colcon_mixin.mixin.mixin_argument.MixinArgumentDecorator object at 0x7653667ba590>, verb_extension=<colcon_core.verb.build.BuildVerb object at 0x7653668c6590>, main=<bound method BuildVerb.main of <colcon_core.verb.build.BuildVerb object at 0x7653668c6590>>, mixin_verb=('build',))
[7.839s] Level 1:colcon.colcon_core.package_discovery:discover_packages(colcon_meta) check parameters
[7.839s] Level 1:colcon.colcon_core.package_discovery:discover_packages(recursive) check parameters
[7.839s] Level 1:colcon.colcon_core.package_discovery:discover_packages(ignore) check parameters
[7.839s] Level 1:colcon.colcon_core.package_discovery:discover_packages(path) check parameters
[7.839s] Level 1:colcon.colcon_core.package_discovery:discover_packages(colcon_meta) discover
[7.840s] Level 1:colcon.colcon_core.package_discovery:discover_packages(recursive) discover
[7.840s] INFO:colcon.colcon_core.package_discovery:Crawling recursively for packages in '/home/kirill/Desktop/robotics/lab4/ex02/morkovka'
[7.840s] Level 1:colcon.colcon_core.package_identification:_identify(.) by extensions ['ignore', 'ignore_ament_install']
[7.840s] Level 1:colcon.colcon_core.package_identification:_identify(.) by extension 'ignore'
[7.840s] Level 1:colcon.colcon_core.package_identification:_identify(.) by extension 'ignore_ament_install'
[7.840s] Level 1:colcon.colcon_core.package_identification:_identify(.) by extensions ['colcon_pkg']
[7.841s] Level 1:colcon.colcon_core.package_identification:_identify(.) by extension 'colcon_pkg'
[7.841s] Level 1:colcon.colcon_core.package_identification:_identify(.) by extensions ['colcon_meta']
[7.841s] Level 1:colcon.colcon_core.package_identification:_identify(.) by extension 'colcon_meta'
[7.841s] Level 1:colcon.colcon_core.package_identification:_identify(.) by extensions ['ros']
[7.841s] Level 1:colcon.colcon_core.package_identification:_identify(.) by extension 'ros'
[7.887s] DEBUG:colcon.colcon_core.package_identification:Package '.' with type 'ros.ament_python' and name 'morkovka'
[7.887s] Level 1:colcon.colcon_core.package_discovery:discover_packages(recursive) using defaults
[7.888s] Level 1:colcon.colcon_core.package_discovery:discover_packages(ignore) discover
[7.888s] Level 1:colcon.colcon_core.package_discovery:discover_packages(ignore) using defaults
[7.888s] Level 1:colcon.colcon_core.package_discovery:discover_packages(path) discover
[7.888s] Level 1:colcon.colcon_core.package_discovery:discover_packages(path) using defaults
[8.515s] Level 1:colcon.colcon_core.package_discovery:discover_packages(prefix_path) check parameters
[8.516s] Level 1:colcon.colcon_core.package_discovery:discover_packages(prefix_path) discover
[8.572s] DEBUG:colcon.colcon_installed_package_information.package_discovery:Found 271 installed packages in /opt/ros/humble
[8.580s] Level 1:colcon.colcon_core.package_discovery:discover_packages(prefix_path) using defaults
[8.721s] Level 5:colcon.colcon_core.verb:set package 'morkovka' build argument 'cmake_args' from command line to 'None'
[8.721s] Level 5:colcon.colcon_core.verb:set package 'morkovka' build argument 'cmake_target' from command line to 'None'
[8.721s] Level 5:colcon.colcon_core.verb:set package 'morkovka' build argument 'cmake_target_skip_unavailable' from command line to 'False'
[8.721s] Level 5:colcon.colcon_core.verb:set package 'morkovka' build argument 'cmake_clean_cache' from command line to 'False'
[8.721s] Level 5:colcon.colcon_core.verb:set package 'morkovka' build argument 'cmake_clean_first' from command line to 'False'
[8.722s] Level 5:colcon.colcon_core.verb:set package 'morkovka' build argument 'cmake_force_configure' from command line to 'False'
[8.722s] Level 5:colcon.colcon_core.verb:set package 'morkovka' build argument 'ament_cmake_args' from command line to 'None'
[8.722s] Level 5:colcon.colcon_core.verb:set package 'morkovka' build argument 'catkin_cmake_args' from command line to 'None'
[8.722s] Level 5:colcon.colcon_core.verb:set package 'morkovka' build argument 'catkin_skip_building_tests' from command line to 'False'
[8.722s] DEBUG:colcon.colcon_core.verb:Building package 'morkovka' with the following arguments: {'ament_cmake_args': None, 'build_base': '/home/kirill/Desktop/robotics/lab4/ex02/morkovka/build/morkovka', 'catkin_cmake_args': None, 'catkin_skip_building_tests': False, 'cmake_args': None, 'cmake_clean_cache': False, 'cmake_clean_first': False, 'cmake_force_configure': False, 'cmake_target': None, 'cmake_target_skip_unavailable': False, 'install_base': '/home/kirill/Desktop/robotics/lab4/ex02/morkovka/install/morkovka', 'merge_install': False, 'path': '/home/kirill/Desktop/robotics/lab4/ex02/morkovka', 'symlink_install': False, 'test_result_base': None}
[8.723s] INFO:colcon.colcon_core.executor:Executing jobs using 'parallel' executor
[8.726s] DEBUG:colcon.colcon_parallel_executor.executor.parallel:run_until_complete
[8.726s] INFO:colcon.colcon_ros.task.ament_python.build:Building ROS package in '/home/kirill/Desktop/robotics/lab4/ex02/morkovka' with build type 'ament_python'
[8.727s] Level 1:colcon.colcon_core.shell:create_environment_hook('morkovka', 'ament_prefix_path')
[8.752s] INFO:colcon.colcon_core.plugin_system:Skipping extension 'colcon_core.shell.bat': Not used on non-Windows systems
[8.753s] INFO:colcon.colcon_core.shell:Creating environment hook '/home/kirill/Desktop/robotics/lab4/ex02/morkovka/install/morkovka/share/morkovka/hook/ament_prefix_path.ps1'
[8.776s] INFO:colcon.colcon_core.shell:Creating environment descriptor '/home/kirill/Desktop/robotics/lab4/ex02/morkovka/install/morkovka/share/morkovka/hook/ament_prefix_path.dsv'
[8.795s] INFO:colcon.colcon_core.shell:Creating environment hook '/home/kirill/Desktop/robotics/lab4/ex02/morkovka/install/morkovka/share/morkovka/hook/ament_prefix_path.sh'
[8.798s] INFO:colcon.colcon_core.shell:Skip shell extension 'powershell' for command environment: Not usable outside of PowerShell
[8.798s] DEBUG:colcon.colcon_core.shell:Skip shell extension 'dsv' for command environment
[9.388s] INFO:colcon.colcon_core.task.python.build:Building Python package in '/home/kirill/Desktop/robotics/lab4/ex02/morkovka'
[9.388s] INFO:colcon.colcon_core.shell:Skip shell extension 'powershell' for command environment: Not usable outside of PowerShell
[9.389s] DEBUG:colcon.colcon_core.shell:Skip shell extension 'dsv' for command environment
[11.022s] DEBUG:colcon.colcon_core.event_handler.log_command:Invoking command in '/home/kirill/Desktop/robotics/lab4/ex02/morkovka': PYTHONPATH=/home/kirill/Desktop/robotics/lab4/ex02/morkovka/build/morkovka/prefix_override:/usr/lib/python3/dist-packages/colcon_core/task/python/colcon_distutils_commands:/home/kirill/Desktop/robotics/lab4/ex02/morkovka/install/morkovka/lib/python3.10/site-packages:${PYTHONPATH} /usr/bin/python3 -W ignore:setup.py install is deprecated setup.py egg_info --egg-base build/morkovka build --build-base /home/kirill/Desktop/robotics/lab4/ex02/morkovka/build/morkovka/build install --record /home/kirill/Desktop/robotics/lab4/ex02/morkovka/build/morkovka/install.log --single-version-externally-managed install_data
[11.832s] DEBUG:colcon.colcon_core.event_handler.log_command:Invoked command in '/home/kirill/Desktop/robotics/lab4/ex02/morkovka' returned '0': PYTHONPATH=/home/kirill/Desktop/robotics/lab4/ex02/morkovka/build/morkovka/prefix_override:/usr/lib/python3/dist-packages/colcon_core/task/python/colcon_distutils_commands:/home/kirill/Desktop/robotics/lab4/ex02/morkovka/install/morkovka/lib/python3.10/site-packages:${PYTHONPATH} /usr/bin/python3 -W ignore:setup.py install is deprecated setup.py egg_info --egg-base build/morkovka build --build-base /home/kirill/Desktop/robotics/lab4/ex02/morkovka/build/morkovka/build install --record /home/kirill/Desktop/robotics/lab4/ex02/morkovka/build/morkovka/install.log --single-version-externally-managed install_data
[12.037s] Level 1:colcon.colcon_core.environment:checking '/home/kirill/Desktop/robotics/lab4/ex02/morkovka/install/morkovka' for CMake module files
[12.038s] Level 1:colcon.colcon_core.environment:checking '/home/kirill/Desktop/robotics/lab4/ex02/morkovka/install/morkovka' for CMake config files
[12.040s] Level 1:colcon.colcon_core.environment:checking '/home/kirill/Desktop/robotics/lab4/ex02/morkovka/install/morkovka/lib'
[12.040s] Level 1:colcon.colcon_core.environment:checking '/home/kirill/Desktop/robotics/lab4/ex02/morkovka/install/morkovka/bin'
[12.040s] Level 1:colcon.colcon_core.environment:checking '/home/kirill/Desktop/robotics/lab4/ex02/morkovka/install/morkovka/lib/pkgconfig/morkovka.pc'
[12.041s] Level 1:colcon.colcon_core.environment:checking '/home/kirill/Desktop/robotics/lab4/ex02/morkovka/install/morkovka/lib/python3.10/site-packages'
[12.041s] Level 1:colcon.colcon_core.shell:create_environment_hook('morkovka', 'pythonpath')
[12.042s] INFO:colcon.colcon_core.shell:Creating environment hook '/home/kirill/Desktop/robotics/lab4/ex02/morkovka/install/morkovka/share/morkovka/hook/pythonpath.ps1'
[12.043s] INFO:colcon.colcon_core.shell:Creating environment descriptor '/home/kirill/Desktop/robotics/lab4/ex02/morkovka/install/morkovka/share/morkovka/hook/pythonpath.dsv'
[12.044s] INFO:colcon.colcon_core.shell:Creating environment hook '/home/kirill/Desktop/robotics/lab4/ex02/morkovka/install/morkovka/share/morkovka/hook/pythonpath.sh'
[12.046s] Level 1:colcon.colcon_core.environment:checking '/home/kirill/Desktop/robotics/lab4/ex02/morkovka/install/morkovka/bin'
[12.046s] Level 1:colcon.colcon_core.environment:create_environment_scripts_only(morkovka)
[12.047s] INFO:colcon.colcon_core.shell:Creating package script '/home/kirill/Desktop/robotics/lab4/ex02/morkovka/install/morkovka/share/morkovka/package.ps1'
[12.059s] INFO:colcon.colcon_core.shell:Creating package descriptor '/home/kirill/Desktop/robotics/lab4/ex02/morkovka/install/morkovka/share/morkovka/package.dsv'
[12.081s] INFO:colcon.colcon_core.shell:Creating package script '/home/kirill/Desktop/robotics/lab4/ex02/morkovka/install/morkovka/share/morkovka/package.sh'
[12.084s] INFO:colcon.colcon_core.shell:Creating package script '/home/kirill/Desktop/robotics/lab4/ex02/morkovka/install/morkovka/share/morkovka/package.bash'
[12.158s] INFO:colcon.colcon_core.shell:Creating package script '/home/kirill/Desktop/robotics/lab4/ex02/morkovka/install/morkovka/share/morkovka/package.zsh'
[12.174s] Level 1:colcon.colcon_core.environment:create_file_with_runtime_dependencies(/home/kirill/Desktop/robotics/lab4/ex02/morkovka/install/morkovka/share/colcon-core/packages/morkovka)
[12.175s] DEBUG:colcon.colcon_parallel_executor.executor.parallel:closing loop
[12.176s] DEBUG:colcon.colcon_parallel_executor.executor.parallel:loop closed
[12.176s] DEBUG:colcon.colcon_parallel_executor.executor.parallel:run_until_complete finished with '0'
[12.176s] DEBUG:colcon.colcon_core.event_reactor:joining thread
[12.212s] INFO:colcon.colcon_core.plugin_system:Skipping extension 'colcon_notification.desktop_notification.notify_send': Could not find 'notify-send'
[12.213s] INFO:colcon.colcon_core.plugin_system:Skipping extension 'colcon_notification.desktop_notification.terminal_notifier': Not used on non-Darwin systems
[12.213s] INFO:colcon.colcon_core.plugin_system:Skipping extension 'colcon_notification.desktop_notification.win32': Not used on non-Windows systems
[12.213s] INFO:colcon.colcon_notification.desktop_notification:Sending desktop notification using 'notify2'
[12.269s] DEBUG:colcon.colcon_core.event_reactor:joined thread
[12.270s] INFO:colcon.colcon_core.shell:Creating prefix script '/home/kirill/Desktop/robotics/lab4/ex02/morkovka/install/local_setup.ps1'
[12.276s] INFO:colcon.colcon_core.shell:Creating prefix util module '/home/kirill/Desktop/robotics/lab4/ex02/morkovka/install/_local_setup_util_ps1.py'
[12.339s] INFO:colcon.colcon_core.shell:Creating prefix chain script '/home/kirill/Desktop/robotics/lab4/ex02/morkovka/install/setup.ps1'
[12.350s] INFO:colcon.colcon_core.shell:Creating prefix script '/home/kirill/Desktop/robotics/lab4/ex02/morkovka/install/local_setup.sh'
[12.353s] INFO:colcon.colcon_core.shell:Creating prefix util module '/home/kirill/Desktop/robotics/lab4/ex02/morkovka/install/_local_setup_util_sh.py'
[12.354s] INFO:colcon.colcon_core.shell:Creating prefix chain script '/home/kirill/Desktop/robotics/lab4/ex02/morkovka/install/setup.sh'
[12.359s] INFO:colcon.colcon_core.shell:Creating prefix script '/home/kirill/Desktop/robotics/lab4/ex02/morkovka/install/local_setup.bash'
[12.361s] INFO:colcon.colcon_core.shell:Creating prefix chain script '/home/kirill/Desktop/robotics/lab4/ex02/morkovka/install/setup.bash'
[12.365s] INFO:colcon.colcon_core.shell:Creating prefix script '/home/kirill/Desktop/robotics/lab4/ex02/morkovka/install/local_setup.zsh'
[12.368s] INFO:colcon.colcon_core.shell:Creating prefix chain script '/home/kirill/Desktop/robotics/lab4/ex02/morkovka/install/setup.zsh'
