[1.373s] Invoking command in '/home/kirill/Desktop/robotics/lab4/ex03/tormoz': PYTHONPATH=/home/kirill/Desktop/robotics/lab4/ex03/build/tormoz/prefix_override:/usr/lib/python3/dist-packages/colcon_core/task/python/colcon_distutils_commands:/home/kirill/Desktop/robotics/lab4/ex03/install/tormoz/lib/python3.10/site-packages:${PYTHONPATH} /usr/bin/python3 -W ignore:setup.py install is deprecated setup.py egg_info --egg-base ../build/tormoz build --build-base /home/kirill/Desktop/robotics/lab4/ex03/build/tormoz/build install --record /home/kirill/Desktop/robotics/lab4/ex03/build/tormoz/install.log --single-version-externally-managed install_data
[1.846s] running egg_info
[1.847s] writing ../build/tormoz/tormoz.egg-info/PKG-INFO
[1.875s] writing dependency_links to ../build/tormoz/tormoz.egg-info/dependency_links.txt
[1.875s] writing entry points to ../build/tormoz/tormoz.egg-info/entry_points.txt
[1.876s] writing requirements to ../build/tormoz/tormoz.egg-info/requires.txt
[1.876s] writing top-level names to ../build/tormoz/tormoz.egg-info/top_level.txt
[1.879s] reading manifest file '../build/tormoz/tormoz.egg-info/SOURCES.txt'
[1.881s] writing manifest file '../build/tormoz/tormoz.egg-info/SOURCES.txt'
[1.881s] running build
[1.881s] running build_py
[1.881s] copying tormoz/turtle_tf2_listener.py -> /home/kirill/Desktop/robotics/lab4/ex03/build/tormoz/build/lib/tormoz
[1.882s] running install
[1.883s] running install_lib
[1.885s] copying /home/kirill/Desktop/robotics/lab4/ex03/build/tormoz/build/lib/tormoz/turtle_tf2_listener.py -> /home/kirill/Desktop/robotics/lab4/ex03/install/tormoz/lib/python3.10/site-packages/tormoz
[1.886s] byte-compiling /home/kirill/Desktop/robotics/lab4/ex03/install/tormoz/lib/python3.10/site-packages/tormoz/turtle_tf2_listener.py to turtle_tf2_listener.cpython-310.pyc
[1.888s] running install_data
[1.889s] running install_egg_info
[1.893s] removing '/home/kirill/Desktop/robotics/lab4/ex03/install/tormoz/lib/python3.10/site-packages/tormoz-0.0.0-py3.10.egg-info' (and everything under it)
[1.894s] Copying ../build/tormoz/tormoz.egg-info to /home/kirill/Desktop/robotics/lab4/ex03/install/tormoz/lib/python3.10/site-packages/tormoz-0.0.0-py3.10.egg-info
[1.896s] running install_scripts
[1.939s] Installing turtle_tf2_broadcaster script to /home/kirill/Desktop/robotics/lab4/ex03/install/tormoz/lib/tormoz
[1.939s] Installing turtle_tf2_listener script to /home/kirill/Desktop/robotics/lab4/ex03/install/tormoz/lib/tormoz
[1.940s] writing list of installed files to '/home/kirill/Desktop/robotics/lab4/ex03/build/tormoz/install.log'
[1.983s] Invoked command in '/home/kirill/Desktop/robotics/lab4/ex03/tormoz' returned '0': PYTHONPATH=/home/kirill/Desktop/robotics/lab4/ex03/build/tormoz/prefix_override:/usr/lib/python3/dist-packages/colcon_core/task/python/colcon_distutils_commands:/home/kirill/Desktop/robotics/lab4/ex03/install/tormoz/lib/python3.10/site-packages:${PYTHONPATH} /usr/bin/python3 -W ignore:setup.py install is deprecated setup.py egg_info --egg-base ../build/tormoz build --build-base /home/kirill/Desktop/robotics/lab4/ex03/build/tormoz/build install --record /home/kirill/Desktop/robotics/lab4/ex03/build/tormoz/install.log --single-version-externally-managed install_data
