[1.419s] Invoking command in '/home/kirill/Desktop/robotics/lab4/ex03/tormoz': PYTHONPATH=/home/kirill/Desktop/robotics/lab4/ex03/build/tormoz/prefix_override:/usr/lib/python3/dist-packages/colcon_core/task/python/colcon_distutils_commands:/home/kirill/Desktop/robotics/lab4/ex03/install/tormoz/lib/python3.10/site-packages:${PYTHONPATH} /usr/bin/python3 -W ignore:setup.py install is deprecated setup.py egg_info --egg-base ../build/tormoz build --build-base /home/kirill/Desktop/robotics/lab4/ex03/build/tormoz/build install --record /home/kirill/Desktop/robotics/lab4/ex03/build/tormoz/install.log --single-version-externally-managed install_data
[1.931s] running egg_info
[1.933s] writing ../build/tormoz/tormoz.egg-info/PKG-INFO
[1.933s] writing dependency_links to ../build/tormoz/tormoz.egg-info/dependency_links.txt
[1.933s] writing entry points to ../build/tormoz/tormoz.egg-info/entry_points.txt
[1.934s] writing requirements to ../build/tormoz/tormoz.egg-info/requires.txt
[1.934s] writing top-level names to ../build/tormoz/tormoz.egg-info/top_level.txt
[1.939s] reading manifest file '../build/tormoz/tormoz.egg-info/SOURCES.txt'
[1.942s] writing manifest file '../build/tormoz/tormoz.egg-info/SOURCES.txt'
[1.942s] running build
[1.943s] running build_py
[1.943s] copying tormoz/turtle_tf2_listener.py -> /home/kirill/Desktop/robotics/lab4/ex03/build/tormoz/build/lib/tormoz
[1.944s] running install
[1.946s] running install_lib
[1.947s] copying /home/kirill/Desktop/robotics/lab4/ex03/build/tormoz/build/lib/tormoz/turtle_tf2_listener.py -> /home/kirill/Desktop/robotics/lab4/ex03/install/tormoz/lib/python3.10/site-packages/tormoz
[1.948s] byte-compiling /home/kirill/Desktop/robotics/lab4/ex03/install/tormoz/lib/python3.10/site-packages/tormoz/turtle_tf2_listener.py to turtle_tf2_listener.cpython-310.pyc
[1.950s] running install_data
[1.950s] copying launch/turtle_tf2_demo.launch.py -> /home/kirill/Desktop/robotics/lab4/ex03/install/tormoz/share/tormoz/launch
[1.951s] running install_egg_info
[1.954s] removing '/home/kirill/Desktop/robotics/lab4/ex03/install/tormoz/lib/python3.10/site-packages/tormoz-0.0.0-py3.10.egg-info' (and everything under it)
[1.955s] Copying ../build/tormoz/tormoz.egg-info to /home/kirill/Desktop/robotics/lab4/ex03/install/tormoz/lib/python3.10/site-packages/tormoz-0.0.0-py3.10.egg-info
[1.957s] running install_scripts
[2.008s] Installing turtle_tf2_broadcaster script to /home/kirill/Desktop/robotics/lab4/ex03/install/tormoz/lib/tormoz
[2.008s] Installing turtle_tf2_listener script to /home/kirill/Desktop/robotics/lab4/ex03/install/tormoz/lib/tormoz
[2.009s] writing list of installed files to '/home/kirill/Desktop/robotics/lab4/ex03/build/tormoz/install.log'
[2.072s] Invoked command in '/home/kirill/Desktop/robotics/lab4/ex03/tormoz' returned '0': PYTHONPATH=/home/kirill/Desktop/robotics/lab4/ex03/build/tormoz/prefix_override:/usr/lib/python3/dist-packages/colcon_core/task/python/colcon_distutils_commands:/home/kirill/Desktop/robotics/lab4/ex03/install/tormoz/lib/python3.10/site-packages:${PYTHONPATH} /usr/bin/python3 -W ignore:setup.py install is deprecated setup.py egg_info --egg-base ../build/tormoz build --build-base /home/kirill/Desktop/robotics/lab4/ex03/build/tormoz/build install --record /home/kirill/Desktop/robotics/lab4/ex03/build/tormoz/install.log --single-version-externally-managed install_data
