[1.698s] Invoking command in '/home/kirill/Desktop/robotics/lab5/ex04/move': PYTHONPATH=/home/kirill/Desktop/robotics/lab5/ex04/build/move/prefix_override:/usr/lib/python3/dist-packages/colcon_core/task/python/colcon_distutils_commands:/home/kirill/Desktop/robotics/lab5/ex04/install/move/lib/python3.10/site-packages:${PYTHONPATH} /usr/bin/python3 -W ignore:setup.py install is deprecated setup.py egg_info --egg-base ../build/move build --build-base /home/kirill/Desktop/robotics/lab5/ex04/build/move/build install --record /home/kirill/Desktop/robotics/lab5/ex04/build/move/install.log --single-version-externally-managed install_data
[2.392s] running egg_info
[2.393s] writing ../build/move/move.egg-info/PKG-INFO
[2.393s] writing dependency_links to ../build/move/move.egg-info/dependency_links.txt
[2.394s] writing entry points to ../build/move/move.egg-info/entry_points.txt
[2.394s] writing requirements to ../build/move/move.egg-info/requires.txt
[2.394s] writing top-level names to ../build/move/move.egg-info/top_level.txt
[2.405s] reading manifest file '../build/move/move.egg-info/SOURCES.txt'
[2.407s] writing manifest file '../build/move/move.egg-info/SOURCES.txt'
[2.407s] running build
[2.408s] running build_py
[2.408s] running install
[2.408s] running install_lib
[2.410s] running install_data
[2.411s] copying launch/launch.py -> /home/kirill/Desktop/robotics/lab5/ex04/install/move/share/move/launch
[2.411s] running install_egg_info
[2.415s] removing '/home/kirill/Desktop/robotics/lab5/ex04/install/move/lib/python3.10/site-packages/move-0.0.0-py3.10.egg-info' (and everything under it)
[2.415s] Copying ../build/move/move.egg-info to /home/kirill/Desktop/robotics/lab5/ex04/install/move/lib/python3.10/site-packages/move-0.0.0-py3.10.egg-info
[2.417s] running install_scripts
[2.459s] Installing move script to /home/kirill/Desktop/robotics/lab5/ex04/install/move/lib/move
[2.460s] writing list of installed files to '/home/kirill/Desktop/robotics/lab5/ex04/build/move/install.log'
[2.501s] Invoked command in '/home/kirill/Desktop/robotics/lab5/ex04/move' returned '0': PYTHONPATH=/home/kirill/Desktop/robotics/lab5/ex04/build/move/prefix_override:/usr/lib/python3/dist-packages/colcon_core/task/python/colcon_distutils_commands:/home/kirill/Desktop/robotics/lab5/ex04/install/move/lib/python3.10/site-packages:${PYTHONPATH} /usr/bin/python3 -W ignore:setup.py install is deprecated setup.py egg_info --egg-base ../build/move build --build-base /home/kirill/Desktop/robotics/lab5/ex04/build/move/build install --record /home/kirill/Desktop/robotics/lab5/ex04/build/move/install.log --single-version-externally-managed install_data
