[1.341s] Invoking command in '/home/kirill/Desktop/robotics/lab5/ex03/lubluxodit': PYTHONPATH=/home/kirill/Desktop/robotics/lab5/ex03/build/lubluxodit/prefix_override:/usr/lib/python3/dist-packages/colcon_core/task/python/colcon_distutils_commands:/home/kirill/Desktop/robotics/lab5/ex03/install/lubluxodit/lib/python3.10/site-packages:${PYTHONPATH} /usr/bin/python3 -W ignore:setup.py install is deprecated setup.py egg_info --egg-base ../build/lubluxodit build --build-base /home/kirill/Desktop/robotics/lab5/ex03/build/lubluxodit/build install --record /home/kirill/Desktop/robotics/lab5/ex03/build/lubluxodit/install.log --single-version-externally-managed install_data
[1.890s] running egg_info
[1.891s] writing ../build/lubluxodit/lubluxodit.egg-info/PKG-INFO
[1.891s] writing dependency_links to ../build/lubluxodit/lubluxodit.egg-info/dependency_links.txt
[1.892s] writing entry points to ../build/lubluxodit/lubluxodit.egg-info/entry_points.txt
[1.892s] writing requirements to ../build/lubluxodit/lubluxodit.egg-info/requires.txt
[1.893s] writing top-level names to ../build/lubluxodit/lubluxodit.egg-info/top_level.txt
[1.896s] reading manifest file '../build/lubluxodit/lubluxodit.egg-info/SOURCES.txt'
[1.898s] writing manifest file '../build/lubluxodit/lubluxodit.egg-info/SOURCES.txt'
[1.898s] running build
[1.899s] running build_py
[1.899s] running install
[1.900s] running install_lib
[1.902s] running install_data
[1.902s] copying launch/launch.py -> /home/kirill/Desktop/robotics/lab5/ex03/install/lubluxodit/share/lubluxodit/launch
[1.903s] copying config/robot_bridge.yaml -> /home/kirill/Desktop/robotics/lab5/ex03/install/lubluxodit/share/lubluxodit/config
[1.903s] running install_egg_info
[1.907s] removing '/home/kirill/Desktop/robotics/lab5/ex03/install/lubluxodit/lib/python3.10/site-packages/lubluxodit-0.0.0-py3.10.egg-info' (and everything under it)
[1.908s] Copying ../build/lubluxodit/lubluxodit.egg-info to /home/kirill/Desktop/robotics/lab5/ex03/install/lubluxodit/lib/python3.10/site-packages/lubluxodit-0.0.0-py3.10.egg-info
[1.910s] running install_scripts
[1.960s] writing list of installed files to '/home/kirill/Desktop/robotics/lab5/ex03/build/lubluxodit/install.log'
[2.005s] Invoked command in '/home/kirill/Desktop/robotics/lab5/ex03/lubluxodit' returned '0': PYTHONPATH=/home/kirill/Desktop/robotics/lab5/ex03/build/lubluxodit/prefix_override:/usr/lib/python3/dist-packages/colcon_core/task/python/colcon_distutils_commands:/home/kirill/Desktop/robotics/lab5/ex03/install/lubluxodit/lib/python3.10/site-packages:${PYTHONPATH} /usr/bin/python3 -W ignore:setup.py install is deprecated setup.py egg_info --egg-base ../build/lubluxodit build --build-base /home/kirill/Desktop/robotics/lab5/ex03/build/lubluxodit/build install --record /home/kirill/Desktop/robotics/lab5/ex03/build/lubluxodit/install.log --single-version-externally-managed install_data
