[0.041s] Invoking command in '/home/kirill/Desktop/robotics/lab5/ex01/build/sam_bot_description': CMAKE_PREFIX_PATH=/opt/ros/humble /usr/bin/cmake /home/kirill/Desktop/robotics/lab5/ex01/sam_bot_description -DCMAKE_INSTALL_PREFIX=/home/kirill/Desktop/robotics/lab5/ex01/install/sam_bot_description
[2.272s] -- The C compiler identification is GNU 11.4.0
[3.484s] -- The CXX compiler identification is GNU 11.4.0
[3.658s] -- Detecting C compiler ABI info
[4.148s] -- Detecting C compiler ABI info - done
[4.175s] -- Check for working C compiler: /usr/bin/cc - skipped
[4.176s] -- Detecting C compile features
[4.202s] -- Detecting C compile features - done
[4.245s] -- Detecting CXX compiler ABI info
[4.520s] -- Detecting CXX compiler ABI info - done
[4.542s] -- Check for working CXX compiler: /usr/bin/c++ - skipped
[4.543s] -- Detecting CXX compile features
[4.545s] -- Detecting CXX compile features - done
[4.611s] -- Found ament_cmake: 1.3.10 (/opt/ros/humble/share/ament_cmake/cmake)
[5.145s] -- Found Python3: /usr/bin/python3 (found version "3.10.12") found components: Interpreter 
[5.620s] -- Found ament_lint_auto: 0.12.11 (/opt/ros/humble/share/ament_lint_auto/cmake)
[6.125s] -- Added test 'lint_cmake' to check CMake code style
[6.148s] -- Added test 'xmllint' to check XML markup files
[6.187s] -- Configuring done
[6.203s] -- Generating done
[6.209s] -- Build files have been written to: /home/kirill/Desktop/robotics/lab5/ex01/build/sam_bot_description
[6.222s] Invoked command in '/home/kirill/Desktop/robotics/lab5/ex01/build/sam_bot_description' returned '0': CMAKE_PREFIX_PATH=/opt/ros/humble /usr/bin/cmake /home/kirill/Desktop/robotics/lab5/ex01/sam_bot_description -DCMAKE_INSTALL_PREFIX=/home/kirill/Desktop/robotics/lab5/ex01/install/sam_bot_description
[6.232s] Invoking command in '/home/kirill/Desktop/robotics/lab5/ex01/build/sam_bot_description': CMAKE_PREFIX_PATH=/opt/ros/humble /usr/bin/cmake --build /home/kirill/Desktop/robotics/lab5/ex01/build/sam_bot_description -- -j4 -l4
[6.306s] Invoked command in '/home/kirill/Desktop/robotics/lab5/ex01/build/sam_bot_description' returned '0': CMAKE_PREFIX_PATH=/opt/ros/humble /usr/bin/cmake --build /home/kirill/Desktop/robotics/lab5/ex01/build/sam_bot_description -- -j4 -l4
[6.354s] Invoking command in '/home/kirill/Desktop/robotics/lab5/ex01/build/sam_bot_description': CMAKE_PREFIX_PATH=/opt/ros/humble /usr/bin/cmake --install /home/kirill/Desktop/robotics/lab5/ex01/build/sam_bot_description
[6.369s] -- Install configuration: ""
[6.370s] -- Installing: /home/kirill/Desktop/robotics/lab5/ex01/install/sam_bot_description/share/ament_index/resource_index/package_run_dependencies/sam_bot_description
[6.370s] -- Installing: /home/kirill/Desktop/robotics/lab5/ex01/install/sam_bot_description/share/ament_index/resource_index/parent_prefix_path/sam_bot_description
[6.370s] -- Installing: /home/kirill/Desktop/robotics/lab5/ex01/install/sam_bot_description/share/sam_bot_description/environment/ament_prefix_path.sh
[6.371s] -- Installing: /home/kirill/Desktop/robotics/lab5/ex01/install/sam_bot_description/share/sam_bot_description/environment/ament_prefix_path.dsv
[6.371s] -- Installing: /home/kirill/Desktop/robotics/lab5/ex01/install/sam_bot_description/share/sam_bot_description/environment/path.sh
[6.371s] -- Installing: /home/kirill/Desktop/robotics/lab5/ex01/install/sam_bot_description/share/sam_bot_description/environment/path.dsv
[6.371s] -- Installing: /home/kirill/Desktop/robotics/lab5/ex01/install/sam_bot_description/share/sam_bot_description/local_setup.bash
[6.372s] -- Installing: /home/kirill/Desktop/robotics/lab5/ex01/install/sam_bot_description/share/sam_bot_description/local_setup.sh
[6.372s] -- Installing: /home/kirill/Desktop/robotics/lab5/ex01/install/sam_bot_description/share/sam_bot_description/local_setup.zsh
[6.373s] -- Installing: /home/kirill/Desktop/robotics/lab5/ex01/install/sam_bot_description/share/sam_bot_description/local_setup.dsv
[6.373s] -- Installing: /home/kirill/Desktop/robotics/lab5/ex01/install/sam_bot_description/share/sam_bot_description/package.dsv
[6.373s] -- Installing: /home/kirill/Desktop/robotics/lab5/ex01/install/sam_bot_description/share/ament_index/resource_index/packages/sam_bot_description
[6.374s] -- Installing: /home/kirill/Desktop/robotics/lab5/ex01/install/sam_bot_description/share/sam_bot_description/cmake/sam_bot_descriptionConfig.cmake
[6.374s] -- Installing: /home/kirill/Desktop/robotics/lab5/ex01/install/sam_bot_description/share/sam_bot_description/cmake/sam_bot_descriptionConfig-version.cmake
[6.375s] -- Installing: /home/kirill/Desktop/robotics/lab5/ex01/install/sam_bot_description/share/sam_bot_description/package.xml
[6.379s] Invoked command in '/home/kirill/Desktop/robotics/lab5/ex01/build/sam_bot_description' returned '0': CMAKE_PREFIX_PATH=/opt/ros/humble /usr/bin/cmake --install /home/kirill/Desktop/robotics/lab5/ex01/build/sam_bot_description
